<?xml version="1.0" encoding="UTF-8"?>
<!-- Generated by org.testng.reporters.JUnitXMLReporter -->
<testsuite hostname="jurman-HP-Compaq-8200-Elite-CMT-PC" ignored="0" name="Default test" tests="759" failures="105" timestamp="10 May 2019 05:42:09 GMT" time="1.029" errors="0">
  <testcase name="testMultiProcessing" time="0.048" classname="swisseph.TestMultithread"/>
  <testcase name="testMultiProcessing" time="0.049" classname="swisseph.TestMultithread"/>
  <testcase name="testMultiProcessing" time="0.049" classname="swisseph.TestMultithread"/>
  <testcase name="testMultiProcessing" time="0.048" classname="swisseph.TestMultithread"/>
  <testcase name="testMultiProcessing" time="0.054" classname="swisseph.TestMultithread">
    <failure type="java.lang.NullPointerException">
      <![CDATA[java.lang.NullPointerException
at swisseph.FileData.get_new_segment(FileData.java:772)
at swisseph.SwissEph.sweph(SwissEph.java:4323)
at swisseph.SwissEph.sweplan(SwissEph.java:3894)
at swisseph.SwissEph.sweph_moon(SwissEph.java:3481)
at swisseph.SwissEph.swecalc(SwissEph.java:2949)
at swisseph.SwissEph._calc(SwissEph.java:420)
at swisseph.SwissEph.swe_calc(SwissEph.java:318)
at swisseph.SweDate.setGlobalTidalAcc(SweDate.java:946)
at swisseph.SweDate.swi_set_tid_acc(SweDate.java:892)
at swisseph.SwissEph.swe_calc_ut(SwissEph.java:271)
at swisseph.TestMultithread.testMultiProcessing(TestMultithread.java:47)
at sun.reflect.NativeMethodAccessorImpl.invoke0(Native Method)
at sun.reflect.NativeMethodAccessorImpl.invoke(NativeMethodAccessorImpl.java:62)
at sun.reflect.DelegatingMethodAccessorImpl.invoke(DelegatingMethodAccessorImpl.java:43)
at java.lang.reflect.Method.invoke(Method.java:498)
at org.testng.internal.MethodInvocationHelper.invokeMethod(MethodInvocationHelper.java:124)
at org.testng.internal.InvokeMethodRunnable.runOne(InvokeMethodRunnable.java:54)
at org.testng.internal.InvokeMethodRunnable.run(InvokeMethodRunnable.java:44)
at org.testng.internal.MethodInvocationHelper.invokeWithTimeoutWithNoExecutor(MethodInvocationHelper.java:278)
at org.testng.internal.MethodInvocationHelper.invokeWithTimeout(MethodInvocationHelper.java:265)
at org.testng.internal.Invoker.invokeMethod(Invoker.java:589)
at org.testng.internal.Invoker.invokeTestMethod(Invoker.java:719)
at org.testng.internal.Invoker.invokeTestMethods(Invoker.java:989)
at org.testng.internal.TestMethodWorker.invokeTestMethods(TestMethodWorker.java:125)
at org.testng.internal.TestMethodWorker.run(TestMethodWorker.java:109)
at org.testng.internal.thread.ThreadUtil$1.call(ThreadUtil.java:52)
at java.util.concurrent.FutureTask.run(FutureTask.java:266)
at java.util.concurrent.ThreadPoolExecutor.runWorker(ThreadPoolExecutor.java:1149)
at java.util.concurrent.ThreadPoolExecutor$Worker.run(ThreadPoolExecutor.java:624)
at java.lang.Thread.run(Thread.java:748)
]]>
    </failure>
  </testcase> <!-- testMultiProcessing -->
  <testcase name="testMultiProcessing" time="0.054" classname="swisseph.TestMultithread"/>
  <testcase name="testMultiProcessing" time="0.054" classname="swisseph.TestMultithread"/>
  <testcase name="testMultiProcessing" time="0.057" classname="swisseph.TestMultithread"/>
  <testcase name="testMultiProcessing" time="0.057" classname="swisseph.TestMultithread"/>
  <testcase name="testMultiProcessing" time="0.058" classname="swisseph.TestMultithread"/>
  <testcase name="testMultiProcessing" time="0.011" classname="swisseph.TestMultithread"/>
  <testcase name="testMultiProcessing" time="0.005" classname="swisseph.TestMultithread"/>
  <testcase name="testMultiProcessing" time="0.003" classname="swisseph.TestMultithread"/>
  <testcase name="testMultiProcessing" time="0.007" classname="swisseph.TestMultithread"/>
  <testcase name="testMultiProcessing" time="0.017" classname="swisseph.TestMultithread"/>
  <testcase name="testMultiProcessing" time="0.01" classname="swisseph.TestMultithread"/>
  <testcase name="testMultiProcessing" time="0.002" classname="swisseph.TestMultithread">
    <failure type="java.lang.NullPointerException">
      <![CDATA[java.lang.NullPointerException
at swisseph.FileData.get_new_segment(FileData.java:772)
at swisseph.SwissEph.sweph(SwissEph.java:4323)
at swisseph.SwissEph.sweplan(SwissEph.java:3872)
at swisseph.SwissEph.sweph_moon(SwissEph.java:3481)
at swisseph.SwissEph.swecalc(SwissEph.java:2949)
at swisseph.SwissEph._calc(SwissEph.java:420)
at swisseph.SwissEph.swe_calc(SwissEph.java:318)
at swisseph.SweDate.setGlobalTidalAcc(SweDate.java:946)
at swisseph.SweDate.swi_set_tid_acc(SweDate.java:892)
at swisseph.SwissEph.swe_calc_ut(SwissEph.java:271)
at swisseph.TestMultithread.testMultiProcessing(TestMultithread.java:47)
at sun.reflect.GeneratedMethodAccessor1.invoke(Unknown Source)
at sun.reflect.DelegatingMethodAccessorImpl.invoke(DelegatingMethodAccessorImpl.java:43)
at java.lang.reflect.Method.invoke(Method.java:498)
at org.testng.internal.MethodInvocationHelper.invokeMethod(MethodInvocationHelper.java:124)
at org.testng.internal.InvokeMethodRunnable.runOne(InvokeMethodRunnable.java:54)
at org.testng.internal.InvokeMethodRunnable.run(InvokeMethodRunnable.java:44)
at org.testng.internal.MethodInvocationHelper.invokeWithTimeoutWithNoExecutor(MethodInvocationHelper.java:278)
at org.testng.internal.MethodInvocationHelper.invokeWithTimeout(MethodInvocationHelper.java:265)
at org.testng.internal.Invoker.invokeMethod(Invoker.java:589)
at org.testng.internal.Invoker.invokeTestMethod(Invoker.java:719)
at org.testng.internal.Invoker.invokeTestMethods(Invoker.java:989)
at org.testng.internal.TestMethodWorker.invokeTestMethods(TestMethodWorker.java:125)
at org.testng.internal.TestMethodWorker.run(TestMethodWorker.java:109)
at org.testng.internal.thread.ThreadUtil$1.call(ThreadUtil.java:52)
at java.util.concurrent.FutureTask.run(FutureTask.java:266)
at java.util.concurrent.ThreadPoolExecutor.runWorker(ThreadPoolExecutor.java:1149)
at java.util.concurrent.ThreadPoolExecutor$Worker.run(ThreadPoolExecutor.java:624)
at java.lang.Thread.run(Thread.java:748)
]]>
    </failure>
  </testcase> <!-- testMultiProcessing -->
  <testcase name="testMultiProcessing" time="0.004" classname="swisseph.TestMultithread">
    <failure type="java.lang.NullPointerException">
      <![CDATA[java.lang.NullPointerException
at swisseph.FileData.get_new_segment(FileData.java:772)
at swisseph.SwissEph.sweph(SwissEph.java:4323)
at swisseph.SwissEph.sweplan(SwissEph.java:3872)
at swisseph.SwissEph.sweph_moon(SwissEph.java:3481)
at swisseph.SwissEph.swecalc(SwissEph.java:2949)
at swisseph.SwissEph._calc(SwissEph.java:420)
at swisseph.SwissEph.swe_calc(SwissEph.java:318)
at swisseph.SweDate.setGlobalTidalAcc(SweDate.java:946)
at swisseph.SweDate.swi_set_tid_acc(SweDate.java:892)
at swisseph.SwissEph.swe_calc_ut(SwissEph.java:271)
at swisseph.TestMultithread.testMultiProcessing(TestMultithread.java:47)
at sun.reflect.GeneratedMethodAccessor1.invoke(Unknown Source)
at sun.reflect.DelegatingMethodAccessorImpl.invoke(DelegatingMethodAccessorImpl.java:43)
at java.lang.reflect.Method.invoke(Method.java:498)
at org.testng.internal.MethodInvocationHelper.invokeMethod(MethodInvocationHelper.java:124)
at org.testng.internal.InvokeMethodRunnable.runOne(InvokeMethodRunnable.java:54)
at org.testng.internal.InvokeMethodRunnable.run(InvokeMethodRunnable.java:44)
at org.testng.internal.MethodInvocationHelper.invokeWithTimeoutWithNoExecutor(MethodInvocationHelper.java:278)
at org.testng.internal.MethodInvocationHelper.invokeWithTimeout(MethodInvocationHelper.java:265)
at org.testng.internal.Invoker.invokeMethod(Invoker.java:589)
at org.testng.internal.Invoker.invokeTestMethod(Invoker.java:719)
at org.testng.internal.Invoker.invokeTestMethods(Invoker.java:989)
at org.testng.internal.TestMethodWorker.invokeTestMethods(TestMethodWorker.java:125)
at org.testng.internal.TestMethodWorker.run(TestMethodWorker.java:109)
at org.testng.internal.thread.ThreadUtil$1.call(ThreadUtil.java:52)
at java.util.concurrent.FutureTask.run(FutureTask.java:266)
at java.util.concurrent.ThreadPoolExecutor.runWorker(ThreadPoolExecutor.java:1149)
at java.util.concurrent.ThreadPoolExecutor$Worker.run(ThreadPoolExecutor.java:624)
at java.lang.Thread.run(Thread.java:748)
]]>
    </failure>
  </testcase> <!-- testMultiProcessing -->
  <testcase name="testMultiProcessing" time="0.006" classname="swisseph.TestMultithread"/>
  <testcase name="testMultiProcessing" time="0.007" classname="swisseph.TestMultithread">
    <failure type="java.lang.AssertionError">
      <![CDATA[java.lang.AssertionError
at org.junit.Assert.fail(Assert.java:86)
at org.junit.Assert.assertTrue(Assert.java:41)
at org.junit.Assert.assertTrue(Assert.java:52)
at swisseph.TestMultithread.testMultiProcessing(TestMultithread.java:74)
at sun.reflect.GeneratedMethodAccessor1.invoke(Unknown Source)
at sun.reflect.DelegatingMethodAccessorImpl.invoke(DelegatingMethodAccessorImpl.java:43)
at java.lang.reflect.Method.invoke(Method.java:498)
at org.testng.internal.MethodInvocationHelper.invokeMethod(MethodInvocationHelper.java:124)
at org.testng.internal.InvokeMethodRunnable.runOne(InvokeMethodRunnable.java:54)
at org.testng.internal.InvokeMethodRunnable.run(InvokeMethodRunnable.java:44)
at org.testng.internal.MethodInvocationHelper.invokeWithTimeoutWithNoExecutor(MethodInvocationHelper.java:278)
at org.testng.internal.MethodInvocationHelper.invokeWithTimeout(MethodInvocationHelper.java:265)
at org.testng.internal.Invoker.invokeMethod(Invoker.java:589)
at org.testng.internal.Invoker.invokeTestMethod(Invoker.java:719)
at org.testng.internal.Invoker.invokeTestMethods(Invoker.java:989)
at org.testng.internal.TestMethodWorker.invokeTestMethods(TestMethodWorker.java:125)
at org.testng.internal.TestMethodWorker.run(TestMethodWorker.java:109)
at org.testng.internal.thread.ThreadUtil$1.call(ThreadUtil.java:52)
at java.util.concurrent.FutureTask.run(FutureTask.java:266)
at java.util.concurrent.ThreadPoolExecutor.runWorker(ThreadPoolExecutor.java:1149)
at java.util.concurrent.ThreadPoolExecutor$Worker.run(ThreadPoolExecutor.java:624)
at java.lang.Thread.run(Thread.java:748)
]]>
    </failure>
  </testcase> <!-- testMultiProcessing -->
  <testcase name="testMultiProcessing" time="0.003" classname="swisseph.TestMultithread"/>
  <testcase name="testMultiProcessing" time="0.002" classname="swisseph.TestMultithread"/>
  <testcase name="testMultiProcessing" time="0.014" classname="swisseph.TestMultithread"/>
  <testcase name="testMultiProcessing" time="0.002" classname="swisseph.TestMultithread"/>
  <testcase name="testMultiProcessing" time="0.002" classname="swisseph.TestMultithread"/>
  <testcase name="testMultiProcessing" time="0.004" classname="swisseph.TestMultithread"/>
  <testcase name="testMultiProcessing" time="0.013" classname="swisseph.TestMultithread"/>
  <testcase name="testMultiProcessing" time="0.01" classname="swisseph.TestMultithread"/>
  <testcase name="testMultiProcessing" time="0.002" classname="swisseph.TestMultithread"/>
  <testcase name="testMultiProcessing" time="0.002" classname="swisseph.TestMultithread"/>
  <testcase name="testMultiProcessing" time="0.001" classname="swisseph.TestMultithread"/>
  <testcase name="testMultiProcessing" time="0.002" classname="swisseph.TestMultithread"/>
  <testcase name="testMultiProcessing" time="0.002" classname="swisseph.TestMultithread"/>
  <testcase name="testMultiProcessing" time="0.001" classname="swisseph.TestMultithread"/>
  <testcase name="testMultiProcessing" time="0.001" classname="swisseph.TestMultithread"/>
  <testcase name="testMultiProcessing" time="0.002" classname="swisseph.TestMultithread"/>
  <testcase name="testMultiProcessing" time="0.007" classname="swisseph.TestMultithread"/>
  <testcase name="testMultiProcessing" time="0.002" classname="swisseph.TestMultithread"/>
  <testcase name="testMultiProcessing" time="0.004" classname="swisseph.TestMultithread"/>
  <testcase name="testMultiProcessing" time="0.055" classname="swisseph.TestMultithread">
    <failure type="java.lang.AssertionError">
      <![CDATA[java.lang.AssertionError
at org.junit.Assert.fail(Assert.java:86)
at org.junit.Assert.assertTrue(Assert.java:41)
at org.junit.Assert.assertTrue(Assert.java:52)
at swisseph.TestMultithread.testMultiProcessing(TestMultithread.java:74)
at sun.reflect.GeneratedMethodAccessor1.invoke(Unknown Source)
at sun.reflect.DelegatingMethodAccessorImpl.invoke(DelegatingMethodAccessorImpl.java:43)
at java.lang.reflect.Method.invoke(Method.java:498)
at org.testng.internal.MethodInvocationHelper.invokeMethod(MethodInvocationHelper.java:124)
at org.testng.internal.InvokeMethodRunnable.runOne(InvokeMethodRunnable.java:54)
at org.testng.internal.InvokeMethodRunnable.run(InvokeMethodRunnable.java:44)
at org.testng.internal.MethodInvocationHelper.invokeWithTimeoutWithNoExecutor(MethodInvocationHelper.java:278)
at org.testng.internal.MethodInvocationHelper.invokeWithTimeout(MethodInvocationHelper.java:265)
at org.testng.internal.Invoker.invokeMethod(Invoker.java:589)
at org.testng.internal.Invoker.invokeTestMethod(Invoker.java:719)
at org.testng.internal.Invoker.invokeTestMethods(Invoker.java:989)
at org.testng.internal.TestMethodWorker.invokeTestMethods(TestMethodWorker.java:125)
at org.testng.internal.TestMethodWorker.run(TestMethodWorker.java:109)
at org.testng.internal.thread.ThreadUtil$1.call(ThreadUtil.java:52)
at java.util.concurrent.FutureTask.run(FutureTask.java:266)
at java.util.concurrent.ThreadPoolExecutor.runWorker(ThreadPoolExecutor.java:1149)
at java.util.concurrent.ThreadPoolExecutor$Worker.run(ThreadPoolExecutor.java:624)
at java.lang.Thread.run(Thread.java:748)
]]>
    </failure>
  </testcase> <!-- testMultiProcessing -->
  <testcase name="testMultiProcessing" time="0.01" classname="swisseph.TestMultithread">
    <failure type="java.lang.NullPointerException">
      <![CDATA[java.lang.NullPointerException
at swisseph.FileData.get_new_segment(FileData.java:772)
at swisseph.SwissEph.sweph(SwissEph.java:4323)
at swisseph.SwissEph.sweplan(SwissEph.java:3872)
at swisseph.SwissEph.sweph_moon(SwissEph.java:3481)
at swisseph.SwissEph.swecalc(SwissEph.java:2949)
at swisseph.SwissEph._calc(SwissEph.java:420)
at swisseph.SwissEph.swe_calc(SwissEph.java:318)
at swisseph.SweDate.setGlobalTidalAcc(SweDate.java:946)
at swisseph.SweDate.swi_set_tid_acc(SweDate.java:892)
at swisseph.SwissEph.swe_calc_ut(SwissEph.java:271)
at swisseph.TestMultithread.testMultiProcessing(TestMultithread.java:47)
at sun.reflect.GeneratedMethodAccessor1.invoke(Unknown Source)
at sun.reflect.DelegatingMethodAccessorImpl.invoke(DelegatingMethodAccessorImpl.java:43)
at java.lang.reflect.Method.invoke(Method.java:498)
at org.testng.internal.MethodInvocationHelper.invokeMethod(MethodInvocationHelper.java:124)
at org.testng.internal.InvokeMethodRunnable.runOne(InvokeMethodRunnable.java:54)
at org.testng.internal.InvokeMethodRunnable.run(InvokeMethodRunnable.java:44)
at org.testng.internal.MethodInvocationHelper.invokeWithTimeoutWithNoExecutor(MethodInvocationHelper.java:278)
at org.testng.internal.MethodInvocationHelper.invokeWithTimeout(MethodInvocationHelper.java:265)
at org.testng.internal.Invoker.invokeMethod(Invoker.java:589)
at org.testng.internal.Invoker.invokeTestMethod(Invoker.java:719)
at org.testng.internal.Invoker.invokeTestMethods(Invoker.java:989)
at org.testng.internal.TestMethodWorker.invokeTestMethods(TestMethodWorker.java:125)
at org.testng.internal.TestMethodWorker.run(TestMethodWorker.java:109)
at org.testng.internal.thread.ThreadUtil$1.call(ThreadUtil.java:52)
at java.util.concurrent.FutureTask.run(FutureTask.java:266)
at java.util.concurrent.ThreadPoolExecutor.runWorker(ThreadPoolExecutor.java:1149)
at java.util.concurrent.ThreadPoolExecutor$Worker.run(ThreadPoolExecutor.java:624)
at java.lang.Thread.run(Thread.java:748)
]]>
    </failure>
  </testcase> <!-- testMultiProcessing -->
  <testcase name="testMultiProcessing" time="0.005" classname="swisseph.TestMultithread"/>
  <testcase name="testMultiProcessing" time="0.002" classname="swisseph.TestMultithread"/>
  <testcase name="testMultiProcessing" time="0.002" classname="swisseph.TestMultithread"/>
  <testcase name="testMultiProcessing" time="0.001" classname="swisseph.TestMultithread"/>
  <testcase name="testMultiProcessing" time="0.015" classname="swisseph.TestMultithread"/>
  <testcase name="testMultiProcessing" time="0.001" classname="swisseph.TestMultithread"/>
  <testcase name="testMultiProcessing" time="0.001" classname="swisseph.TestMultithread"/>
  <testcase name="testMultiProcessing" time="0.002" classname="swisseph.TestMultithread">
    <failure type="java.lang.NullPointerException">
      <![CDATA[java.lang.NullPointerException
at swisseph.FileData.get_new_segment(FileData.java:772)
at swisseph.SwissEph.sweph(SwissEph.java:4323)
at swisseph.SwissEph.sweplan(SwissEph.java:3872)
at swisseph.SwissEph.sweph_moon(SwissEph.java:3481)
at swisseph.SwissEph.swecalc(SwissEph.java:2949)
at swisseph.SwissEph._calc(SwissEph.java:420)
at swisseph.SwissEph.swe_calc(SwissEph.java:318)
at swisseph.SweDate.setGlobalTidalAcc(SweDate.java:946)
at swisseph.SweDate.swi_set_tid_acc(SweDate.java:892)
at swisseph.SwissEph.swe_calc_ut(SwissEph.java:271)
at swisseph.TestMultithread.testMultiProcessing(TestMultithread.java:47)
at sun.reflect.GeneratedMethodAccessor1.invoke(Unknown Source)
at sun.reflect.DelegatingMethodAccessorImpl.invoke(DelegatingMethodAccessorImpl.java:43)
at java.lang.reflect.Method.invoke(Method.java:498)
at org.testng.internal.MethodInvocationHelper.invokeMethod(MethodInvocationHelper.java:124)
at org.testng.internal.InvokeMethodRunnable.runOne(InvokeMethodRunnable.java:54)
at org.testng.internal.InvokeMethodRunnable.run(InvokeMethodRunnable.java:44)
at org.testng.internal.MethodInvocationHelper.invokeWithTimeoutWithNoExecutor(MethodInvocationHelper.java:278)
at org.testng.internal.MethodInvocationHelper.invokeWithTimeout(MethodInvocationHelper.java:265)
at org.testng.internal.Invoker.invokeMethod(Invoker.java:589)
at org.testng.internal.Invoker.invokeTestMethod(Invoker.java:719)
at org.testng.internal.Invoker.invokeTestMethods(Invoker.java:989)
at org.testng.internal.TestMethodWorker.invokeTestMethods(TestMethodWorker.java:125)
at org.testng.internal.TestMethodWorker.run(TestMethodWorker.java:109)
at org.testng.internal.thread.ThreadUtil$1.call(ThreadUtil.java:52)
at java.util.concurrent.FutureTask.run(FutureTask.java:266)
at java.util.concurrent.ThreadPoolExecutor.runWorker(ThreadPoolExecutor.java:1149)
at java.util.concurrent.ThreadPoolExecutor$Worker.run(ThreadPoolExecutor.java:624)
at java.lang.Thread.run(Thread.java:748)
]]>
    </failure>
  </testcase> <!-- testMultiProcessing -->
  <testcase name="testMultiProcessing" time="0.043" classname="swisseph.TestMultithread">
    <failure type="java.lang.NullPointerException">
      <![CDATA[java.lang.NullPointerException
at swisseph.FileData.get_new_segment(FileData.java:772)
at swisseph.SwissEph.sweph(SwissEph.java:4323)
at swisseph.SwissEph.sweplan(SwissEph.java:3872)
at swisseph.SwissEph.sweph_moon(SwissEph.java:3481)
at swisseph.SwissEph.swecalc(SwissEph.java:2949)
at swisseph.SwissEph._calc(SwissEph.java:420)
at swisseph.SwissEph.swe_calc(SwissEph.java:318)
at swisseph.SweDate.setGlobalTidalAcc(SweDate.java:946)
at swisseph.SweDate.swi_set_tid_acc(SweDate.java:892)
at swisseph.SwissEph.swe_calc_ut(SwissEph.java:271)
at swisseph.TestMultithread.testMultiProcessing(TestMultithread.java:47)
at sun.reflect.GeneratedMethodAccessor1.invoke(Unknown Source)
at sun.reflect.DelegatingMethodAccessorImpl.invoke(DelegatingMethodAccessorImpl.java:43)
at java.lang.reflect.Method.invoke(Method.java:498)
at org.testng.internal.MethodInvocationHelper.invokeMethod(MethodInvocationHelper.java:124)
at org.testng.internal.InvokeMethodRunnable.runOne(InvokeMethodRunnable.java:54)
at org.testng.internal.InvokeMethodRunnable.run(InvokeMethodRunnable.java:44)
at org.testng.internal.MethodInvocationHelper.invokeWithTimeoutWithNoExecutor(MethodInvocationHelper.java:278)
at org.testng.internal.MethodInvocationHelper.invokeWithTimeout(MethodInvocationHelper.java:265)
at org.testng.internal.Invoker.invokeMethod(Invoker.java:589)
at org.testng.internal.Invoker.invokeTestMethod(Invoker.java:719)
at org.testng.internal.Invoker.invokeTestMethods(Invoker.java:989)
at org.testng.internal.TestMethodWorker.invokeTestMethods(TestMethodWorker.java:125)
at org.testng.internal.TestMethodWorker.run(TestMethodWorker.java:109)
at org.testng.internal.thread.ThreadUtil$1.call(ThreadUtil.java:52)
at java.util.concurrent.FutureTask.run(FutureTask.java:266)
at java.util.concurrent.ThreadPoolExecutor.runWorker(ThreadPoolExecutor.java:1149)
at java.util.concurrent.ThreadPoolExecutor$Worker.run(ThreadPoolExecutor.java:624)
at java.lang.Thread.run(Thread.java:748)
]]>
    </failure>
  </testcase> <!-- testMultiProcessing -->
  <testcase name="testMultiProcessing" time="0.055" classname="swisseph.TestMultithread">
    <failure type="java.lang.NullPointerException">
      <![CDATA[java.lang.NullPointerException
at swisseph.FileData.get_new_segment(FileData.java:778)
at swisseph.SwissEph.sweph(SwissEph.java:4323)
at swisseph.SwissEph.sweplan(SwissEph.java:3872)
at swisseph.SwissEph.sweph_moon(SwissEph.java:3481)
at swisseph.SwissEph.swecalc(SwissEph.java:2949)
at swisseph.SwissEph._calc(SwissEph.java:420)
at swisseph.SwissEph.swe_calc(SwissEph.java:318)
at swisseph.SwissEph.swe_set_ephe_path(SwissEph.java:653)
at swisseph.SwissEph.<init>(SwissEph.java:167)
at swisseph.TestMultithread.testMultiProcessing(TestMultithread.java:36)
at sun.reflect.GeneratedMethodAccessor1.invoke(Unknown Source)
at sun.reflect.DelegatingMethodAccessorImpl.invoke(DelegatingMethodAccessorImpl.java:43)
at java.lang.reflect.Method.invoke(Method.java:498)
at org.testng.internal.MethodInvocationHelper.invokeMethod(MethodInvocationHelper.java:124)
at org.testng.internal.InvokeMethodRunnable.runOne(InvokeMethodRunnable.java:54)
at org.testng.internal.InvokeMethodRunnable.run(InvokeMethodRunnable.java:44)
at org.testng.internal.MethodInvocationHelper.invokeWithTimeoutWithNoExecutor(MethodInvocationHelper.java:278)
at org.testng.internal.MethodInvocationHelper.invokeWithTimeout(MethodInvocationHelper.java:265)
at org.testng.internal.Invoker.invokeMethod(Invoker.java:589)
at org.testng.internal.Invoker.invokeTestMethod(Invoker.java:719)
at org.testng.internal.Invoker.invokeTestMethods(Invoker.java:989)
at org.testng.internal.TestMethodWorker.invokeTestMethods(TestMethodWorker.java:125)
at org.testng.internal.TestMethodWorker.run(TestMethodWorker.java:109)
at org.testng.internal.thread.ThreadUtil$1.call(ThreadUtil.java:52)
at java.util.concurrent.FutureTask.run(FutureTask.java:266)
at java.util.concurrent.ThreadPoolExecutor.runWorker(ThreadPoolExecutor.java:1149)
at java.util.concurrent.ThreadPoolExecutor$Worker.run(ThreadPoolExecutor.java:624)
at java.lang.Thread.run(Thread.java:748)
]]>
    </failure>
  </testcase> <!-- testMultiProcessing -->
  <testcase name="testMultiProcessing" time="0.001" classname="swisseph.TestMultithread">
    <failure type="java.lang.NullPointerException">
      <![CDATA[java.lang.NullPointerException
at swisseph.FileData.get_new_segment(FileData.java:772)
at swisseph.SwissEph.sweph(SwissEph.java:4323)
at swisseph.SwissEph.sweph(SwissEph.java:4369)
at swisseph.SwissEph.sweplan(SwissEph.java:3872)
at swisseph.SwissEph.sweph_moon(SwissEph.java:3481)
at swisseph.SwissEph.swecalc(SwissEph.java:2949)
at swisseph.SwissEph._calc(SwissEph.java:420)
at swisseph.SwissEph.swe_calc(SwissEph.java:318)
at swisseph.SwissEph.swe_set_ephe_path(SwissEph.java:653)
at swisseph.SwissEph.<init>(SwissEph.java:167)
at swisseph.TestMultithread.testMultiProcessing(TestMultithread.java:36)
at sun.reflect.GeneratedMethodAccessor1.invoke(Unknown Source)
at sun.reflect.DelegatingMethodAccessorImpl.invoke(DelegatingMethodAccessorImpl.java:43)
at java.lang.reflect.Method.invoke(Method.java:498)
at org.testng.internal.MethodInvocationHelper.invokeMethod(MethodInvocationHelper.java:124)
at org.testng.internal.InvokeMethodRunnable.runOne(InvokeMethodRunnable.java:54)
at org.testng.internal.InvokeMethodRunnable.run(InvokeMethodRunnable.java:44)
at org.testng.internal.MethodInvocationHelper.invokeWithTimeoutWithNoExecutor(MethodInvocationHelper.java:278)
at org.testng.internal.MethodInvocationHelper.invokeWithTimeout(MethodInvocationHelper.java:265)
at org.testng.internal.Invoker.invokeMethod(Invoker.java:589)
at org.testng.internal.Invoker.invokeTestMethod(Invoker.java:719)
at org.testng.internal.Invoker.invokeTestMethods(Invoker.java:989)
at org.testng.internal.TestMethodWorker.invokeTestMethods(TestMethodWorker.java:125)
at org.testng.internal.TestMethodWorker.run(TestMethodWorker.java:109)
at org.testng.internal.thread.ThreadUtil$1.call(ThreadUtil.java:52)
at java.util.concurrent.FutureTask.run(FutureTask.java:266)
at java.util.concurrent.ThreadPoolExecutor.runWorker(ThreadPoolExecutor.java:1149)
at java.util.concurrent.ThreadPoolExecutor$Worker.run(ThreadPoolExecutor.java:624)
at java.lang.Thread.run(Thread.java:748)
]]>
    </failure>
  </testcase> <!-- testMultiProcessing -->
  <testcase name="testMultiProcessing" time="0.002" classname="swisseph.TestMultithread"/>
  <testcase name="testMultiProcessing" time="0.006" classname="swisseph.TestMultithread"/>
  <testcase name="testMultiProcessing" time="0.005" classname="swisseph.TestMultithread"/>
  <testcase name="testMultiProcessing" time="0.025" classname="swisseph.TestMultithread"/>
  <testcase name="testMultiProcessing" time="0.005" classname="swisseph.TestMultithread"/>
  <testcase name="testMultiProcessing" time="0.001" classname="swisseph.TestMultithread"/>
  <testcase name="testMultiProcessing" time="0.002" classname="swisseph.TestMultithread"/>
  <testcase name="testMultiProcessing" time="0.002" classname="swisseph.TestMultithread"/>
  <testcase name="testMultiProcessing" time="0.018" classname="swisseph.TestMultithread"/>
  <testcase name="testMultiProcessing" time="0.001" classname="swisseph.TestMultithread"/>
  <testcase name="testMultiProcessing" time="0.001" classname="swisseph.TestMultithread"/>
  <testcase name="testMultiProcessing" time="0.002" classname="swisseph.TestMultithread"/>
  <testcase name="testMultiProcessing" time="0.021" classname="swisseph.TestMultithread"/>
  <testcase name="testMultiProcessing" time="0.002" classname="swisseph.TestMultithread"/>
  <testcase name="testMultiProcessing" time="0.011" classname="swisseph.TestMultithread">
    <failure type="java.lang.NullPointerException">
      <![CDATA[java.lang.NullPointerException
at swisseph.FileData.get_new_segment(FileData.java:772)
at swisseph.SwissEph.sweph(SwissEph.java:4323)
at swisseph.SwissEph.sweplan(SwissEph.java:3872)
at swisseph.SwissEph.sweph_moon(SwissEph.java:3481)
at swisseph.SwissEph.swecalc(SwissEph.java:2949)
at swisseph.SwissEph._calc(SwissEph.java:420)
at swisseph.SwissEph.swe_calc(SwissEph.java:318)
at swisseph.SweDate.setGlobalTidalAcc(SweDate.java:946)
at swisseph.SweDate.swi_set_tid_acc(SweDate.java:892)
at swisseph.SwissEph.swe_calc_ut(SwissEph.java:271)
at swisseph.TestMultithread.testMultiProcessing(TestMultithread.java:47)
at sun.reflect.GeneratedMethodAccessor1.invoke(Unknown Source)
at sun.reflect.DelegatingMethodAccessorImpl.invoke(DelegatingMethodAccessorImpl.java:43)
at java.lang.reflect.Method.invoke(Method.java:498)
at org.testng.internal.MethodInvocationHelper.invokeMethod(MethodInvocationHelper.java:124)
at org.testng.internal.InvokeMethodRunnable.runOne(InvokeMethodRunnable.java:54)
at org.testng.internal.InvokeMethodRunnable.run(InvokeMethodRunnable.java:44)
at org.testng.internal.MethodInvocationHelper.invokeWithTimeoutWithNoExecutor(MethodInvocationHelper.java:278)
at org.testng.internal.MethodInvocationHelper.invokeWithTimeout(MethodInvocationHelper.java:265)
at org.testng.internal.Invoker.invokeMethod(Invoker.java:589)
at org.testng.internal.Invoker.invokeTestMethod(Invoker.java:719)
at org.testng.internal.Invoker.invokeTestMethods(Invoker.java:989)
at org.testng.internal.TestMethodWorker.invokeTestMethods(TestMethodWorker.java:125)
at org.testng.internal.TestMethodWorker.run(TestMethodWorker.java:109)
at org.testng.internal.thread.ThreadUtil$1.call(ThreadUtil.java:52)
at java.util.concurrent.FutureTask.run(FutureTask.java:266)
at java.util.concurrent.ThreadPoolExecutor.runWorker(ThreadPoolExecutor.java:1149)
at java.util.concurrent.ThreadPoolExecutor$Worker.run(ThreadPoolExecutor.java:624)
at java.lang.Thread.run(Thread.java:748)
]]>
    </failure>
  </testcase> <!-- testMultiProcessing -->
  <testcase name="testMultiProcessing" time="0.003" classname="swisseph.TestMultithread">
    <failure type="java.lang.NullPointerException">
      <![CDATA[java.lang.NullPointerException
at swisseph.FileData.get_new_segment(FileData.java:772)
at swisseph.SwissEph.sweph(SwissEph.java:4323)
at swisseph.SwissEph.sweplan(SwissEph.java:3872)
at swisseph.SwissEph.sweph_moon(SwissEph.java:3481)
at swisseph.SwissEph.swecalc(SwissEph.java:2949)
at swisseph.SwissEph._calc(SwissEph.java:420)
at swisseph.SwissEph.swe_calc(SwissEph.java:318)
at swisseph.SweDate.setGlobalTidalAcc(SweDate.java:946)
at swisseph.SweDate.swi_set_tid_acc(SweDate.java:892)
at swisseph.SwissEph.swe_calc_ut(SwissEph.java:271)
at swisseph.TestMultithread.testMultiProcessing(TestMultithread.java:47)
at sun.reflect.GeneratedMethodAccessor1.invoke(Unknown Source)
at sun.reflect.DelegatingMethodAccessorImpl.invoke(DelegatingMethodAccessorImpl.java:43)
at java.lang.reflect.Method.invoke(Method.java:498)
at org.testng.internal.MethodInvocationHelper.invokeMethod(MethodInvocationHelper.java:124)
at org.testng.internal.InvokeMethodRunnable.runOne(InvokeMethodRunnable.java:54)
at org.testng.internal.InvokeMethodRunnable.run(InvokeMethodRunnable.java:44)
at org.testng.internal.MethodInvocationHelper.invokeWithTimeoutWithNoExecutor(MethodInvocationHelper.java:278)
at org.testng.internal.MethodInvocationHelper.invokeWithTimeout(MethodInvocationHelper.java:265)
at org.testng.internal.Invoker.invokeMethod(Invoker.java:589)
at org.testng.internal.Invoker.invokeTestMethod(Invoker.java:719)
at org.testng.internal.Invoker.invokeTestMethods(Invoker.java:989)
at org.testng.internal.TestMethodWorker.invokeTestMethods(TestMethodWorker.java:125)
at org.testng.internal.TestMethodWorker.run(TestMethodWorker.java:109)
at org.testng.internal.thread.ThreadUtil$1.call(ThreadUtil.java:52)
at java.util.concurrent.FutureTask.run(FutureTask.java:266)
at java.util.concurrent.ThreadPoolExecutor.runWorker(ThreadPoolExecutor.java:1149)
at java.util.concurrent.ThreadPoolExecutor$Worker.run(ThreadPoolExecutor.java:624)
at java.lang.Thread.run(Thread.java:748)
]]>
    </failure>
  </testcase> <!-- testMultiProcessing -->
  <testcase name="testMultiProcessing" time="0.015" classname="swisseph.TestMultithread"/>
  <testcase name="testMultiProcessing" time="0.009" classname="swisseph.TestMultithread"/>
  <testcase name="testMultiProcessing" time="0.023" classname="swisseph.TestMultithread">
    <failure type="java.lang.NullPointerException">
      <![CDATA[java.lang.NullPointerException
at swisseph.FileData.get_new_segment(FileData.java:772)
at swisseph.SwissEph.sweph(SwissEph.java:4323)
at swisseph.SwissEph.sweplan(SwissEph.java:3872)
at swisseph.SwissEph.sweph_moon(SwissEph.java:3481)
at swisseph.SwissEph.swecalc(SwissEph.java:2949)
at swisseph.SwissEph._calc(SwissEph.java:420)
at swisseph.SwissEph.swe_calc(SwissEph.java:318)
at swisseph.SweDate.setGlobalTidalAcc(SweDate.java:946)
at swisseph.SweDate.swi_set_tid_acc(SweDate.java:892)
at swisseph.SwissEph.swe_calc_ut(SwissEph.java:271)
at swisseph.TestMultithread.testMultiProcessing(TestMultithread.java:47)
at sun.reflect.GeneratedMethodAccessor1.invoke(Unknown Source)
at sun.reflect.DelegatingMethodAccessorImpl.invoke(DelegatingMethodAccessorImpl.java:43)
at java.lang.reflect.Method.invoke(Method.java:498)
at org.testng.internal.MethodInvocationHelper.invokeMethod(MethodInvocationHelper.java:124)
at org.testng.internal.InvokeMethodRunnable.runOne(InvokeMethodRunnable.java:54)
at org.testng.internal.InvokeMethodRunnable.run(InvokeMethodRunnable.java:44)
at org.testng.internal.MethodInvocationHelper.invokeWithTimeoutWithNoExecutor(MethodInvocationHelper.java:278)
at org.testng.internal.MethodInvocationHelper.invokeWithTimeout(MethodInvocationHelper.java:265)
at org.testng.internal.Invoker.invokeMethod(Invoker.java:589)
at org.testng.internal.Invoker.invokeTestMethod(Invoker.java:719)
at org.testng.internal.Invoker.invokeTestMethods(Invoker.java:989)
at org.testng.internal.TestMethodWorker.invokeTestMethods(TestMethodWorker.java:125)
at org.testng.internal.TestMethodWorker.run(TestMethodWorker.java:109)
at org.testng.internal.thread.ThreadUtil$1.call(ThreadUtil.java:52)
at java.util.concurrent.FutureTask.run(FutureTask.java:266)
at java.util.concurrent.ThreadPoolExecutor.runWorker(ThreadPoolExecutor.java:1149)
at java.util.concurrent.ThreadPoolExecutor$Worker.run(ThreadPoolExecutor.java:624)
at java.lang.Thread.run(Thread.java:748)
]]>
    </failure>
  </testcase> <!-- testMultiProcessing -->
  <testcase name="testMultiProcessing" time="0.002" classname="swisseph.TestMultithread"/>
  <testcase name="testMultiProcessing" time="0.039" classname="swisseph.TestMultithread"/>
  <testcase name="testMultiProcessing" time="0.001" classname="swisseph.TestMultithread"/>
  <testcase name="testMultiProcessing" time="0.001" classname="swisseph.TestMultithread"/>
  <testcase name="testMultiProcessing" time="0.001" classname="swisseph.TestMultithread">
    <failure type="java.lang.NullPointerException">
      <![CDATA[java.lang.NullPointerException
at swisseph.FileData.get_new_segment(FileData.java:778)
at swisseph.SwissEph.sweph(SwissEph.java:4323)
at swisseph.SwissEph.sweph(SwissEph.java:4369)
at swisseph.SwissEph.sweplan(SwissEph.java:3872)
at swisseph.SwissEph.sweph_moon(SwissEph.java:3481)
at swisseph.SwissEph.swecalc(SwissEph.java:2949)
at swisseph.SwissEph._calc(SwissEph.java:420)
at swisseph.SwissEph.swe_calc(SwissEph.java:318)
at swisseph.SwissEph.swe_set_ephe_path(SwissEph.java:653)
at swisseph.SwissEph.<init>(SwissEph.java:167)
at swisseph.TestMultithread.testMultiProcessing(TestMultithread.java:36)
at sun.reflect.GeneratedMethodAccessor1.invoke(Unknown Source)
at sun.reflect.DelegatingMethodAccessorImpl.invoke(DelegatingMethodAccessorImpl.java:43)
at java.lang.reflect.Method.invoke(Method.java:498)
at org.testng.internal.MethodInvocationHelper.invokeMethod(MethodInvocationHelper.java:124)
at org.testng.internal.InvokeMethodRunnable.runOne(InvokeMethodRunnable.java:54)
at org.testng.internal.InvokeMethodRunnable.run(InvokeMethodRunnable.java:44)
at org.testng.internal.MethodInvocationHelper.invokeWithTimeoutWithNoExecutor(MethodInvocationHelper.java:278)
at org.testng.internal.MethodInvocationHelper.invokeWithTimeout(MethodInvocationHelper.java:265)
at org.testng.internal.Invoker.invokeMethod(Invoker.java:589)
at org.testng.internal.Invoker.invokeTestMethod(Invoker.java:719)
at org.testng.internal.Invoker.invokeTestMethods(Invoker.java:989)
at org.testng.internal.TestMethodWorker.invokeTestMethods(TestMethodWorker.java:125)
at org.testng.internal.TestMethodWorker.run(TestMethodWorker.java:109)
at org.testng.internal.thread.ThreadUtil$1.call(ThreadUtil.java:52)
at java.util.concurrent.FutureTask.run(FutureTask.java:266)
at java.util.concurrent.ThreadPoolExecutor.runWorker(ThreadPoolExecutor.java:1149)
at java.util.concurrent.ThreadPoolExecutor$Worker.run(ThreadPoolExecutor.java:624)
at java.lang.Thread.run(Thread.java:748)
]]>
    </failure>
  </testcase> <!-- testMultiProcessing -->
  <testcase name="testMultiProcessing" time="0.001" classname="swisseph.TestMultithread"/>
  <testcase name="testMultiProcessing" time="0.014" classname="swisseph.TestMultithread"/>
  <testcase name="testMultiProcessing" time="0.003" classname="swisseph.TestMultithread"/>
  <testcase name="testMultiProcessing" time="0.001" classname="swisseph.TestMultithread"/>
  <testcase name="testMultiProcessing" time="0.004" classname="swisseph.TestMultithread"/>
  <testcase name="testMultiProcessing" time="0.006" classname="swisseph.TestMultithread"/>
  <testcase name="testMultiProcessing" time="0.019" classname="swisseph.TestMultithread"/>
  <testcase name="testMultiProcessing" time="0.012" classname="swisseph.TestMultithread"/>
  <testcase name="testMultiProcessing" time="0.002" classname="swisseph.TestMultithread"/>
  <testcase name="testMultiProcessing" time="0.004" classname="swisseph.TestMultithread"/>
  <testcase name="testMultiProcessing" time="0.004" classname="swisseph.TestMultithread"/>
  <testcase name="testMultiProcessing" time="0.021" classname="swisseph.TestMultithread"/>
  <testcase name="testMultiProcessing" time="0.021" classname="swisseph.TestMultithread"/>
  <testcase name="testMultiProcessing" time="0.002" classname="swisseph.TestMultithread"/>
  <testcase name="testMultiProcessing" time="0.002" classname="swisseph.TestMultithread"/>
  <testcase name="testMultiProcessing" time="0.001" classname="swisseph.TestMultithread"/>
  <testcase name="testMultiProcessing" time="0.002" classname="swisseph.TestMultithread"/>
  <testcase name="testMultiProcessing" time="0.001" classname="swisseph.TestMultithread"/>
  <testcase name="testMultiProcessing" time="0.003" classname="swisseph.TestMultithread"/>
  <testcase name="testMultiProcessing" time="0.001" classname="swisseph.TestMultithread"/>
  <testcase name="testMultiProcessing" time="0.001" classname="swisseph.TestMultithread"/>
  <testcase name="testMultiProcessing" time="0.02" classname="swisseph.TestMultithread"/>
  <testcase name="testMultiProcessing" time="0.001" classname="swisseph.TestMultithread"/>
  <testcase name="testMultiProcessing" time="0.015" classname="swisseph.TestMultithread"/>
  <testcase name="testMultiProcessing" time="0.02" classname="swisseph.TestMultithread"/>
  <testcase name="testMultiProcessing" time="0.013" classname="swisseph.TestMultithread"/>
  <testcase name="testMultiProcessing" time="0.009" classname="swisseph.TestMultithread"/>
  <testcase name="testMultiProcessing" time="0.024" classname="swisseph.TestMultithread"/>
  <testcase name="testMultiProcessing" time="0.001" classname="swisseph.TestMultithread"/>
  <testcase name="testMultiProcessing" time="0.001" classname="swisseph.TestMultithread"/>
  <testcase name="testMultiProcessing" time="0.001" classname="swisseph.TestMultithread"/>
  <testcase name="testMultiProcessing" time="0.001" classname="swisseph.TestMultithread"/>
  <testcase name="testMultiProcessing" time="0.032" classname="swisseph.TestMultithread"/>
  <testcase name="testMultiProcessing" time="0.001" classname="swisseph.TestMultithread"/>
  <testcase name="testMultiProcessing" time="0.001" classname="swisseph.TestMultithread"/>
  <testcase name="testMultiProcessing" time="0.008" classname="swisseph.TestMultithread"/>
  <testcase name="testMultiProcessing" time="0.001" classname="swisseph.TestMultithread"/>
  <testcase name="testMultiProcessing" time="0.005" classname="swisseph.TestMultithread"/>
  <testcase name="testMultiProcessing" time="0.029" classname="swisseph.TestMultithread"/>
  <testcase name="testMultiProcessing" time="0.028" classname="swisseph.TestMultithread"/>
  <testcase name="testMultiProcessing" time="0.046" classname="swisseph.TestMultithread"/>
  <testcase name="testMultiProcessing" time="0.028" classname="swisseph.TestMultithread"/>
  <testcase name="testMultiProcessing" time="0.028" classname="swisseph.TestMultithread"/>
  <testcase name="testMultiProcessing" time="0.03" classname="swisseph.TestMultithread"/>
  <testcase name="testMultiProcessing" time="0.002" classname="swisseph.TestMultithread">
    <failure type="java.lang.NullPointerException">
      <![CDATA[java.lang.NullPointerException
at swisseph.FileData.get_new_segment(FileData.java:772)
at swisseph.SwissEph.sweph(SwissEph.java:4323)
at swisseph.SwissEph.sweplan(SwissEph.java:3872)
at swisseph.SwissEph.sweph_moon(SwissEph.java:3481)
at swisseph.SwissEph.swecalc(SwissEph.java:2949)
at swisseph.SwissEph._calc(SwissEph.java:420)
at swisseph.SwissEph.swe_calc(SwissEph.java:318)
at swisseph.SweDate.setGlobalTidalAcc(SweDate.java:946)
at swisseph.SweDate.swi_set_tid_acc(SweDate.java:892)
at swisseph.SwissEph.swe_calc_ut(SwissEph.java:271)
at swisseph.TestMultithread.testMultiProcessing(TestMultithread.java:47)
at sun.reflect.GeneratedMethodAccessor1.invoke(Unknown Source)
at sun.reflect.DelegatingMethodAccessorImpl.invoke(DelegatingMethodAccessorImpl.java:43)
at java.lang.reflect.Method.invoke(Method.java:498)
at org.testng.internal.MethodInvocationHelper.invokeMethod(MethodInvocationHelper.java:124)
at org.testng.internal.InvokeMethodRunnable.runOne(InvokeMethodRunnable.java:54)
at org.testng.internal.InvokeMethodRunnable.run(InvokeMethodRunnable.java:44)
at org.testng.internal.MethodInvocationHelper.invokeWithTimeoutWithNoExecutor(MethodInvocationHelper.java:278)
at org.testng.internal.MethodInvocationHelper.invokeWithTimeout(MethodInvocationHelper.java:265)
at org.testng.internal.Invoker.invokeMethod(Invoker.java:589)
at org.testng.internal.Invoker.invokeTestMethod(Invoker.java:719)
at org.testng.internal.Invoker.invokeTestMethods(Invoker.java:989)
at org.testng.internal.TestMethodWorker.invokeTestMethods(TestMethodWorker.java:125)
at org.testng.internal.TestMethodWorker.run(TestMethodWorker.java:109)
at org.testng.internal.thread.ThreadUtil$1.call(ThreadUtil.java:52)
at java.util.concurrent.FutureTask.run(FutureTask.java:266)
at java.util.concurrent.ThreadPoolExecutor.runWorker(ThreadPoolExecutor.java:1149)
at java.util.concurrent.ThreadPoolExecutor$Worker.run(ThreadPoolExecutor.java:624)
at java.lang.Thread.run(Thread.java:748)
]]>
    </failure>
  </testcase> <!-- testMultiProcessing -->
  <testcase name="testMultiProcessing" time="0.002" classname="swisseph.TestMultithread">
    <failure type="java.lang.NullPointerException">
      <![CDATA[java.lang.NullPointerException
at swisseph.FileData.get_new_segment(FileData.java:772)
at swisseph.SwissEph.sweph(SwissEph.java:4323)
at swisseph.SwissEph.sweplan(SwissEph.java:3872)
at swisseph.SwissEph.sweph_moon(SwissEph.java:3481)
at swisseph.SwissEph.swecalc(SwissEph.java:2949)
at swisseph.SwissEph._calc(SwissEph.java:420)
at swisseph.SwissEph.swe_calc(SwissEph.java:318)
at swisseph.SweDate.setGlobalTidalAcc(SweDate.java:946)
at swisseph.SweDate.swi_set_tid_acc(SweDate.java:892)
at swisseph.SwissEph.swe_calc_ut(SwissEph.java:271)
at swisseph.TestMultithread.testMultiProcessing(TestMultithread.java:47)
at sun.reflect.GeneratedMethodAccessor1.invoke(Unknown Source)
at sun.reflect.DelegatingMethodAccessorImpl.invoke(DelegatingMethodAccessorImpl.java:43)
at java.lang.reflect.Method.invoke(Method.java:498)
at org.testng.internal.MethodInvocationHelper.invokeMethod(MethodInvocationHelper.java:124)
at org.testng.internal.InvokeMethodRunnable.runOne(InvokeMethodRunnable.java:54)
at org.testng.internal.InvokeMethodRunnable.run(InvokeMethodRunnable.java:44)
at org.testng.internal.MethodInvocationHelper.invokeWithTimeoutWithNoExecutor(MethodInvocationHelper.java:278)
at org.testng.internal.MethodInvocationHelper.invokeWithTimeout(MethodInvocationHelper.java:265)
at org.testng.internal.Invoker.invokeMethod(Invoker.java:589)
at org.testng.internal.Invoker.invokeTestMethod(Invoker.java:719)
at org.testng.internal.Invoker.invokeTestMethods(Invoker.java:989)
at org.testng.internal.TestMethodWorker.invokeTestMethods(TestMethodWorker.java:125)
at org.testng.internal.TestMethodWorker.run(TestMethodWorker.java:109)
at org.testng.internal.thread.ThreadUtil$1.call(ThreadUtil.java:52)
at java.util.concurrent.FutureTask.run(FutureTask.java:266)
at java.util.concurrent.ThreadPoolExecutor.runWorker(ThreadPoolExecutor.java:1149)
at java.util.concurrent.ThreadPoolExecutor$Worker.run(ThreadPoolExecutor.java:624)
at java.lang.Thread.run(Thread.java:748)
]]>
    </failure>
  </testcase> <!-- testMultiProcessing -->
  <testcase name="testMultiProcessing" time="0.001" classname="swisseph.TestMultithread"/>
  <testcase name="testMultiProcessing" time="0.035" classname="swisseph.TestMultithread"/>
  <testcase name="testMultiProcessing" time="0.003" classname="swisseph.TestMultithread">
    <failure type="java.lang.NullPointerException">
      <![CDATA[java.lang.NullPointerException
at swisseph.FileData.get_new_segment(FileData.java:772)
at swisseph.SwissEph.sweph(SwissEph.java:4323)
at swisseph.SwissEph.sweplan(SwissEph.java:3894)
at swisseph.SwissEph.sweph_moon(SwissEph.java:3481)
at swisseph.SwissEph.swecalc(SwissEph.java:2949)
at swisseph.SwissEph._calc(SwissEph.java:420)
at swisseph.SwissEph.swe_calc(SwissEph.java:318)
at swisseph.SweDate.setGlobalTidalAcc(SweDate.java:946)
at swisseph.SweDate.swi_set_tid_acc(SweDate.java:892)
at swisseph.SwissEph.swe_calc_ut(SwissEph.java:271)
at swisseph.TestMultithread.testMultiProcessing(TestMultithread.java:47)
at sun.reflect.GeneratedMethodAccessor1.invoke(Unknown Source)
at sun.reflect.DelegatingMethodAccessorImpl.invoke(DelegatingMethodAccessorImpl.java:43)
at java.lang.reflect.Method.invoke(Method.java:498)
at org.testng.internal.MethodInvocationHelper.invokeMethod(MethodInvocationHelper.java:124)
at org.testng.internal.InvokeMethodRunnable.runOne(InvokeMethodRunnable.java:54)
at org.testng.internal.InvokeMethodRunnable.run(InvokeMethodRunnable.java:44)
at org.testng.internal.MethodInvocationHelper.invokeWithTimeoutWithNoExecutor(MethodInvocationHelper.java:278)
at org.testng.internal.MethodInvocationHelper.invokeWithTimeout(MethodInvocationHelper.java:265)
at org.testng.internal.Invoker.invokeMethod(Invoker.java:589)
at org.testng.internal.Invoker.invokeTestMethod(Invoker.java:719)
at org.testng.internal.Invoker.invokeTestMethods(Invoker.java:989)
at org.testng.internal.TestMethodWorker.invokeTestMethods(TestMethodWorker.java:125)
at org.testng.internal.TestMethodWorker.run(TestMethodWorker.java:109)
at org.testng.internal.thread.ThreadUtil$1.call(ThreadUtil.java:52)
at java.util.concurrent.FutureTask.run(FutureTask.java:266)
at java.util.concurrent.ThreadPoolExecutor.runWorker(ThreadPoolExecutor.java:1149)
at java.util.concurrent.ThreadPoolExecutor$Worker.run(ThreadPoolExecutor.java:624)
at java.lang.Thread.run(Thread.java:748)
]]>
    </failure>
  </testcase> <!-- testMultiProcessing -->
  <testcase name="testMultiProcessing" time="0.005" classname="swisseph.TestMultithread"/>
  <testcase name="testMultiProcessing" time="0.06" classname="swisseph.TestMultithread">
    <failure type="java.lang.NullPointerException">
      <![CDATA[java.lang.NullPointerException
at swisseph.FileData.get_new_segment(FileData.java:772)
at swisseph.SwissEph.sweph(SwissEph.java:4323)
at swisseph.SwissEph.sweplan(SwissEph.java:3872)
at swisseph.SwissEph.sweph_moon(SwissEph.java:3481)
at swisseph.SwissEph.swecalc(SwissEph.java:2949)
at swisseph.SwissEph._calc(SwissEph.java:420)
at swisseph.SwissEph.swe_calc(SwissEph.java:318)
at swisseph.SweDate.setGlobalTidalAcc(SweDate.java:946)
at swisseph.SweDate.swi_set_tid_acc(SweDate.java:892)
at swisseph.SwissEph.swe_calc_ut(SwissEph.java:271)
at swisseph.TestMultithread.testMultiProcessing(TestMultithread.java:47)
at sun.reflect.GeneratedMethodAccessor1.invoke(Unknown Source)
at sun.reflect.DelegatingMethodAccessorImpl.invoke(DelegatingMethodAccessorImpl.java:43)
at java.lang.reflect.Method.invoke(Method.java:498)
at org.testng.internal.MethodInvocationHelper.invokeMethod(MethodInvocationHelper.java:124)
at org.testng.internal.InvokeMethodRunnable.runOne(InvokeMethodRunnable.java:54)
at org.testng.internal.InvokeMethodRunnable.run(InvokeMethodRunnable.java:44)
at org.testng.internal.MethodInvocationHelper.invokeWithTimeoutWithNoExecutor(MethodInvocationHelper.java:278)
at org.testng.internal.MethodInvocationHelper.invokeWithTimeout(MethodInvocationHelper.java:265)
at org.testng.internal.Invoker.invokeMethod(Invoker.java:589)
at org.testng.internal.Invoker.invokeTestMethod(Invoker.java:719)
at org.testng.internal.Invoker.invokeTestMethods(Invoker.java:989)
at org.testng.internal.TestMethodWorker.invokeTestMethods(TestMethodWorker.java:125)
at org.testng.internal.TestMethodWorker.run(TestMethodWorker.java:109)
at org.testng.internal.thread.ThreadUtil$1.call(ThreadUtil.java:52)
at java.util.concurrent.FutureTask.run(FutureTask.java:266)
at java.util.concurrent.ThreadPoolExecutor.runWorker(ThreadPoolExecutor.java:1149)
at java.util.concurrent.ThreadPoolExecutor$Worker.run(ThreadPoolExecutor.java:624)
at java.lang.Thread.run(Thread.java:748)
]]>
    </failure>
  </testcase> <!-- testMultiProcessing -->
  <testcase name="testMultiProcessing" time="0.03" classname="swisseph.TestMultithread"/>
  <testcase name="testMultiProcessing" time="0.034" classname="swisseph.TestMultithread">
    <failure type="java.lang.NullPointerException">
      <![CDATA[java.lang.NullPointerException
at swisseph.FileData.get_new_segment(FileData.java:772)
at swisseph.SwissEph.sweph(SwissEph.java:4323)
at swisseph.SwissEph.sweplan(SwissEph.java:3872)
at swisseph.SwissEph.sweph_moon(SwissEph.java:3481)
at swisseph.SwissEph.swecalc(SwissEph.java:2949)
at swisseph.SwissEph._calc(SwissEph.java:420)
at swisseph.SwissEph.swe_calc(SwissEph.java:318)
at swisseph.SweDate.setGlobalTidalAcc(SweDate.java:946)
at swisseph.SweDate.swi_set_tid_acc(SweDate.java:892)
at swisseph.SwissEph.swe_calc_ut(SwissEph.java:271)
at swisseph.TestMultithread.testMultiProcessing(TestMultithread.java:47)
at sun.reflect.GeneratedMethodAccessor1.invoke(Unknown Source)
at sun.reflect.DelegatingMethodAccessorImpl.invoke(DelegatingMethodAccessorImpl.java:43)
at java.lang.reflect.Method.invoke(Method.java:498)
at org.testng.internal.MethodInvocationHelper.invokeMethod(MethodInvocationHelper.java:124)
at org.testng.internal.InvokeMethodRunnable.runOne(InvokeMethodRunnable.java:54)
at org.testng.internal.InvokeMethodRunnable.run(InvokeMethodRunnable.java:44)
at org.testng.internal.MethodInvocationHelper.invokeWithTimeoutWithNoExecutor(MethodInvocationHelper.java:278)
at org.testng.internal.MethodInvocationHelper.invokeWithTimeout(MethodInvocationHelper.java:265)
at org.testng.internal.Invoker.invokeMethod(Invoker.java:589)
at org.testng.internal.Invoker.invokeTestMethod(Invoker.java:719)
at org.testng.internal.Invoker.invokeTestMethods(Invoker.java:989)
at org.testng.internal.TestMethodWorker.invokeTestMethods(TestMethodWorker.java:125)
at org.testng.internal.TestMethodWorker.run(TestMethodWorker.java:109)
at org.testng.internal.thread.ThreadUtil$1.call(ThreadUtil.java:52)
at java.util.concurrent.FutureTask.run(FutureTask.java:266)
at java.util.concurrent.ThreadPoolExecutor.runWorker(ThreadPoolExecutor.java:1149)
at java.util.concurrent.ThreadPoolExecutor$Worker.run(ThreadPoolExecutor.java:624)
at java.lang.Thread.run(Thread.java:748)
]]>
    </failure>
  </testcase> <!-- testMultiProcessing -->
  <testcase name="testMultiProcessing" time="0.002" classname="swisseph.TestMultithread"/>
  <testcase name="testMultiProcessing" time="0.005" classname="swisseph.TestMultithread"/>
  <testcase name="testMultiProcessing" time="0.006" classname="swisseph.TestMultithread"/>
  <testcase name="testMultiProcessing" time="0.005" classname="swisseph.TestMultithread"/>
  <testcase name="testMultiProcessing" time="0.011" classname="swisseph.TestMultithread">
    <failure type="java.lang.NullPointerException">
      <![CDATA[java.lang.NullPointerException
at swisseph.FileData.get_new_segment(FileData.java:772)
at swisseph.SwissEph.sweph(SwissEph.java:4323)
at swisseph.SwissEph.sweplan(SwissEph.java:3872)
at swisseph.SwissEph.sweph_moon(SwissEph.java:3481)
at swisseph.SwissEph.swecalc(SwissEph.java:2949)
at swisseph.SwissEph._calc(SwissEph.java:420)
at swisseph.SwissEph.swe_calc(SwissEph.java:318)
at swisseph.SweDate.setGlobalTidalAcc(SweDate.java:946)
at swisseph.SweDate.swi_set_tid_acc(SweDate.java:892)
at swisseph.SwissEph.swe_calc_ut(SwissEph.java:271)
at swisseph.TestMultithread.testMultiProcessing(TestMultithread.java:47)
at sun.reflect.GeneratedMethodAccessor1.invoke(Unknown Source)
at sun.reflect.DelegatingMethodAccessorImpl.invoke(DelegatingMethodAccessorImpl.java:43)
at java.lang.reflect.Method.invoke(Method.java:498)
at org.testng.internal.MethodInvocationHelper.invokeMethod(MethodInvocationHelper.java:124)
at org.testng.internal.InvokeMethodRunnable.runOne(InvokeMethodRunnable.java:54)
at org.testng.internal.InvokeMethodRunnable.run(InvokeMethodRunnable.java:44)
at org.testng.internal.MethodInvocationHelper.invokeWithTimeoutWithNoExecutor(MethodInvocationHelper.java:278)
at org.testng.internal.MethodInvocationHelper.invokeWithTimeout(MethodInvocationHelper.java:265)
at org.testng.internal.Invoker.invokeMethod(Invoker.java:589)
at org.testng.internal.Invoker.invokeTestMethod(Invoker.java:719)
at org.testng.internal.Invoker.invokeTestMethods(Invoker.java:989)
at org.testng.internal.TestMethodWorker.invokeTestMethods(TestMethodWorker.java:125)
at org.testng.internal.TestMethodWorker.run(TestMethodWorker.java:109)
at org.testng.internal.thread.ThreadUtil$1.call(ThreadUtil.java:52)
at java.util.concurrent.FutureTask.run(FutureTask.java:266)
at java.util.concurrent.ThreadPoolExecutor.runWorker(ThreadPoolExecutor.java:1149)
at java.util.concurrent.ThreadPoolExecutor$Worker.run(ThreadPoolExecutor.java:624)
at java.lang.Thread.run(Thread.java:748)
]]>
    </failure>
  </testcase> <!-- testMultiProcessing -->
  <testcase name="testMultiProcessing" time="0.004" classname="swisseph.TestMultithread"/>
  <testcase name="testMultiProcessing" time="0.004" classname="swisseph.TestMultithread"/>
  <testcase name="testMultiProcessing" time="0.001" classname="swisseph.TestMultithread"/>
  <testcase name="testMultiProcessing" time="0.01" classname="swisseph.TestMultithread"/>
  <testcase name="testMultiProcessing" time="0.001" classname="swisseph.TestMultithread">
    <failure type="java.lang.NullPointerException">
      <![CDATA[java.lang.NullPointerException
at swisseph.FileData.get_new_segment(FileData.java:772)
at swisseph.SwissEph.sweph(SwissEph.java:4323)
at swisseph.SwissEph.sweplan(SwissEph.java:3872)
at swisseph.SwissEph.sweph_moon(SwissEph.java:3481)
at swisseph.SwissEph.swecalc(SwissEph.java:2949)
at swisseph.SwissEph._calc(SwissEph.java:420)
at swisseph.SwissEph.swe_calc(SwissEph.java:318)
at swisseph.SweDate.setGlobalTidalAcc(SweDate.java:946)
at swisseph.SweDate.swi_set_tid_acc(SweDate.java:892)
at swisseph.SwissEph.swe_calc_ut(SwissEph.java:271)
at swisseph.TestMultithread.testMultiProcessing(TestMultithread.java:47)
at sun.reflect.GeneratedMethodAccessor1.invoke(Unknown Source)
at sun.reflect.DelegatingMethodAccessorImpl.invoke(DelegatingMethodAccessorImpl.java:43)
at java.lang.reflect.Method.invoke(Method.java:498)
at org.testng.internal.MethodInvocationHelper.invokeMethod(MethodInvocationHelper.java:124)
at org.testng.internal.InvokeMethodRunnable.runOne(InvokeMethodRunnable.java:54)
at org.testng.internal.InvokeMethodRunnable.run(InvokeMethodRunnable.java:44)
at org.testng.internal.MethodInvocationHelper.invokeWithTimeoutWithNoExecutor(MethodInvocationHelper.java:278)
at org.testng.internal.MethodInvocationHelper.invokeWithTimeout(MethodInvocationHelper.java:265)
at org.testng.internal.Invoker.invokeMethod(Invoker.java:589)
at org.testng.internal.Invoker.invokeTestMethod(Invoker.java:719)
at org.testng.internal.Invoker.invokeTestMethods(Invoker.java:989)
at org.testng.internal.TestMethodWorker.invokeTestMethods(TestMethodWorker.java:125)
at org.testng.internal.TestMethodWorker.run(TestMethodWorker.java:109)
at org.testng.internal.thread.ThreadUtil$1.call(ThreadUtil.java:52)
at java.util.concurrent.FutureTask.run(FutureTask.java:266)
at java.util.concurrent.ThreadPoolExecutor.runWorker(ThreadPoolExecutor.java:1149)
at java.util.concurrent.ThreadPoolExecutor$Worker.run(ThreadPoolExecutor.java:624)
at java.lang.Thread.run(Thread.java:748)
]]>
    </failure>
  </testcase> <!-- testMultiProcessing -->
  <testcase name="testMultiProcessing" time="0.012" classname="swisseph.TestMultithread">
    <failure type="java.lang.NullPointerException">
      <![CDATA[java.lang.NullPointerException
at swisseph.FileData.get_new_segment(FileData.java:772)
at swisseph.SwissEph.sweph(SwissEph.java:4323)
at swisseph.SwissEph.sweplan(SwissEph.java:3872)
at swisseph.SwissEph.sweph_moon(SwissEph.java:3481)
at swisseph.SwissEph.swecalc(SwissEph.java:2949)
at swisseph.SwissEph._calc(SwissEph.java:420)
at swisseph.SwissEph.swe_calc(SwissEph.java:318)
at swisseph.SweDate.setGlobalTidalAcc(SweDate.java:946)
at swisseph.SweDate.swi_set_tid_acc(SweDate.java:892)
at swisseph.SwissEph.swe_calc_ut(SwissEph.java:271)
at swisseph.TestMultithread.testMultiProcessing(TestMultithread.java:47)
at sun.reflect.GeneratedMethodAccessor1.invoke(Unknown Source)
at sun.reflect.DelegatingMethodAccessorImpl.invoke(DelegatingMethodAccessorImpl.java:43)
at java.lang.reflect.Method.invoke(Method.java:498)
at org.testng.internal.MethodInvocationHelper.invokeMethod(MethodInvocationHelper.java:124)
at org.testng.internal.InvokeMethodRunnable.runOne(InvokeMethodRunnable.java:54)
at org.testng.internal.InvokeMethodRunnable.run(InvokeMethodRunnable.java:44)
at org.testng.internal.MethodInvocationHelper.invokeWithTimeoutWithNoExecutor(MethodInvocationHelper.java:278)
at org.testng.internal.MethodInvocationHelper.invokeWithTimeout(MethodInvocationHelper.java:265)
at org.testng.internal.Invoker.invokeMethod(Invoker.java:589)
at org.testng.internal.Invoker.invokeTestMethod(Invoker.java:719)
at org.testng.internal.Invoker.invokeTestMethods(Invoker.java:989)
at org.testng.internal.TestMethodWorker.invokeTestMethods(TestMethodWorker.java:125)
at org.testng.internal.TestMethodWorker.run(TestMethodWorker.java:109)
at org.testng.internal.thread.ThreadUtil$1.call(ThreadUtil.java:52)
at java.util.concurrent.FutureTask.run(FutureTask.java:266)
at java.util.concurrent.ThreadPoolExecutor.runWorker(ThreadPoolExecutor.java:1149)
at java.util.concurrent.ThreadPoolExecutor$Worker.run(ThreadPoolExecutor.java:624)
at java.lang.Thread.run(Thread.java:748)
]]>
    </failure>
  </testcase> <!-- testMultiProcessing -->
  <testcase name="testMultiProcessing" time="0.012" classname="swisseph.TestMultithread"/>
  <testcase name="testMultiProcessing" time="0.007" classname="swisseph.TestMultithread"/>
  <testcase name="testMultiProcessing" time="0.022" classname="swisseph.TestMultithread"/>
  <testcase name="testMultiProcessing" time="0.026" classname="swisseph.TestMultithread"/>
  <testcase name="testMultiProcessing" time="0.002" classname="swisseph.TestMultithread"/>
  <testcase name="testMultiProcessing" time="0.001" classname="swisseph.TestMultithread"/>
  <testcase name="testMultiProcessing" time="0.001" classname="swisseph.TestMultithread"/>
  <testcase name="testMultiProcessing" time="0.001" classname="swisseph.TestMultithread"/>
  <testcase name="testMultiProcessing" time="0.002" classname="swisseph.TestMultithread"/>
  <testcase name="testMultiProcessing" time="0.001" classname="swisseph.TestMultithread"/>
  <testcase name="testMultiProcessing" time="0.028" classname="swisseph.TestMultithread"/>
  <testcase name="testMultiProcessing" time="0.001" classname="swisseph.TestMultithread"/>
  <testcase name="testMultiProcessing" time="0.031" classname="swisseph.TestMultithread"/>
  <testcase name="testMultiProcessing" time="0.001" classname="swisseph.TestMultithread"/>
  <testcase name="testMultiProcessing" time="0.035" classname="swisseph.TestMultithread"/>
  <testcase name="testMultiProcessing" time="0.001" classname="swisseph.TestMultithread"/>
  <testcase name="testMultiProcessing" time="0.001" classname="swisseph.TestMultithread"/>
  <testcase name="testMultiProcessing" time="0.042" classname="swisseph.TestMultithread">
    <failure type="java.lang.NullPointerException">
      <![CDATA[java.lang.NullPointerException
at swisseph.FileData.get_new_segment(FileData.java:772)
at swisseph.SwissEph.sweph(SwissEph.java:4323)
at swisseph.SwissEph.sweplan(SwissEph.java:3872)
at swisseph.SwissEph.sweph_moon(SwissEph.java:3481)
at swisseph.SwissEph.swecalc(SwissEph.java:2949)
at swisseph.SwissEph._calc(SwissEph.java:420)
at swisseph.SwissEph.swe_calc(SwissEph.java:318)
at swisseph.SweDate.setGlobalTidalAcc(SweDate.java:946)
at swisseph.SweDate.swi_set_tid_acc(SweDate.java:892)
at swisseph.SwissEph.swe_calc_ut(SwissEph.java:271)
at swisseph.TestMultithread.testMultiProcessing(TestMultithread.java:47)
at sun.reflect.GeneratedMethodAccessor1.invoke(Unknown Source)
at sun.reflect.DelegatingMethodAccessorImpl.invoke(DelegatingMethodAccessorImpl.java:43)
at java.lang.reflect.Method.invoke(Method.java:498)
at org.testng.internal.MethodInvocationHelper.invokeMethod(MethodInvocationHelper.java:124)
at org.testng.internal.InvokeMethodRunnable.runOne(InvokeMethodRunnable.java:54)
at org.testng.internal.InvokeMethodRunnable.run(InvokeMethodRunnable.java:44)
at org.testng.internal.MethodInvocationHelper.invokeWithTimeoutWithNoExecutor(MethodInvocationHelper.java:278)
at org.testng.internal.MethodInvocationHelper.invokeWithTimeout(MethodInvocationHelper.java:265)
at org.testng.internal.Invoker.invokeMethod(Invoker.java:589)
at org.testng.internal.Invoker.invokeTestMethod(Invoker.java:719)
at org.testng.internal.Invoker.invokeTestMethods(Invoker.java:989)
at org.testng.internal.TestMethodWorker.invokeTestMethods(TestMethodWorker.java:125)
at org.testng.internal.TestMethodWorker.run(TestMethodWorker.java:109)
at org.testng.internal.thread.ThreadUtil$1.call(ThreadUtil.java:52)
at java.util.concurrent.FutureTask.run(FutureTask.java:266)
at java.util.concurrent.ThreadPoolExecutor.runWorker(ThreadPoolExecutor.java:1149)
at java.util.concurrent.ThreadPoolExecutor$Worker.run(ThreadPoolExecutor.java:624)
at java.lang.Thread.run(Thread.java:748)
]]>
    </failure>
  </testcase> <!-- testMultiProcessing -->
  <testcase name="testMultiProcessing" time="0.002" classname="swisseph.TestMultithread"/>
  <testcase name="testMultiProcessing" time="0.01" classname="swisseph.TestMultithread"/>
  <testcase name="testMultiProcessing" time="0.001" classname="swisseph.TestMultithread"/>
  <testcase name="testMultiProcessing" time="0.007" classname="swisseph.TestMultithread">
    <failure type="java.lang.NullPointerException">
      <![CDATA[java.lang.NullPointerException
at swisseph.FileData.get_new_segment(FileData.java:772)
at swisseph.SwissEph.sweph(SwissEph.java:4323)
at swisseph.SwissEph.sweplan(SwissEph.java:3894)
at swisseph.SwissEph.sweph_moon(SwissEph.java:3481)
at swisseph.SwissEph.swecalc(SwissEph.java:2949)
at swisseph.SwissEph._calc(SwissEph.java:420)
at swisseph.SwissEph.swe_calc(SwissEph.java:318)
at swisseph.SweDate.setGlobalTidalAcc(SweDate.java:946)
at swisseph.SweDate.swi_set_tid_acc(SweDate.java:892)
at swisseph.SwissEph.swe_calc_ut(SwissEph.java:271)
at swisseph.TestMultithread.testMultiProcessing(TestMultithread.java:47)
at sun.reflect.GeneratedMethodAccessor1.invoke(Unknown Source)
at sun.reflect.DelegatingMethodAccessorImpl.invoke(DelegatingMethodAccessorImpl.java:43)
at java.lang.reflect.Method.invoke(Method.java:498)
at org.testng.internal.MethodInvocationHelper.invokeMethod(MethodInvocationHelper.java:124)
at org.testng.internal.InvokeMethodRunnable.runOne(InvokeMethodRunnable.java:54)
at org.testng.internal.InvokeMethodRunnable.run(InvokeMethodRunnable.java:44)
at org.testng.internal.MethodInvocationHelper.invokeWithTimeoutWithNoExecutor(MethodInvocationHelper.java:278)
at org.testng.internal.MethodInvocationHelper.invokeWithTimeout(MethodInvocationHelper.java:265)
at org.testng.internal.Invoker.invokeMethod(Invoker.java:589)
at org.testng.internal.Invoker.invokeTestMethod(Invoker.java:719)
at org.testng.internal.Invoker.invokeTestMethods(Invoker.java:989)
at org.testng.internal.TestMethodWorker.invokeTestMethods(TestMethodWorker.java:125)
at org.testng.internal.TestMethodWorker.run(TestMethodWorker.java:109)
at org.testng.internal.thread.ThreadUtil$1.call(ThreadUtil.java:52)
at java.util.concurrent.FutureTask.run(FutureTask.java:266)
at java.util.concurrent.ThreadPoolExecutor.runWorker(ThreadPoolExecutor.java:1149)
at java.util.concurrent.ThreadPoolExecutor$Worker.run(ThreadPoolExecutor.java:624)
at java.lang.Thread.run(Thread.java:748)
]]>
    </failure>
  </testcase> <!-- testMultiProcessing -->
  <testcase name="testMultiProcessing" time="0.001" classname="swisseph.TestMultithread"/>
  <testcase name="testMultiProcessing" time="0.014" classname="swisseph.TestMultithread"/>
  <testcase name="testMultiProcessing" time="0.001" classname="swisseph.TestMultithread"/>
  <testcase name="testMultiProcessing" time="0.001" classname="swisseph.TestMultithread"/>
  <testcase name="testMultiProcessing" time="0.024" classname="swisseph.TestMultithread">
    <failure type="java.lang.NullPointerException">
      <![CDATA[java.lang.NullPointerException
at swisseph.FileData.get_new_segment(FileData.java:772)
at swisseph.SwissEph.sweph(SwissEph.java:4323)
at swisseph.SwissEph.sweplan(SwissEph.java:3872)
at swisseph.SwissEph.sweph_moon(SwissEph.java:3481)
at swisseph.SwissEph.swecalc(SwissEph.java:2949)
at swisseph.SwissEph._calc(SwissEph.java:420)
at swisseph.SwissEph.swe_calc(SwissEph.java:318)
at swisseph.SweDate.setGlobalTidalAcc(SweDate.java:946)
at swisseph.SweDate.swi_set_tid_acc(SweDate.java:892)
at swisseph.SwissEph.swe_calc_ut(SwissEph.java:271)
at swisseph.TestMultithread.testMultiProcessing(TestMultithread.java:47)
at sun.reflect.GeneratedMethodAccessor1.invoke(Unknown Source)
at sun.reflect.DelegatingMethodAccessorImpl.invoke(DelegatingMethodAccessorImpl.java:43)
at java.lang.reflect.Method.invoke(Method.java:498)
at org.testng.internal.MethodInvocationHelper.invokeMethod(MethodInvocationHelper.java:124)
at org.testng.internal.InvokeMethodRunnable.runOne(InvokeMethodRunnable.java:54)
at org.testng.internal.InvokeMethodRunnable.run(InvokeMethodRunnable.java:44)
at org.testng.internal.MethodInvocationHelper.invokeWithTimeoutWithNoExecutor(MethodInvocationHelper.java:278)
at org.testng.internal.MethodInvocationHelper.invokeWithTimeout(MethodInvocationHelper.java:265)
at org.testng.internal.Invoker.invokeMethod(Invoker.java:589)
at org.testng.internal.Invoker.invokeTestMethod(Invoker.java:719)
at org.testng.internal.Invoker.invokeTestMethods(Invoker.java:989)
at org.testng.internal.TestMethodWorker.invokeTestMethods(TestMethodWorker.java:125)
at org.testng.internal.TestMethodWorker.run(TestMethodWorker.java:109)
at org.testng.internal.thread.ThreadUtil$1.call(ThreadUtil.java:52)
at java.util.concurrent.FutureTask.run(FutureTask.java:266)
at java.util.concurrent.ThreadPoolExecutor.runWorker(ThreadPoolExecutor.java:1149)
at java.util.concurrent.ThreadPoolExecutor$Worker.run(ThreadPoolExecutor.java:624)
at java.lang.Thread.run(Thread.java:748)
]]>
    </failure>
  </testcase> <!-- testMultiProcessing -->
  <testcase name="testMultiProcessing" time="0.025" classname="swisseph.TestMultithread"/>
  <testcase name="testMultiProcessing" time="0.022" classname="swisseph.TestMultithread"/>
  <testcase name="testMultiProcessing" time="0.045" classname="swisseph.TestMultithread"/>
  <testcase name="testMultiProcessing" time="0.002" classname="swisseph.TestMultithread"/>
  <testcase name="testMultiProcessing" time="0.002" classname="swisseph.TestMultithread"/>
  <testcase name="testMultiProcessing" time="0.002" classname="swisseph.TestMultithread"/>
  <testcase name="testMultiProcessing" time="0.001" classname="swisseph.TestMultithread"/>
  <testcase name="testMultiProcessing" time="0.005" classname="swisseph.TestMultithread"/>
  <testcase name="testMultiProcessing" time="0.013" classname="swisseph.TestMultithread"/>
  <testcase name="testMultiProcessing" time="0.001" classname="swisseph.TestMultithread"/>
  <testcase name="testMultiProcessing" time="0.001" classname="swisseph.TestMultithread"/>
  <testcase name="testMultiProcessing" time="0.001" classname="swisseph.TestMultithread"/>
  <testcase name="testMultiProcessing" time="0.001" classname="swisseph.TestMultithread">
    <failure type="java.lang.NullPointerException">
      <![CDATA[java.lang.NullPointerException
at swisseph.FileData.get_new_segment(FileData.java:772)
at swisseph.SwissEph.sweph(SwissEph.java:4323)
at swisseph.SwissEph.sweplan(SwissEph.java:3872)
at swisseph.SwissEph.sweph_moon(SwissEph.java:3481)
at swisseph.SwissEph.swecalc(SwissEph.java:2949)
at swisseph.SwissEph._calc(SwissEph.java:420)
at swisseph.SwissEph.swe_calc(SwissEph.java:318)
at swisseph.SweDate.setGlobalTidalAcc(SweDate.java:946)
at swisseph.SweDate.swi_set_tid_acc(SweDate.java:892)
at swisseph.SwissEph.swe_calc_ut(SwissEph.java:271)
at swisseph.TestMultithread.testMultiProcessing(TestMultithread.java:47)
at sun.reflect.GeneratedMethodAccessor1.invoke(Unknown Source)
at sun.reflect.DelegatingMethodAccessorImpl.invoke(DelegatingMethodAccessorImpl.java:43)
at java.lang.reflect.Method.invoke(Method.java:498)
at org.testng.internal.MethodInvocationHelper.invokeMethod(MethodInvocationHelper.java:124)
at org.testng.internal.InvokeMethodRunnable.runOne(InvokeMethodRunnable.java:54)
at org.testng.internal.InvokeMethodRunnable.run(InvokeMethodRunnable.java:44)
at org.testng.internal.MethodInvocationHelper.invokeWithTimeoutWithNoExecutor(MethodInvocationHelper.java:278)
at org.testng.internal.MethodInvocationHelper.invokeWithTimeout(MethodInvocationHelper.java:265)
at org.testng.internal.Invoker.invokeMethod(Invoker.java:589)
at org.testng.internal.Invoker.invokeTestMethod(Invoker.java:719)
at org.testng.internal.Invoker.invokeTestMethods(Invoker.java:989)
at org.testng.internal.TestMethodWorker.invokeTestMethods(TestMethodWorker.java:125)
at org.testng.internal.TestMethodWorker.run(TestMethodWorker.java:109)
at org.testng.internal.thread.ThreadUtil$1.call(ThreadUtil.java:52)
at java.util.concurrent.FutureTask.run(FutureTask.java:266)
at java.util.concurrent.ThreadPoolExecutor.runWorker(ThreadPoolExecutor.java:1149)
at java.util.concurrent.ThreadPoolExecutor$Worker.run(ThreadPoolExecutor.java:624)
at java.lang.Thread.run(Thread.java:748)
]]>
    </failure>
  </testcase> <!-- testMultiProcessing -->
  <testcase name="testMultiProcessing" time="0.001" classname="swisseph.TestMultithread"/>
  <testcase name="testMultiProcessing" time="0.023" classname="swisseph.TestMultithread"/>
  <testcase name="testMultiProcessing" time="0.001" classname="swisseph.TestMultithread"/>
  <testcase name="testMultiProcessing" time="0.005" classname="swisseph.TestMultithread"/>
  <testcase name="testMultiProcessing" time="0.001" classname="swisseph.TestMultithread"/>
  <testcase name="testMultiProcessing" time="0.001" classname="swisseph.TestMultithread">
    <failure type="java.lang.NullPointerException">
      <![CDATA[java.lang.NullPointerException
at swisseph.SwissEph.free_planets(SwissEph.java:535)
at swisseph.SwissEph.swe_close(SwissEph.java:563)
at swisseph.SwissEph.swe_set_ephe_path(SwissEph.java:633)
at swisseph.SwissEph.swecalc(SwissEph.java:2873)
at swisseph.SwissEph._calc(SwissEph.java:420)
at swisseph.SwissEph.swe_calc(SwissEph.java:318)
at swisseph.SweDate.setGlobalTidalAcc(SweDate.java:946)
at swisseph.SweDate.swi_set_tid_acc(SweDate.java:892)
at swisseph.SwissEph.swe_calc_ut(SwissEph.java:271)
at swisseph.TestMultithread.testMultiProcessing(TestMultithread.java:47)
at sun.reflect.GeneratedMethodAccessor1.invoke(Unknown Source)
at sun.reflect.DelegatingMethodAccessorImpl.invoke(DelegatingMethodAccessorImpl.java:43)
at java.lang.reflect.Method.invoke(Method.java:498)
at org.testng.internal.MethodInvocationHelper.invokeMethod(MethodInvocationHelper.java:124)
at org.testng.internal.InvokeMethodRunnable.runOne(InvokeMethodRunnable.java:54)
at org.testng.internal.InvokeMethodRunnable.run(InvokeMethodRunnable.java:44)
at org.testng.internal.MethodInvocationHelper.invokeWithTimeoutWithNoExecutor(MethodInvocationHelper.java:278)
at org.testng.internal.MethodInvocationHelper.invokeWithTimeout(MethodInvocationHelper.java:265)
at org.testng.internal.Invoker.invokeMethod(Invoker.java:589)
at org.testng.internal.Invoker.invokeTestMethod(Invoker.java:719)
at org.testng.internal.Invoker.invokeTestMethods(Invoker.java:989)
at org.testng.internal.TestMethodWorker.invokeTestMethods(TestMethodWorker.java:125)
at org.testng.internal.TestMethodWorker.run(TestMethodWorker.java:109)
at org.testng.internal.thread.ThreadUtil$1.call(ThreadUtil.java:52)
at java.util.concurrent.FutureTask.run(FutureTask.java:266)
at java.util.concurrent.ThreadPoolExecutor.runWorker(ThreadPoolExecutor.java:1149)
at java.util.concurrent.ThreadPoolExecutor$Worker.run(ThreadPoolExecutor.java:624)
at java.lang.Thread.run(Thread.java:748)
]]>
    </failure>
  </testcase> <!-- testMultiProcessing -->
  <testcase name="testMultiProcessing" time="0.002" classname="swisseph.TestMultithread"/>
  <testcase name="testMultiProcessing" time="0.015" classname="swisseph.TestMultithread"/>
  <testcase name="testMultiProcessing" time="0.016" classname="swisseph.TestMultithread"/>
  <testcase name="testMultiProcessing" time="0.016" classname="swisseph.TestMultithread"/>
  <testcase name="testMultiProcessing" time="0.017" classname="swisseph.TestMultithread"/>
  <testcase name="testMultiProcessing" time="0.002" classname="swisseph.TestMultithread"/>
  <testcase name="testMultiProcessing" time="0.001" classname="swisseph.TestMultithread"/>
  <testcase name="testMultiProcessing" time="0.001" classname="swisseph.TestMultithread"/>
  <testcase name="testMultiProcessing" time="0.001" classname="swisseph.TestMultithread"/>
  <testcase name="testMultiProcessing" time="0.0" classname="swisseph.TestMultithread"/>
  <testcase name="testMultiProcessing" time="0.001" classname="swisseph.TestMultithread"/>
  <testcase name="testMultiProcessing" time="0.001" classname="swisseph.TestMultithread"/>
  <testcase name="testMultiProcessing" time="0.0" classname="swisseph.TestMultithread"/>
  <testcase name="testMultiProcessing" time="0.001" classname="swisseph.TestMultithread"/>
  <testcase name="testMultiProcessing" time="0.001" classname="swisseph.TestMultithread"/>
  <testcase name="testMultiProcessing" time="0.001" classname="swisseph.TestMultithread"/>
  <testcase name="testMultiProcessing" time="0.001" classname="swisseph.TestMultithread"/>
  <testcase name="testMultiProcessing" time="0.001" classname="swisseph.TestMultithread"/>
  <testcase name="testMultiProcessing" time="0.001" classname="swisseph.TestMultithread"/>
  <testcase name="testMultiProcessing" time="0.001" classname="swisseph.TestMultithread"/>
  <testcase name="testMultiProcessing" time="0.007" classname="swisseph.TestMultithread">
    <failure type="java.lang.NullPointerException">
      <![CDATA[java.lang.NullPointerException
at swisseph.FileData.get_new_segment(FileData.java:772)
at swisseph.SwissEph.sweph(SwissEph.java:4323)
at swisseph.SwissEph.sweplan(SwissEph.java:3872)
at swisseph.SwissEph.sweph_moon(SwissEph.java:3481)
at swisseph.SwissEph.swecalc(SwissEph.java:2949)
at swisseph.SwissEph._calc(SwissEph.java:420)
at swisseph.SwissEph.swe_calc(SwissEph.java:318)
at swisseph.SweDate.setGlobalTidalAcc(SweDate.java:946)
at swisseph.SweDate.swi_set_tid_acc(SweDate.java:892)
at swisseph.SwissEph.swe_calc_ut(SwissEph.java:271)
at swisseph.TestMultithread.testMultiProcessing(TestMultithread.java:47)
at sun.reflect.GeneratedMethodAccessor1.invoke(Unknown Source)
at sun.reflect.DelegatingMethodAccessorImpl.invoke(DelegatingMethodAccessorImpl.java:43)
at java.lang.reflect.Method.invoke(Method.java:498)
at org.testng.internal.MethodInvocationHelper.invokeMethod(MethodInvocationHelper.java:124)
at org.testng.internal.InvokeMethodRunnable.runOne(InvokeMethodRunnable.java:54)
at org.testng.internal.InvokeMethodRunnable.run(InvokeMethodRunnable.java:44)
at org.testng.internal.MethodInvocationHelper.invokeWithTimeoutWithNoExecutor(MethodInvocationHelper.java:278)
at org.testng.internal.MethodInvocationHelper.invokeWithTimeout(MethodInvocationHelper.java:265)
at org.testng.internal.Invoker.invokeMethod(Invoker.java:589)
at org.testng.internal.Invoker.invokeTestMethod(Invoker.java:719)
at org.testng.internal.Invoker.invokeTestMethods(Invoker.java:989)
at org.testng.internal.TestMethodWorker.invokeTestMethods(TestMethodWorker.java:125)
at org.testng.internal.TestMethodWorker.run(TestMethodWorker.java:109)
at org.testng.internal.thread.ThreadUtil$1.call(ThreadUtil.java:52)
at java.util.concurrent.FutureTask.run(FutureTask.java:266)
at java.util.concurrent.ThreadPoolExecutor.runWorker(ThreadPoolExecutor.java:1149)
at java.util.concurrent.ThreadPoolExecutor$Worker.run(ThreadPoolExecutor.java:624)
at java.lang.Thread.run(Thread.java:748)
]]>
    </failure>
  </testcase> <!-- testMultiProcessing -->
  <testcase name="testMultiProcessing" time="0.018" classname="swisseph.TestMultithread">
    <failure type="java.lang.NullPointerException">
      <![CDATA[java.lang.NullPointerException
at swisseph.FileData.get_new_segment(FileData.java:772)
at swisseph.SwissEph.sweph(SwissEph.java:4323)
at swisseph.SwissEph.sweplan(SwissEph.java:3872)
at swisseph.SwissEph.sweph_moon(SwissEph.java:3481)
at swisseph.SwissEph.swecalc(SwissEph.java:2949)
at swisseph.SwissEph._calc(SwissEph.java:420)
at swisseph.SwissEph.swe_calc(SwissEph.java:318)
at swisseph.SweDate.setGlobalTidalAcc(SweDate.java:946)
at swisseph.SweDate.swi_set_tid_acc(SweDate.java:892)
at swisseph.SwissEph.swe_calc_ut(SwissEph.java:271)
at swisseph.TestMultithread.testMultiProcessing(TestMultithread.java:47)
at sun.reflect.GeneratedMethodAccessor1.invoke(Unknown Source)
at sun.reflect.DelegatingMethodAccessorImpl.invoke(DelegatingMethodAccessorImpl.java:43)
at java.lang.reflect.Method.invoke(Method.java:498)
at org.testng.internal.MethodInvocationHelper.invokeMethod(MethodInvocationHelper.java:124)
at org.testng.internal.InvokeMethodRunnable.runOne(InvokeMethodRunnable.java:54)
at org.testng.internal.InvokeMethodRunnable.run(InvokeMethodRunnable.java:44)
at org.testng.internal.MethodInvocationHelper.invokeWithTimeoutWithNoExecutor(MethodInvocationHelper.java:278)
at org.testng.internal.MethodInvocationHelper.invokeWithTimeout(MethodInvocationHelper.java:265)
at org.testng.internal.Invoker.invokeMethod(Invoker.java:589)
at org.testng.internal.Invoker.invokeTestMethod(Invoker.java:719)
at org.testng.internal.Invoker.invokeTestMethods(Invoker.java:989)
at org.testng.internal.TestMethodWorker.invokeTestMethods(TestMethodWorker.java:125)
at org.testng.internal.TestMethodWorker.run(TestMethodWorker.java:109)
at org.testng.internal.thread.ThreadUtil$1.call(ThreadUtil.java:52)
at java.util.concurrent.FutureTask.run(FutureTask.java:266)
at java.util.concurrent.ThreadPoolExecutor.runWorker(ThreadPoolExecutor.java:1149)
at java.util.concurrent.ThreadPoolExecutor$Worker.run(ThreadPoolExecutor.java:624)
at java.lang.Thread.run(Thread.java:748)
]]>
    </failure>
  </testcase> <!-- testMultiProcessing -->
  <testcase name="testMultiProcessing" time="0.017" classname="swisseph.TestMultithread">
    <failure type="java.lang.NullPointerException">
      <![CDATA[java.lang.NullPointerException
at swisseph.SwissEph.free_planets(SwissEph.java:535)
at swisseph.SwissEph.swe_close(SwissEph.java:563)
at swisseph.SwissEph.swe_set_ephe_path(SwissEph.java:633)
at swisseph.SwissEph.swecalc(SwissEph.java:2873)
at swisseph.SwissEph._calc(SwissEph.java:420)
at swisseph.SwissEph.swe_calc(SwissEph.java:318)
at swisseph.SweDate.setGlobalTidalAcc(SweDate.java:946)
at swisseph.SweDate.swi_set_tid_acc(SweDate.java:892)
at swisseph.SwissEph.swe_calc_ut(SwissEph.java:271)
at swisseph.TestMultithread.testMultiProcessing(TestMultithread.java:47)
at sun.reflect.GeneratedMethodAccessor1.invoke(Unknown Source)
at sun.reflect.DelegatingMethodAccessorImpl.invoke(DelegatingMethodAccessorImpl.java:43)
at java.lang.reflect.Method.invoke(Method.java:498)
[...]
  <testcase name="testMultiProcessing" time="0.012" classname="swisseph.TestMultithread"/>
  <testcase name="testMultiProcessing" time="0.001" classname="swisseph.TestMultithread"/>
  <testcase name="testMultiProcessing" time="0.008" classname="swisseph.TestMultithread"/>
  <testcase name="testMultiProcessing" time="0.001" classname="swisseph.TestMultithread">
    <failure type="java.lang.NullPointerException">
      <![CDATA[java.lang.NullPointerException
at swisseph.FileData.get_new_segment(FileData.java:772)
at swisseph.SwissEph.sweph(SwissEph.java:4323)
at swisseph.SwissEph.sweplan(SwissEph.java:3872)
at swisseph.SwissEph.sweph_moon(SwissEph.java:3481)
at swisseph.SwissEph.swecalc(SwissEph.java:2949)
at swisseph.SwissEph._calc(SwissEph.java:420)
at swisseph.SwissEph.swe_calc(SwissEph.java:318)
at swisseph.SweDate.setGlobalTidalAcc(SweDate.java:946)
at swisseph.SweDate.swi_set_tid_acc(SweDate.java:892)
at swisseph.SwissEph.swe_calc_ut(SwissEph.java:271)
at swisseph.TestMultithread.testMultiProcessing(TestMultithread.java:47)
at sun.reflect.GeneratedMethodAccessor1.invoke(Unknown Source)
at sun.reflect.DelegatingMethodAccessorImpl.invoke(DelegatingMethodAccessorImpl.java:43)
at java.lang.reflect.Method.invoke(Method.java:498)
at org.testng.internal.MethodInvocationHelper.invokeMethod(MethodInvocationHelper.java:124)
at org.testng.internal.InvokeMethodRunnable.runOne(InvokeMethodRunnable.java:54)
at org.testng.internal.InvokeMethodRunnable.run(InvokeMethodRunnable.java:44)
at org.testng.internal.MethodInvocationHelper.invokeWithTimeoutWithNoExecutor(MethodInvocationHelper.java:278)
at org.testng.internal.MethodInvocationHelper.invokeWithTimeout(MethodInvocationHelper.java:265)
at org.testng.internal.Invoker.invokeMethod(Invoker.java:589)
at org.testng.internal.Invoker.invokeTestMethod(Invoker.java:719)
at org.testng.internal.Invoker.invokeTestMethods(Invoker.java:989)
at org.testng.internal.TestMethodWorker.invokeTestMethods(TestMethodWorker.java:125)
at org.testng.internal.TestMethodWorker.run(TestMethodWorker.java:109)
at org.testng.internal.thread.ThreadUtil$1.call(ThreadUtil.java:52)
at java.util.concurrent.FutureTask.run(FutureTask.java:266)
at java.util.concurrent.ThreadPoolExecutor.runWorker(ThreadPoolExecutor.java:1149)
at java.util.concurrent.ThreadPoolExecutor$Worker.run(ThreadPoolExecutor.java:624)
at java.lang.Thread.run(Thread.java:748)
]]>
    </failure>
  </testcase> <!-- testMultiProcessing -->
  <testcase name="testMultiProcessing" time="0.021" classname="swisseph.TestMultithread"/>
  <testcase name="testMultiProcessing" time="0.022" classname="swisseph.TestMultithread"/>
  <testcase name="testMultiProcessing" time="0.001" classname="swisseph.TestMultithread">
    <failure type="java.lang.NullPointerException">
      <![CDATA[java.lang.NullPointerException
at swisseph.FileData.get_new_segment(FileData.java:772)
at swisseph.SwissEph.sweph(SwissEph.java:4323)
at swisseph.SwissEph.sweplan(SwissEph.java:3872)
at swisseph.SwissEph.sweph_moon(SwissEph.java:3481)
at swisseph.SwissEph.swecalc(SwissEph.java:2949)
at swisseph.SwissEph._calc(SwissEph.java:420)
at swisseph.SwissEph.swe_calc(SwissEph.java:318)
at swisseph.SweDate.setGlobalTidalAcc(SweDate.java:946)
at swisseph.SweDate.swi_set_tid_acc(SweDate.java:892)
at swisseph.SwissEph.swe_calc_ut(SwissEph.java:271)
at swisseph.TestMultithread.testMultiProcessing(TestMultithread.java:47)
at sun.reflect.GeneratedMethodAccessor1.invoke(Unknown Source)
at sun.reflect.DelegatingMethodAccessorImpl.invoke(DelegatingMethodAccessorImpl.java:43)
at java.lang.reflect.Method.invoke(Method.java:498)
at org.testng.internal.MethodInvocationHelper.invokeMethod(MethodInvocationHelper.java:124)
at org.testng.internal.InvokeMethodRunnable.runOne(InvokeMethodRunnable.java:54)
at org.testng.internal.InvokeMethodRunnable.run(InvokeMethodRunnable.java:44)
at org.testng.internal.MethodInvocationHelper.invokeWithTimeoutWithNoExecutor(MethodInvocationHelper.java:278)
at org.testng.internal.MethodInvocationHelper.invokeWithTimeout(MethodInvocationHelper.java:265)
at org.testng.internal.Invoker.invokeMethod(Invoker.java:589)
at org.testng.internal.Invoker.invokeTestMethod(Invoker.java:719)
at org.testng.internal.Invoker.invokeTestMethods(Invoker.java:989)
at org.testng.internal.TestMethodWorker.invokeTestMethods(TestMethodWorker.java:125)
at org.testng.internal.TestMethodWorker.run(TestMethodWorker.java:109)
at org.testng.internal.thread.ThreadUtil$1.call(ThreadUtil.java:52)
at java.util.concurrent.FutureTask.run(FutureTask.java:266)
at java.util.concurrent.ThreadPoolExecutor.runWorker(ThreadPoolExecutor.java:1149)
at java.util.concurrent.ThreadPoolExecutor$Worker.run(ThreadPoolExecutor.java:624)
at java.lang.Thread.run(Thread.java:748)
]]>
    </failure>
  </testcase> <!-- testMultiProcessing -->
  <testcase name="testMultiProcessing" time="0.026" classname="swisseph.TestMultithread"/>
  <testcase name="testMultiProcessing" time="0.002" classname="swisseph.TestMultithread"/>
  <testcase name="testMultiProcessing" time="0.001" classname="swisseph.TestMultithread">
    <failure type="java.lang.NullPointerException">
      <![CDATA[java.lang.NullPointerException
at swisseph.FileData.get_new_segment(FileData.java:772)
at swisseph.SwissEph.sweph(SwissEph.java:4323)
at swisseph.SwissEph.sweplan(SwissEph.java:3872)
at swisseph.SwissEph.sweph_moon(SwissEph.java:3481)
at swisseph.SwissEph.swecalc(SwissEph.java:2949)
at swisseph.SwissEph._calc(SwissEph.java:420)
at swisseph.SwissEph.swe_calc(SwissEph.java:318)
at swisseph.SweDate.setGlobalTidalAcc(SweDate.java:946)
at swisseph.SweDate.swi_set_tid_acc(SweDate.java:892)
at swisseph.SwissEph.swe_calc_ut(SwissEph.java:271)
at swisseph.TestMultithread.testMultiProcessing(TestMultithread.java:47)
at sun.reflect.GeneratedMethodAccessor1.invoke(Unknown Source)
at sun.reflect.DelegatingMethodAccessorImpl.invoke(DelegatingMethodAccessorImpl.java:43)
at java.lang.reflect.Method.invoke(Method.java:498)
at org.testng.internal.MethodInvocationHelper.invokeMethod(MethodInvocationHelper.java:124)
at org.testng.internal.InvokeMethodRunnable.runOne(InvokeMethodRunnable.java:54)
at org.testng.internal.InvokeMethodRunnable.run(InvokeMethodRunnable.java:44)
at org.testng.internal.MethodInvocationHelper.invokeWithTimeoutWithNoExecutor(MethodInvocationHelper.java:278)
at org.testng.internal.MethodInvocationHelper.invokeWithTimeout(MethodInvocationHelper.java:265)
at org.testng.internal.Invoker.invokeMethod(Invoker.java:589)
at org.testng.internal.Invoker.invokeTestMethod(Invoker.java:719)
at org.testng.internal.Invoker.invokeTestMethods(Invoker.java:989)
at org.testng.internal.TestMethodWorker.invokeTestMethods(TestMethodWorker.java:125)
at org.testng.internal.TestMethodWorker.run(TestMethodWorker.java:109)
at org.testng.internal.thread.ThreadUtil$1.call(ThreadUtil.java:52)
at java.util.concurrent.FutureTask.run(FutureTask.java:266)
at java.util.concurrent.ThreadPoolExecutor.runWorker(ThreadPoolExecutor.java:1149)
at java.util.concurrent.ThreadPoolExecutor$Worker.run(ThreadPoolExecutor.java:624)
at java.lang.Thread.run(Thread.java:748)
]]>
    </failure>
  </testcase> <!-- testMultiProcessing -->
  <testcase name="testMultiProcessing" time="0.0" classname="swisseph.TestMultithread"/>
  <testcase name="testMultiProcessing" time="0.0" classname="swisseph.TestMultithread"/>
  <testcase name="testMultiProcessing" time="0.03" classname="swisseph.TestMultithread"/>
  <testcase name="testMultiProcessing" time="0.002" classname="swisseph.TestMultithread"/>
  <testcase name="testMultiProcessing" time="0.008" classname="swisseph.TestMultithread">
    <failure type="java.lang.NullPointerException">
      <![CDATA[java.lang.NullPointerException
at swisseph.FileData.get_new_segment(FileData.java:772)
at swisseph.SwissEph.sweph(SwissEph.java:4323)
at swisseph.SwissEph.sweplan(SwissEph.java:3872)
at swisseph.SwissEph.sweph_moon(SwissEph.java:3481)
at swisseph.SwissEph.swecalc(SwissEph.java:2949)
at swisseph.SwissEph._calc(SwissEph.java:420)
at swisseph.SwissEph.swe_calc(SwissEph.java:318)
at swisseph.SweDate.setGlobalTidalAcc(SweDate.java:946)
at swisseph.SweDate.swi_set_tid_acc(SweDate.java:892)
at swisseph.SwissEph.swe_calc_ut(SwissEph.java:271)
at swisseph.TestMultithread.testMultiProcessing(TestMultithread.java:47)
at sun.reflect.GeneratedMethodAccessor1.invoke(Unknown Source)
at sun.reflect.DelegatingMethodAccessorImpl.invoke(DelegatingMethodAccessorImpl.java:43)
at java.lang.reflect.Method.invoke(Method.java:498)
at org.testng.internal.MethodInvocationHelper.invokeMethod(MethodInvocationHelper.java:124)
at org.testng.internal.InvokeMethodRunnable.runOne(InvokeMethodRunnable.java:54)
at org.testng.internal.InvokeMethodRunnable.run(InvokeMethodRunnable.java:44)
at org.testng.internal.MethodInvocationHelper.invokeWithTimeoutWithNoExecutor(MethodInvocationHelper.java:278)
at org.testng.internal.MethodInvocationHelper.invokeWithTimeout(MethodInvocationHelper.java:265)
at org.testng.internal.Invoker.invokeMethod(Invoker.java:589)
at org.testng.internal.Invoker.invokeTestMethod(Invoker.java:719)
at org.testng.internal.Invoker.invokeTestMethods(Invoker.java:989)
at org.testng.internal.TestMethodWorker.invokeTestMethods(TestMethodWorker.java:125)
at org.testng.internal.TestMethodWorker.run(TestMethodWorker.java:109)
at org.testng.internal.thread.ThreadUtil$1.call(ThreadUtil.java:52)
at java.util.concurrent.FutureTask.run(FutureTask.java:266)
at java.util.concurrent.ThreadPoolExecutor.runWorker(ThreadPoolExecutor.java:1149)
at java.util.concurrent.ThreadPoolExecutor$Worker.run(ThreadPoolExecutor.java:624)
at java.lang.Thread.run(Thread.java:748)
]]>
    </failure>
  </testcase> <!-- testMultiProcessing -->
  <testcase name="testMultiProcessing" time="0.001" classname="swisseph.TestMultithread"/>
  <testcase name="testMultiProcessing" time="0.003" classname="swisseph.TestMultithread">
    <failure type="java.lang.NullPointerException">
      <![CDATA[java.lang.NullPointerException
at swisseph.FileData.get_new_segment(FileData.java:772)
at swisseph.SwissEph.sweph(SwissEph.java:4323)
at swisseph.SwissEph.sweplan(SwissEph.java:3872)
at swisseph.SwissEph.sweph_moon(SwissEph.java:3481)
at swisseph.SwissEph.swecalc(SwissEph.java:2949)
at swisseph.SwissEph._calc(SwissEph.java:420)
at swisseph.SwissEph.swe_calc(SwissEph.java:318)
at swisseph.SweDate.setGlobalTidalAcc(SweDate.java:946)
at swisseph.SweDate.swi_set_tid_acc(SweDate.java:892)
at swisseph.SwissEph.swe_calc_ut(SwissEph.java:271)
at swisseph.TestMultithread.testMultiProcessing(TestMultithread.java:47)
at sun.reflect.GeneratedMethodAccessor1.invoke(Unknown Source)
at sun.reflect.DelegatingMethodAccessorImpl.invoke(DelegatingMethodAccessorImpl.java:43)
at java.lang.reflect.Method.invoke(Method.java:498)
at org.testng.internal.MethodInvocationHelper.invokeMethod(MethodInvocationHelper.java:124)
at org.testng.internal.InvokeMethodRunnable.runOne(InvokeMethodRunnable.java:54)
at org.testng.internal.InvokeMethodRunnable.run(InvokeMethodRunnable.java:44)
at org.testng.internal.MethodInvocationHelper.invokeWithTimeoutWithNoExecutor(MethodInvocationHelper.java:278)
at org.testng.internal.MethodInvocationHelper.invokeWithTimeout(MethodInvocationHelper.java:265)
at org.testng.internal.Invoker.invokeMethod(Invoker.java:589)
at org.testng.internal.Invoker.invokeTestMethod(Invoker.java:719)
at org.testng.internal.Invoker.invokeTestMethods(Invoker.java:989)
at org.testng.internal.TestMethodWorker.invokeTestMethods(TestMethodWorker.java:125)
at org.testng.internal.TestMethodWorker.run(TestMethodWorker.java:109)
at org.testng.internal.thread.ThreadUtil$1.call(ThreadUtil.java:52)
at java.util.concurrent.FutureTask.run(FutureTask.java:266)
at java.util.concurrent.ThreadPoolExecutor.runWorker(ThreadPoolExecutor.java:1149)
at java.util.concurrent.ThreadPoolExecutor$Worker.run(ThreadPoolExecutor.java:624)
at java.lang.Thread.run(Thread.java:748)
]]>
    </failure>
  </testcase> <!-- testMultiProcessing -->
  <testcase name="testMultiProcessing" time="0.001" classname="swisseph.TestMultithread"/>
  <testcase name="testMultiProcessing" time="0.001" classname="swisseph.TestMultithread"/>
  <testcase name="testMultiProcessing" time="0.002" classname="swisseph.TestMultithread">
    <failure type="java.lang.NullPointerException">
      <![CDATA[java.lang.NullPointerException
at swisseph.FileData.get_new_segment(FileData.java:772)
at swisseph.SwissEph.sweph(SwissEph.java:4323)
at swisseph.SwissEph.sweplan(SwissEph.java:3872)
at swisseph.SwissEph.sweph_moon(SwissEph.java:3481)
at swisseph.SwissEph.swecalc(SwissEph.java:2949)
at swisseph.SwissEph._calc(SwissEph.java:420)
at swisseph.SwissEph.swe_calc(SwissEph.java:318)
at swisseph.SwissEph.swe_set_ephe_path(SwissEph.java:653)
at swisseph.SwissEph.<init>(SwissEph.java:167)
at swisseph.TestMultithread.testMultiProcessing(TestMultithread.java:36)
at sun.reflect.GeneratedMethodAccessor1.invoke(Unknown Source)
at sun.reflect.DelegatingMethodAccessorImpl.invoke(DelegatingMethodAccessorImpl.java:43)
at java.lang.reflect.Method.invoke(Method.java:498)
at org.testng.internal.MethodInvocationHelper.invokeMethod(MethodInvocationHelper.java:124)
at org.testng.internal.InvokeMethodRunnable.runOne(InvokeMethodRunnable.java:54)
at org.testng.internal.InvokeMethodRunnable.run(InvokeMethodRunnable.java:44)
at org.testng.internal.MethodInvocationHelper.invokeWithTimeoutWithNoExecutor(MethodInvocationHelper.java:278)
at org.testng.internal.MethodInvocationHelper.invokeWithTimeout(MethodInvocationHelper.java:265)
at org.testng.internal.Invoker.invokeMethod(Invoker.java:589)
at org.testng.internal.Invoker.invokeTestMethod(Invoker.java:719)
at org.testng.internal.Invoker.invokeTestMethods(Invoker.java:989)
at org.testng.internal.TestMethodWorker.invokeTestMethods(TestMethodWorker.java:125)
at org.testng.internal.TestMethodWorker.run(TestMethodWorker.java:109)
at org.testng.internal.thread.ThreadUtil$1.call(ThreadUtil.java:52)
at java.util.concurrent.FutureTask.run(FutureTask.java:266)
at java.util.concurrent.ThreadPoolExecutor.runWorker(ThreadPoolExecutor.java:1149)
at java.util.concurrent.ThreadPoolExecutor$Worker.run(ThreadPoolExecutor.java:624)
at java.lang.Thread.run(Thread.java:748)
]]>
    </failure>
  </testcase> <!-- testMultiProcessing -->
  <testcase name="testMultiProcessing" time="0.001" classname="swisseph.TestMultithread"/>
  <testcase name="testMultiProcessing" time="0.002" classname="swisseph.TestMultithread">
    <failure type="java.lang.NullPointerException">
      <![CDATA[java.lang.NullPointerException
at swisseph.FileData.get_new_segment(FileData.java:772)
at swisseph.SwissEph.sweph(SwissEph.java:4323)
at swisseph.SwissEph.sweplan(SwissEph.java:3872)
at swisseph.SwissEph.sweph_moon(SwissEph.java:3481)
at swisseph.SwissEph.swecalc(SwissEph.java:2949)
at swisseph.SwissEph._calc(SwissEph.java:420)
at swisseph.SwissEph.swe_calc(SwissEph.java:318)
at swisseph.SweDate.setGlobalTidalAcc(SweDate.java:946)
at swisseph.SweDate.swi_set_tid_acc(SweDate.java:892)
at swisseph.SwissEph.swe_calc_ut(SwissEph.java:271)
at swisseph.TestMultithread.testMultiProcessing(TestMultithread.java:47)
at sun.reflect.GeneratedMethodAccessor1.invoke(Unknown Source)
at sun.reflect.DelegatingMethodAccessorImpl.invoke(DelegatingMethodAccessorImpl.java:43)
at java.lang.reflect.Method.invoke(Method.java:498)
at org.testng.internal.MethodInvocationHelper.invokeMethod(MethodInvocationHelper.java:124)
at org.testng.internal.InvokeMethodRunnable.runOne(InvokeMethodRunnable.java:54)
at org.testng.internal.InvokeMethodRunnable.run(InvokeMethodRunnable.java:44)
at org.testng.internal.MethodInvocationHelper.invokeWithTimeoutWithNoExecutor(MethodInvocationHelper.java:278)
at org.testng.internal.MethodInvocationHelper.invokeWithTimeout(MethodInvocationHelper.java:265)
at org.testng.internal.Invoker.invokeMethod(Invoker.java:589)
at org.testng.internal.Invoker.invokeTestMethod(Invoker.java:719)
at org.testng.internal.Invoker.invokeTestMethods(Invoker.java:989)
at org.testng.internal.TestMethodWorker.invokeTestMethods(TestMethodWorker.java:125)
at org.testng.internal.TestMethodWorker.run(TestMethodWorker.java:109)
at org.testng.internal.thread.ThreadUtil$1.call(ThreadUtil.java:52)
at java.util.concurrent.FutureTask.run(FutureTask.java:266)
at java.util.concurrent.ThreadPoolExecutor.runWorker(ThreadPoolExecutor.java:1149)
at java.util.concurrent.ThreadPoolExecutor$Worker.run(ThreadPoolExecutor.java:624)
at java.lang.Thread.run(Thread.java:748)
]]>
    </failure>
  </testcase> <!-- testMultiProcessing -->
  <testcase name="testMultiProcessing" time="0.001" classname="swisseph.TestMultithread"/>
  <testcase name="testMultiProcessing" time="0.001" classname="swisseph.TestMultithread"/>
  <testcase name="testMultiProcessing" time="0.001" classname="swisseph.TestMultithread"/>
  <testcase name="testMultiProcessing" time="0.001" classname="swisseph.TestMultithread"/>
  <testcase name="testMultiProcessing" time="0.015" classname="swisseph.TestMultithread"/>
  <testcase name="testMultiProcessing" time="0.001" classname="swisseph.TestMultithread"/>
  <testcase name="testMultiProcessing" time="0.003" classname="swisseph.TestMultithread"/>
  <testcase name="testMultiProcessing" time="0.0" classname="swisseph.TestMultithread"/>
  <testcase name="testMultiProcessing" time="0.027" classname="swisseph.TestMultithread">
    <failure type="java.lang.NullPointerException">
      <![CDATA[java.lang.NullPointerException
at swisseph.FileData.get_new_segment(FileData.java:778)
at swisseph.SwissEph.sweph(SwissEph.java:4323)
at swisseph.SwissEph.sweplan(SwissEph.java:3872)
at swisseph.SwissEph.sweph_moon(SwissEph.java:3481)
at swisseph.SwissEph.swecalc(SwissEph.java:2949)
at swisseph.SwissEph._calc(SwissEph.java:420)
at swisseph.SwissEph.swe_calc(SwissEph.java:318)
at swisseph.SweDate.setGlobalTidalAcc(SweDate.java:946)
at swisseph.SweDate.swi_set_tid_acc(SweDate.java:892)
at swisseph.SwissEph.swe_calc_ut(SwissEph.java:271)
at swisseph.TestMultithread.testMultiProcessing(TestMultithread.java:47)
at sun.reflect.GeneratedMethodAccessor1.invoke(Unknown Source)
at sun.reflect.DelegatingMethodAccessorImpl.invoke(DelegatingMethodAccessorImpl.java:43)
at java.lang.reflect.Method.invoke(Method.java:498)
at org.testng.internal.MethodInvocationHelper.invokeMethod(MethodInvocationHelper.java:124)
at org.testng.internal.InvokeMethodRunnable.runOne(InvokeMethodRunnable.java:54)
at org.testng.internal.InvokeMethodRunnable.run(InvokeMethodRunnable.java:44)
at org.testng.internal.MethodInvocationHelper.invokeWithTimeoutWithNoExecutor(MethodInvocationHelper.java:278)
at org.testng.internal.MethodInvocationHelper.invokeWithTimeout(MethodInvocationHelper.java:265)
at org.testng.internal.Invoker.invokeMethod(Invoker.java:589)
at org.testng.internal.Invoker.invokeTestMethod(Invoker.java:719)
at org.testng.internal.Invoker.invokeTestMethods(Invoker.java:989)
at org.testng.internal.TestMethodWorker.invokeTestMethods(TestMethodWorker.java:125)
at org.testng.internal.TestMethodWorker.run(TestMethodWorker.java:109)
at org.testng.internal.thread.ThreadUtil$1.call(ThreadUtil.java:52)
at java.util.concurrent.FutureTask.run(FutureTask.java:266)
at java.util.concurrent.ThreadPoolExecutor.runWorker(ThreadPoolExecutor.java:1149)
at java.util.concurrent.ThreadPoolExecutor$Worker.run(ThreadPoolExecutor.java:624)
at java.lang.Thread.run(Thread.java:748)
]]>
    </failure>
  </testcase> <!-- testMultiProcessing -->
  <testcase name="testMultiProcessing" time="0.015" classname="swisseph.TestMultithread"/>
  <testcase name="testMultiProcessing" time="0.003" classname="swisseph.TestMultithread"/>
  <testcase name="testMultiProcessing" time="0.026" classname="swisseph.TestMultithread"/>
  <testcase name="testMultiProcessing" time="0.006" classname="swisseph.TestMultithread"/>
  <testcase name="testMultiProcessing" time="0.018" classname="swisseph.TestMultithread"/>
</testsuite> <!-- Default test -->
