<?xml version="1.0" encoding="UTF-8"?>
<testng-results skipped="0" failed="105" ignored="0" total="759" passed="654">
  <reporter-output>
  </reporter-output>
  <suite name="Default suite" duration-ms="1029" started-at="2019-05-10T05:42:08Z" finished-at="2019-05-10T05:42:09Z">
    <groups>
    </groups>
    <test name="Default test" duration-ms="1029" started-at="2019-05-10T05:42:08Z" finished-at="2019-05-10T05:42:09Z">
      <class name="swisseph.TestMultithread">
        <test-method status="FAIL" signature="testMultiProcessing()[pri:0, instance:swisseph.TestMultithread@5f375618]" name="testMultiProcessing" duration-ms="54" started-at="2019-05-10T05:42:08Z" finished-at="2019-05-10T05:42:08Z">
          <exception class="java.lang.NullPointerException">
            <full-stacktrace>
              <![CDATA[java.lang.NullPointerException
at swisseph.FileData.get_new_segment(FileData.java:772)
at swisseph.SwissEph.sweph(SwissEph.java:4323)
at swisseph.SwissEph.sweplan(SwissEph.java:3894)
at swisseph.SwissEph.sweph_moon(SwissEph.java:3481)
at swisseph.SwissEph.swecalc(SwissEph.java:2949)
at swisseph.SwissEph._calc(SwissEph.java:420)
at swisseph.SwissEph.swe_calc(SwissEph.java:318)
at swisseph.SweDate.setGlobalTidalAcc(SweDate.java:946)
at swisseph.SweDate.swi_set_tid_acc(SweDate.java:892)
at swisseph.SwissEph.swe_calc_ut(SwissEph.java:271)
at swisseph.TestMultithread.testMultiProcessing(TestMultithread.java:47)
at sun.reflect.NativeMethodAccessorImpl.invoke0(Native Method)
at sun.reflect.NativeMethodAccessorImpl.invoke(NativeMethodAccessorImpl.java:62)
at sun.reflect.DelegatingMethodAccessorImpl.invoke(DelegatingMethodAccessorImpl.java:43)
at java.lang.reflect.Method.invoke(Method.java:498)
at org.testng.internal.MethodInvocationHelper.invokeMethod(MethodInvocationHelper.java:124)
at org.testng.internal.InvokeMethodRunnable.runOne(InvokeMethodRunnable.java:54)
at org.testng.internal.InvokeMethodRunnable.run(InvokeMethodRunnable.java:44)
at org.testng.internal.MethodInvocationHelper.invokeWithTimeoutWithNoExecutor(MethodInvocationHelper.java:278)
at org.testng.internal.MethodInvocationHelper.invokeWithTimeout(MethodInvocationHelper.java:265)
at org.testng.internal.Invoker.invokeMethod(Invoker.java:589)
at org.testng.internal.Invoker.invokeTestMethod(Invoker.java:719)
at org.testng.internal.Invoker.invokeTestMethods(Invoker.java:989)
at org.testng.internal.TestMethodWorker.invokeTestMethods(TestMethodWorker.java:125)
at org.testng.internal.TestMethodWorker.run(TestMethodWorker.java:109)
at org.testng.internal.thread.ThreadUtil$1.call(ThreadUtil.java:52)
at java.util.concurrent.FutureTask.run(FutureTask.java:266)
at java.util.concurrent.ThreadPoolExecutor.runWorker(ThreadPoolExecutor.java:1149)
at java.util.concurrent.ThreadPoolExecutor$Worker.run(ThreadPoolExecutor.java:624)
at java.lang.Thread.run(Thread.java:748)
]]>
            </full-stacktrace>
          </exception> <!-- java.lang.NullPointerException -->
          <reporter-output>
          </reporter-output>
        </test-method> <!-- testMultiProcessing -->
        <test-method status="PASS" signature="testMultiProcessing()[pri:0, instance:swisseph.TestMultithread@5f375618]" name="testMultiProcessing" duration-ms="54" started-at="2019-05-10T05:42:08Z" finished-at="2019-05-10T05:42:08Z">
          <reporter-output>
          </reporter-output>
        </test-method> <!-- testMultiProcessing -->
        <test-method status="PASS" signature="testMultiProcessing()[pri:0, instance:swisseph.TestMultithread@5f375618]" name="testMultiProcessing" duration-ms="58" started-at="2019-05-10T05:42:08Z" finished-at="2019-05-10T05:42:08Z">
          <reporter-output>
          </reporter-output>
        </test-method> <!-- testMultiProcessing -->
        <test-method status="PASS" signature="testMultiProcessing()[pri:0, instance:swisseph.TestMultithread@5f375618]" name="testMultiProcessing" duration-ms="49" started-at="2019-05-10T05:42:08Z" finished-at="2019-05-10T05:42:08Z">
          <reporter-output>
          </reporter-output>
        </test-method> <!-- testMultiProcessing -->
        <test-method status="PASS" signature="testMultiProcessing()[pri:0, instance:swisseph.TestMultithread@5f375618]" name="testMultiProcessing" duration-ms="49" started-at="2019-05-10T05:42:08Z" finished-at="2019-05-10T05:42:08Z">
          <reporter-output>
          </reporter-output>
        </test-method> <!-- testMultiProcessing -->
        <test-method status="PASS" signature="testMultiProcessing()[pri:0, instance:swisseph.TestMultithread@5f375618]" name="testMultiProcessing" duration-ms="54" started-at="2019-05-10T05:42:08Z" finished-at="2019-05-10T05:42:08Z">
          <reporter-output>
          </reporter-output>
        </test-method> <!-- testMultiProcessing -->
        <test-method status="PASS" signature="testMultiProcessing()[pri:0, instance:swisseph.TestMultithread@5f375618]" name="testMultiProcessing" duration-ms="57" started-at="2019-05-10T05:42:08Z" finished-at="2019-05-10T05:42:08Z">
          <reporter-output>
          </reporter-output>
        </test-method> <!-- testMultiProcessing -->
        <test-method status="PASS" signature="testMultiProcessing()[pri:0, instance:swisseph.TestMultithread@5f375618]" name="testMultiProcessing" duration-ms="57" started-at="2019-05-10T05:42:08Z" finished-at="2019-05-10T05:42:08Z">
          <reporter-output>
          </reporter-output>
        </test-method> <!-- testMultiProcessing -->
        <test-method status="PASS" signature="testMultiProcessing()[pri:0, instance:swisseph.TestMultithread@5f375618]" name="testMultiProcessing" duration-ms="48" started-at="2019-05-10T05:42:08Z" finished-at="2019-05-10T05:42:08Z">
          <reporter-output>
          </reporter-output>
        </test-method> <!-- testMultiProcessing -->
        <test-method status="PASS" signature="testMultiProcessing()[pri:0, instance:swisseph.TestMultithread@5f375618]" name="testMultiProcessing" duration-ms="48" started-at="2019-05-10T05:42:08Z" finished-at="2019-05-10T05:42:08Z">
          <reporter-output>
          </reporter-output>
        </test-method> <!-- testMultiProcessing -->
        <test-method status="PASS" signature="testMultiProcessing()[pri:0, instance:swisseph.TestMultithread@5f375618]" name="testMultiProcessing" duration-ms="11" started-at="2019-05-10T05:42:08Z" finished-at="2019-05-10T05:42:08Z">
          <reporter-output>
          </reporter-output>
        </test-method> <!-- testMultiProcessing -->
        <test-method status="PASS" signature="testMultiProcessing()[pri:0, instance:swisseph.TestMultithread@5f375618]" name="testMultiProcessing" duration-ms="17" started-at="2019-05-10T05:42:08Z" finished-at="2019-05-10T05:42:08Z">
          <reporter-output>
          </reporter-output>
        </test-method> <!-- testMultiProcessing -->
        <test-method status="PASS" signature="testMultiProcessing()[pri:0, instance:swisseph.TestMultithread@5f375618]" name="testMultiProcessing" duration-ms="5" started-at="2019-05-10T05:42:08Z" finished-at="2019-05-10T05:42:08Z">
          <reporter-output>
          </reporter-output>
        </test-method> <!-- testMultiProcessing -->
        <test-method status="PASS" signature="testMultiProcessing()[pri:0, instance:swisseph.TestMultithread@5f375618]" name="testMultiProcessing" duration-ms="7" started-at="2019-05-10T05:42:08Z" finished-at="2019-05-10T05:42:08Z">
          <reporter-output>
          </reporter-output>
        </test-method> <!-- testMultiProcessing -->
        <test-method status="PASS" signature="testMultiProcessing()[pri:0, instance:swisseph.TestMultithread@5f375618]" name="testMultiProcessing" duration-ms="10" started-at="2019-05-10T05:42:08Z" finished-at="2019-05-10T05:42:08Z">
          <reporter-output>
          </reporter-output>
        </test-method> <!-- testMultiProcessing -->
        <test-method status="PASS" signature="testMultiProcessing()[pri:0, instance:swisseph.TestMultithread@5f375618]" name="testMultiProcessing" duration-ms="3" started-at="2019-05-10T05:42:08Z" finished-at="2019-05-10T05:42:08Z">
          <reporter-output>
          </reporter-output>
        </test-method> <!-- testMultiProcessing -->
        <test-method status="PASS" signature="testMultiProcessing()[pri:0, instance:swisseph.TestMultithread@5f375618]" name="testMultiProcessing" duration-ms="14" started-at="2019-05-10T05:42:08Z" finished-at="2019-05-10T05:42:08Z">
          <reporter-output>
          </reporter-output>
        </test-method> <!-- testMultiProcessing -->
        <test-method status="FAIL" signature="testMultiProcessing()[pri:0, instance:swisseph.TestMultithread@5f375618]" name="testMultiProcessing" duration-ms="7" started-at="2019-05-10T05:42:08Z" finished-at="2019-05-10T05:42:08Z">
          <exception class="java.lang.AssertionError">
            <full-stacktrace>
              <![CDATA[java.lang.AssertionError
at org.junit.Assert.fail(Assert.java:86)
at org.junit.Assert.assertTrue(Assert.java:41)
at org.junit.Assert.assertTrue(Assert.java:52)
at swisseph.TestMultithread.testMultiProcessing(TestMultithread.java:74)
at sun.reflect.GeneratedMethodAccessor1.invoke(Unknown Source)
at sun.reflect.DelegatingMethodAccessorImpl.invoke(DelegatingMethodAccessorImpl.java:43)
at java.lang.reflect.Method.invoke(Method.java:498)
at org.testng.internal.MethodInvocationHelper.invokeMethod(MethodInvocationHelper.java:124)
at org.testng.internal.InvokeMethodRunnable.runOne(InvokeMethodRunnable.java:54)
at org.testng.internal.InvokeMethodRunnable.run(InvokeMethodRunnable.java:44)
at org.testng.internal.MethodInvocationHelper.invokeWithTimeoutWithNoExecutor(MethodInvocationHelper.java:278)
at org.testng.internal.MethodInvocationHelper.invokeWithTimeout(MethodInvocationHelper.java:265)
at org.testng.internal.Invoker.invokeMethod(Invoker.java:589)
at org.testng.internal.Invoker.invokeTestMethod(Invoker.java:719)
at org.testng.internal.Invoker.invokeTestMethods(Invoker.java:989)
at org.testng.internal.TestMethodWorker.invokeTestMethods(TestMethodWorker.java:125)
at org.testng.internal.TestMethodWorker.run(TestMethodWorker.java:109)
at org.testng.internal.thread.ThreadUtil$1.call(ThreadUtil.java:52)
at java.util.concurrent.FutureTask.run(FutureTask.java:266)
at java.util.concurrent.ThreadPoolExecutor.runWorker(ThreadPoolExecutor.java:1149)
at java.util.concurrent.ThreadPoolExecutor$Worker.run(ThreadPoolExecutor.java:624)
at java.lang.Thread.run(Thread.java:748)
]]>
            </full-stacktrace>
          </exception> <!-- java.lang.AssertionError -->
          <reporter-output>
          </reporter-output>
        </test-method> <!-- testMultiProcessing -->
        <test-method status="PASS" signature="testMultiProcessing()[pri:0, instance:swisseph.TestMultithread@5f375618]" name="testMultiProcessing" duration-ms="6" started-at="2019-05-10T05:42:08Z" finished-at="2019-05-10T05:42:08Z">
          <reporter-output>
          </reporter-output>
        </test-method> <!-- testMultiProcessing -->
        <test-method status="FAIL" signature="testMultiProcessing()[pri:0, instance:swisseph.TestMultithread@5f375618]" name="testMultiProcessing" duration-ms="4" started-at="2019-05-10T05:42:08Z" finished-at="2019-05-10T05:42:08Z">
          <exception class="java.lang.NullPointerException">
            <full-stacktrace>
              <![CDATA[java.lang.NullPointerException
at swisseph.FileData.get_new_segment(FileData.java:772)
at swisseph.SwissEph.sweph(SwissEph.java:4323)
at swisseph.SwissEph.sweplan(SwissEph.java:3872)
at swisseph.SwissEph.sweph_moon(SwissEph.java:3481)
at swisseph.SwissEph.swecalc(SwissEph.java:2949)
at swisseph.SwissEph._calc(SwissEph.java:420)
at swisseph.SwissEph.swe_calc(SwissEph.java:318)
at swisseph.SweDate.setGlobalTidalAcc(SweDate.java:946)
at swisseph.SweDate.swi_set_tid_acc(SweDate.java:892)
at swisseph.SwissEph.swe_calc_ut(SwissEph.java:271)
at swisseph.TestMultithread.testMultiProcessing(TestMultithread.java:47)
at sun.reflect.GeneratedMethodAccessor1.invoke(Unknown Source)
at sun.reflect.DelegatingMethodAccessorImpl.invoke(DelegatingMethodAccessorImpl.java:43)
at java.lang.reflect.Method.invoke(Method.java:498)
at org.testng.internal.MethodInvocationHelper.invokeMethod(MethodInvocationHelper.java:124)
at org.testng.internal.InvokeMethodRunnable.runOne(InvokeMethodRunnable.java:54)
at org.testng.internal.InvokeMethodRunnable.run(InvokeMethodRunnable.java:44)
at org.testng.internal.MethodInvocationHelper.invokeWithTimeoutWithNoExecutor(MethodInvocationHelper.java:278)
at org.testng.internal.MethodInvocationHelper.invokeWithTimeout(MethodInvocationHelper.java:265)
at org.testng.internal.Invoker.invokeMethod(Invoker.java:589)
at org.testng.internal.Invoker.invokeTestMethod(Invoker.java:719)
at org.testng.internal.Invoker.invokeTestMethods(Invoker.java:989)
at org.testng.internal.TestMethodWorker.invokeTestMethods(TestMethodWorker.java:125)
at org.testng.internal.TestMethodWorker.run(TestMethodWorker.java:109)
at org.testng.internal.thread.ThreadUtil$1.call(ThreadUtil.java:52)
at java.util.concurrent.FutureTask.run(FutureTask.java:266)
at java.util.concurrent.ThreadPoolExecutor.runWorker(ThreadPoolExecutor.java:1149)
at java.util.concurrent.ThreadPoolExecutor$Worker.run(ThreadPoolExecutor.java:624)
at java.lang.Thread.run(Thread.java:748)
]]>
            </full-stacktrace>
          </exception> <!-- java.lang.NullPointerException -->
          <reporter-output>
          </reporter-output>
        </test-method> <!-- testMultiProcessing -->
        <test-method status="FAIL" signature="testMultiProcessing()[pri:0, instance:swisseph.TestMultithread@5f375618]" name="testMultiProcessing" duration-ms="55" started-at="2019-05-10T05:42:08Z" finished-at="2019-05-10T05:42:08Z">
          <exception class="java.lang.AssertionError">
            <full-stacktrace>
              <![CDATA[java.lang.AssertionError
at org.junit.Assert.fail(Assert.java:86)
at org.junit.Assert.assertTrue(Assert.java:41)
at org.junit.Assert.assertTrue(Assert.java:52)
at swisseph.TestMultithread.testMultiProcessing(TestMultithread.java:74)
at sun.reflect.GeneratedMethodAccessor1.invoke(Unknown Source)
at sun.reflect.DelegatingMethodAccessorImpl.invoke(DelegatingMethodAccessorImpl.java:43)
at java.lang.reflect.Method.invoke(Method.java:498)
at org.testng.internal.MethodInvocationHelper.invokeMethod(MethodInvocationHelper.java:124)
at org.testng.internal.InvokeMethodRunnable.runOne(InvokeMethodRunnable.java:54)
at org.testng.internal.InvokeMethodRunnable.run(InvokeMethodRunnable.java:44)
at org.testng.internal.MethodInvocationHelper.invokeWithTimeoutWithNoExecutor(MethodInvocationHelper.java:278)
at org.testng.internal.MethodInvocationHelper.invokeWithTimeout(MethodInvocationHelper.java:265)
at org.testng.internal.Invoker.invokeMethod(Invoker.java:589)
at org.testng.internal.Invoker.invokeTestMethod(Invoker.java:719)
at org.testng.internal.Invoker.invokeTestMethods(Invoker.java:989)
at org.testng.internal.TestMethodWorker.invokeTestMethods(TestMethodWorker.java:125)
at org.testng.internal.TestMethodWorker.run(TestMethodWorker.java:109)
at org.testng.internal.thread.ThreadUtil$1.call(ThreadUtil.java:52)
at java.util.concurrent.FutureTask.run(FutureTask.java:266)
at java.util.concurrent.ThreadPoolExecutor.runWorker(ThreadPoolExecutor.java:1149)
at java.util.concurrent.ThreadPoolExecutor$Worker.run(ThreadPoolExecutor.java:624)
at java.lang.Thread.run(Thread.java:748)
]]>
            </full-stacktrace>
          </exception> <!-- java.lang.AssertionError -->
          <reporter-output>
          </reporter-output>
        </test-method> <!-- testMultiProcessing -->
        <test-method status="FAIL" signature="testMultiProcessing()[pri:0, instance:swisseph.TestMultithread@5f375618]" name="testMultiProcessing" duration-ms="2" started-at="2019-05-10T05:42:08Z" finished-at="2019-05-10T05:42:08Z">
          <exception class="java.lang.NullPointerException">
            <full-stacktrace>
              <![CDATA[java.lang.NullPointerException
at swisseph.FileData.get_new_segment(FileData.java:772)
at swisseph.SwissEph.sweph(SwissEph.java:4323)
at swisseph.SwissEph.sweplan(SwissEph.java:3872)
at swisseph.SwissEph.sweph_moon(SwissEph.java:3481)
at swisseph.SwissEph.swecalc(SwissEph.java:2949)
at swisseph.SwissEph._calc(SwissEph.java:420)
at swisseph.SwissEph.swe_calc(SwissEph.java:318)
at swisseph.SweDate.setGlobalTidalAcc(SweDate.java:946)
at swisseph.SweDate.swi_set_tid_acc(SweDate.java:892)
at swisseph.SwissEph.swe_calc_ut(SwissEph.java:271)
at swisseph.TestMultithread.testMultiProcessing(TestMultithread.java:47)
at sun.reflect.GeneratedMethodAccessor1.invoke(Unknown Source)
at sun.reflect.DelegatingMethodAccessorImpl.invoke(DelegatingMethodAccessorImpl.java:43)
at java.lang.reflect.Method.invoke(Method.java:498)
at org.testng.internal.MethodInvocationHelper.invokeMethod(MethodInvocationHelper.java:124)
at org.testng.internal.InvokeMethodRunnable.runOne(InvokeMethodRunnable.java:54)
at org.testng.internal.InvokeMethodRunnable.run(InvokeMethodRunnable.java:44)
at org.testng.internal.MethodInvocationHelper.invokeWithTimeoutWithNoExecutor(MethodInvocationHelper.java:278)
at org.testng.internal.MethodInvocationHelper.invokeWithTimeout(MethodInvocationHelper.java:265)
at org.testng.internal.Invoker.invokeMethod(Invoker.java:589)
at org.testng.internal.Invoker.invokeTestMethod(Invoker.java:719)
at org.testng.internal.Invoker.invokeTestMethods(Invoker.java:989)
at org.testng.internal.TestMethodWorker.invokeTestMethods(TestMethodWorker.java:125)
at org.testng.internal.TestMethodWorker.run(TestMethodWorker.java:109)
at org.testng.internal.thread.ThreadUtil$1.call(ThreadUtil.java:52)
at java.util.concurrent.FutureTask.run(FutureTask.java:266)
at java.util.concurrent.ThreadPoolExecutor.runWorker(ThreadPoolExecutor.java:1149)
at java.util.concurrent.ThreadPoolExecutor$Worker.run(ThreadPoolExecutor.java:624)
at java.lang.Thread.run(Thread.java:748)
]]>
            </full-stacktrace>
          </exception> <!-- java.lang.NullPointerException -->
          <reporter-output>
          </reporter-output>
        </test-method> <!-- testMultiProcessing -->
        <test-method status="PASS" signature="testMultiProcessing()[pri:0, instance:swisseph.TestMultithread@5f375618]" name="testMultiProcessing" duration-ms="3" started-at="2019-05-10T05:42:08Z" finished-at="2019-05-10T05:42:08Z">
          <reporter-output>
          </reporter-output>
        </test-method> <!-- testMultiProcessing -->
        <test-method status="PASS" signature="testMultiProcessing()[pri:0, instance:swisseph.TestMultithread@5f375618]" name="testMultiProcessing" duration-ms="2" started-at="2019-05-10T05:42:08Z" finished-at="2019-05-10T05:42:08Z">
          <reporter-output>
          </reporter-output>
        </test-method> <!-- testMultiProcessing -->
        <test-method status="PASS" signature="testMultiProcessing()[pri:0, instance:swisseph.TestMultithread@5f375618]" name="testMultiProcessing" duration-ms="2" started-at="2019-05-10T05:42:08Z" finished-at="2019-05-10T05:42:08Z">
          <reporter-output>
          </reporter-output>
        </test-method> <!-- testMultiProcessing -->
        <test-method status="PASS" signature="testMultiProcessing()[pri:0, instance:swisseph.TestMultithread@5f375618]" name="testMultiProcessing" duration-ms="2" started-at="2019-05-10T05:42:08Z" finished-at="2019-05-10T05:42:08Z">
          <reporter-output>
          </reporter-output>
        </test-method> <!-- testMultiProcessing -->
        <test-method status="PASS" signature="testMultiProcessing()[pri:0, instance:swisseph.TestMultithread@5f375618]" name="testMultiProcessing" duration-ms="4" started-at="2019-05-10T05:42:08Z" finished-at="2019-05-10T05:42:08Z">
          <reporter-output>
          </reporter-output>
        </test-method> <!-- testMultiProcessing -->
        <test-method status="PASS" signature="testMultiProcessing()[pri:0, instance:swisseph.TestMultithread@5f375618]" name="testMultiProcessing" duration-ms="13" started-at="2019-05-10T05:42:08Z" finished-at="2019-05-10T05:42:08Z">
          <reporter-output>
          </reporter-output>
        </test-method> <!-- testMultiProcessing -->
        <test-method status="FAIL" signature="testMultiProcessing()[pri:0, instance:swisseph.TestMultithread@5f375618]" name="testMultiProcessing" duration-ms="55" started-at="2019-05-10T05:42:08Z" finished-at="2019-05-10T05:42:08Z">
          <exception class="java.lang.NullPointerException">
            <full-stacktrace>
              <![CDATA[java.lang.NullPointerException
at swisseph.FileData.get_new_segment(FileData.java:778)
at swisseph.SwissEph.sweph(SwissEph.java:4323)
at swisseph.SwissEph.sweplan(SwissEph.java:3872)
at swisseph.SwissEph.sweph_moon(SwissEph.java:3481)
at swisseph.SwissEph.swecalc(SwissEph.java:2949)
at swisseph.SwissEph._calc(SwissEph.java:420)
at swisseph.SwissEph.swe_calc(SwissEph.java:318)
at swisseph.SwissEph.swe_set_ephe_path(SwissEph.java:653)
at swisseph.SwissEph.<init>(SwissEph.java:167)
at swisseph.TestMultithread.testMultiProcessing(TestMultithread.java:36)
at sun.reflect.GeneratedMethodAccessor1.invoke(Unknown Source)
at sun.reflect.DelegatingMethodAccessorImpl.invoke(DelegatingMethodAccessorImpl.java:43)
at java.lang.reflect.Method.invoke(Method.java:498)
at org.testng.internal.MethodInvocationHelper.invokeMethod(MethodInvocationHelper.java:124)
at org.testng.internal.InvokeMethodRunnable.runOne(InvokeMethodRunnable.java:54)
at org.testng.internal.InvokeMethodRunnable.run(InvokeMethodRunnable.java:44)
at org.testng.internal.MethodInvocationHelper.invokeWithTimeoutWithNoExecutor(MethodInvocationHelper.java:278)
at org.testng.internal.MethodInvocationHelper.invokeWithTimeout(MethodInvocationHelper.java:265)
at org.testng.internal.Invoker.invokeMethod(Invoker.java:589)
at org.testng.internal.Invoker.invokeTestMethod(Invoker.java:719)
at org.testng.internal.Invoker.invokeTestMethods(Invoker.java:989)
at org.testng.internal.TestMethodWorker.invokeTestMethods(TestMethodWorker.java:125)
at org.testng.internal.TestMethodWorker.run(TestMethodWorker.java:109)
at org.testng.internal.thread.ThreadUtil$1.call(ThreadUtil.java:52)
at java.util.concurrent.FutureTask.run(FutureTask.java:266)
at java.util.concurrent.ThreadPoolExecutor.runWorker(ThreadPoolExecutor.java:1149)
at java.util.concurrent.ThreadPoolExecutor$Worker.run(ThreadPoolExecutor.java:624)
at java.lang.Thread.run(Thread.java:748)
]]>
            </full-stacktrace>
          </exception> <!-- java.lang.NullPointerException -->
          <reporter-output>
          </reporter-output>
        </test-method> <!-- testMultiProcessing -->
        <test-method status="PASS" signature="testMultiProcessing()[pri:0, instance:swisseph.TestMultithread@5f375618]" name="testMultiProcessing" duration-ms="10" started-at="2019-05-10T05:42:08Z" finished-at="2019-05-10T05:42:08Z">
          <reporter-output>
          </reporter-output>
        </test-method> <!-- testMultiProcessing -->
        <test-method status="FAIL" signature="testMultiProcessing()[pri:0, instance:swisseph.TestMultithread@5f375618]" name="testMultiProcessing" duration-ms="43" started-at="2019-05-10T05:42:08Z" finished-at="2019-05-10T05:42:08Z">
          <exception class="java.lang.NullPointerException">
            <full-stacktrace>
              <![CDATA[java.lang.NullPointerException
at swisseph.FileData.get_new_segment(FileData.java:772)
at swisseph.SwissEph.sweph(SwissEph.java:4323)
at swisseph.SwissEph.sweplan(SwissEph.java:3872)
at swisseph.SwissEph.sweph_moon(SwissEph.java:3481)
at swisseph.SwissEph.swecalc(SwissEph.java:2949)
at swisseph.SwissEph._calc(SwissEph.java:420)
at swisseph.SwissEph.swe_calc(SwissEph.java:318)
at swisseph.SweDate.setGlobalTidalAcc(SweDate.java:946)
at swisseph.SweDate.swi_set_tid_acc(SweDate.java:892)
at swisseph.SwissEph.swe_calc_ut(SwissEph.java:271)
at swisseph.TestMultithread.testMultiProcessing(TestMultithread.java:47)
at sun.reflect.GeneratedMethodAccessor1.invoke(Unknown Source)
at sun.reflect.DelegatingMethodAccessorImpl.invoke(DelegatingMethodAccessorImpl.java:43)
at java.lang.reflect.Method.invoke(Method.java:498)
at org.testng.internal.MethodInvocationHelper.invokeMethod(MethodInvocationHelper.java:124)
at org.testng.internal.InvokeMethodRunnable.runOne(InvokeMethodRunnable.java:54)
at org.testng.internal.InvokeMethodRunnable.run(InvokeMethodRunnable.java:44)
at org.testng.internal.MethodInvocationHelper.invokeWithTimeoutWithNoExecutor(MethodInvocationHelper.java:278)
at org.testng.internal.MethodInvocationHelper.invokeWithTimeout(MethodInvocationHelper.java:265)
at org.testng.internal.Invoker.invokeMethod(Invoker.java:589)
at org.testng.internal.Invoker.invokeTestMethod(Invoker.java:719)
at org.testng.internal.Invoker.invokeTestMethods(Invoker.java:989)
at org.testng.internal.TestMethodWorker.invokeTestMethods(TestMethodWorker.java:125)
at org.testng.internal.TestMethodWorker.run(TestMethodWorker.java:109)
at org.testng.internal.thread.ThreadUtil$1.call(ThreadUtil.java:52)
at java.util.concurrent.FutureTask.run(FutureTask.java:266)
at java.util.concurrent.ThreadPoolExecutor.runWorker(ThreadPoolExecutor.java:1149)
at java.util.concurrent.ThreadPoolExecutor$Worker.run(ThreadPoolExecutor.java:624)
at java.lang.Thread.run(Thread.java:748)
]]>
            </full-stacktrace>
          </exception> <!-- java.lang.NullPointerException -->
          <reporter-output>
          </reporter-output>
        </test-method> <!-- testMultiProcessing -->
        <test-method status="PASS" signature="testMultiProcessing()[pri:0, instance:swisseph.TestMultithread@5f375618]" name="testMultiProcessing" duration-ms="2" started-at="2019-05-10T05:42:08Z" finished-at="2019-05-10T05:42:08Z">
          <reporter-output>
          </reporter-output>
        </test-method> <!-- testMultiProcessing -->
        <test-method status="PASS" signature="testMultiProcessing()[pri:0, instance:swisseph.TestMultithread@5f375618]" name="testMultiProcessing" duration-ms="2" started-at="2019-05-10T05:42:08Z" finished-at="2019-05-10T05:42:08Z">
          <reporter-output>
          </reporter-output>
        </test-method> <!-- testMultiProcessing -->
        <test-method status="PASS" signature="testMultiProcessing()[pri:0, instance:swisseph.TestMultithread@5f375618]" name="testMultiProcessing" duration-ms="1" started-at="2019-05-10T05:42:08Z" finished-at="2019-05-10T05:42:08Z">
          <reporter-output>
          </reporter-output>
        </test-method> <!-- testMultiProcessing -->
        <test-method status="PASS" signature="testMultiProcessing()[pri:0, instance:swisseph.TestMultithread@5f375618]" name="testMultiProcessing" duration-ms="2" started-at="2019-05-10T05:42:08Z" finished-at="2019-05-10T05:42:08Z">
          <reporter-output>
          </reporter-output>
        </test-method> <!-- testMultiProcessing -->
        <test-method status="PASS" signature="testMultiProcessing()[pri:0, instance:swisseph.TestMultithread@5f375618]" name="testMultiProcessing" duration-ms="2" started-at="2019-05-10T05:42:08Z" finished-at="2019-05-10T05:42:08Z">
          <reporter-output>
          </reporter-output>
        </test-method> <!-- testMultiProcessing -->
        <test-method status="PASS" signature="testMultiProcessing()[pri:0, instance:swisseph.TestMultithread@5f375618]" name="testMultiProcessing" duration-ms="1" started-at="2019-05-10T05:42:08Z" finished-at="2019-05-10T05:42:08Z">
          <reporter-output>
          </reporter-output>
        </test-method> <!-- testMultiProcessing -->
        <test-method status="PASS" signature="testMultiProcessing()[pri:0, instance:swisseph.TestMultithread@5f375618]" name="testMultiProcessing" duration-ms="1" started-at="2019-05-10T05:42:08Z" finished-at="2019-05-10T05:42:08Z">
          <reporter-output>
          </reporter-output>
        </test-method> <!-- testMultiProcessing -->
        <test-method status="PASS" signature="testMultiProcessing()[pri:0, instance:swisseph.TestMultithread@5f375618]" name="testMultiProcessing" duration-ms="7" started-at="2019-05-10T05:42:08Z" finished-at="2019-05-10T05:42:08Z">
          <reporter-output>
          </reporter-output>
        </test-method> <!-- testMultiProcessing -->
        <test-method status="PASS" signature="testMultiProcessing()[pri:0, instance:swisseph.TestMultithread@5f375618]" name="testMultiProcessing" duration-ms="2" started-at="2019-05-10T05:42:08Z" finished-at="2019-05-10T05:42:08Z">
          <reporter-output>
          </reporter-output>
        </test-method> <!-- testMultiProcessing -->
        <test-method status="FAIL" signature="testMultiProcessing()[pri:0, instance:swisseph.TestMultithread@5f375618]" name="testMultiProcessing" duration-ms="10" started-at="2019-05-10T05:42:08Z" finished-at="2019-05-10T05:42:08Z">
          <exception class="java.lang.NullPointerException">
            <full-stacktrace>
              <![CDATA[java.lang.NullPointerException
at swisseph.FileData.get_new_segment(FileData.java:772)
at swisseph.SwissEph.sweph(SwissEph.java:4323)
at swisseph.SwissEph.sweplan(SwissEph.java:3872)
at swisseph.SwissEph.sweph_moon(SwissEph.java:3481)
at swisseph.SwissEph.swecalc(SwissEph.java:2949)
at swisseph.SwissEph._calc(SwissEph.java:420)
at swisseph.SwissEph.swe_calc(SwissEph.java:318)
at swisseph.SweDate.setGlobalTidalAcc(SweDate.java:946)
at swisseph.SweDate.swi_set_tid_acc(SweDate.java:892)
at swisseph.SwissEph.swe_calc_ut(SwissEph.java:271)
at swisseph.TestMultithread.testMultiProcessing(TestMultithread.java:47)
at sun.reflect.GeneratedMethodAccessor1.invoke(Unknown Source)
at sun.reflect.DelegatingMethodAccessorImpl.invoke(DelegatingMethodAccessorImpl.java:43)
at java.lang.reflect.Method.invoke(Method.java:498)
at org.testng.internal.MethodInvocationHelper.invokeMethod(MethodInvocationHelper.java:124)
at org.testng.internal.InvokeMethodRunnable.runOne(InvokeMethodRunnable.java:54)
at org.testng.internal.InvokeMethodRunnable.run(InvokeMethodRunnable.java:44)
at org.testng.internal.MethodInvocationHelper.invokeWithTimeoutWithNoExecutor(MethodInvocationHelper.java:278)
at org.testng.internal.MethodInvocationHelper.invokeWithTimeout(MethodInvocationHelper.java:265)
at org.testng.internal.Invoker.invokeMethod(Invoker.java:589)
at org.testng.internal.Invoker.invokeTestMethod(Invoker.java:719)
at org.testng.internal.Invoker.invokeTestMethods(Invoker.java:989)
at org.testng.internal.TestMethodWorker.invokeTestMethods(TestMethodWorker.java:125)
at org.testng.internal.TestMethodWorker.run(TestMethodWorker.java:109)
at org.testng.internal.thread.ThreadUtil$1.call(ThreadUtil.java:52)
at java.util.concurrent.FutureTask.run(FutureTask.java:266)
at java.util.concurrent.ThreadPoolExecutor.runWorker(ThreadPoolExecutor.java:1149)
at java.util.concurrent.ThreadPoolExecutor$Worker.run(ThreadPoolExecutor.java:624)
at java.lang.Thread.run(Thread.java:748)
]]>
            </full-stacktrace>
          </exception> <!-- java.lang.NullPointerException -->
          <reporter-output>
          </reporter-output>
        </test-method> <!-- testMultiProcessing -->
        <test-method status="PASS" signature="testMultiProcessing()[pri:0, instance:swisseph.TestMultithread@5f375618]" name="testMultiProcessing" duration-ms="2" started-at="2019-05-10T05:42:08Z" finished-at="2019-05-10T05:42:08Z">
          <reporter-output>
          </reporter-output>
        </test-method> <!-- testMultiProcessing -->
        <test-method status="PASS" signature="testMultiProcessing()[pri:0, instance:swisseph.TestMultithread@5f375618]" name="testMultiProcessing" duration-ms="4" started-at="2019-05-10T05:42:08Z" finished-at="2019-05-10T05:42:08Z">
          <reporter-output>
          </reporter-output>
        </test-method> <!-- testMultiProcessing -->
        <test-method status="PASS" signature="testMultiProcessing()[pri:0, instance:swisseph.TestMultithread@5f375618]" name="testMultiProcessing" duration-ms="5" started-at="2019-05-10T05:42:08Z" finished-at="2019-05-10T05:42:08Z">
          <reporter-output>
          </reporter-output>
        </test-method> <!-- testMultiProcessing -->
        <test-method status="PASS" signature="testMultiProcessing()[pri:0, instance:swisseph.TestMultithread@5f375618]" name="testMultiProcessing" duration-ms="15" started-at="2019-05-10T05:42:08Z" finished-at="2019-05-10T05:42:08Z">
          <reporter-output>
          </reporter-output>
        </test-method> <!-- testMultiProcessing -->
        <test-method status="PASS" signature="testMultiProcessing()[pri:0, instance:swisseph.TestMultithread@5f375618]" name="testMultiProcessing" duration-ms="25" started-at="2019-05-10T05:42:08Z" finished-at="2019-05-10T05:42:08Z">
          <reporter-output>
          </reporter-output>
        </test-method> <!-- testMultiProcessing -->
        <test-method status="PASS" signature="testMultiProcessing()[pri:0, instance:swisseph.TestMultithread@5f375618]" name="testMultiProcessing" duration-ms="2" started-at="2019-05-10T05:42:08Z" finished-at="2019-05-10T05:42:08Z">
          <reporter-output>
          </reporter-output>
        </test-method> <!-- testMultiProcessing -->
        <test-method status="PASS" signature="testMultiProcessing()[pri:0, instance:swisseph.TestMultithread@5f375618]" name="testMultiProcessing" duration-ms="2" started-at="2019-05-10T05:42:08Z" finished-at="2019-05-10T05:42:08Z">
          <reporter-output>
          </reporter-output>
        </test-method> <!-- testMultiProcessing -->
        <test-method status="PASS" signature="testMultiProcessing()[pri:0, instance:swisseph.TestMultithread@5f375618]" name="testMultiProcessing" duration-ms="1" started-at="2019-05-10T05:42:08Z" finished-at="2019-05-10T05:42:08Z">
          <reporter-output>
          </reporter-output>
        </test-method> <!-- testMultiProcessing -->
        <test-method status="PASS" signature="testMultiProcessing()[pri:0, instance:swisseph.TestMultithread@5f375618]" name="testMultiProcessing" duration-ms="39" started-at="2019-05-10T05:42:08Z" finished-at="2019-05-10T05:42:08Z">
          <reporter-output>
          </reporter-output>
        </test-method> <!-- testMultiProcessing -->
        <test-method status="PASS" signature="testMultiProcessing()[pri:0, instance:swisseph.TestMultithread@5f375618]" name="testMultiProcessing" duration-ms="1" started-at="2019-05-10T05:42:08Z" finished-at="2019-05-10T05:42:08Z">
          <reporter-output>
          </reporter-output>
        </test-method> <!-- testMultiProcessing -->
        <test-method status="PASS" signature="testMultiProcessing()[pri:0, instance:swisseph.TestMultithread@5f375618]" name="testMultiProcessing" duration-ms="1" started-at="2019-05-10T05:42:08Z" finished-at="2019-05-10T05:42:08Z">
          <reporter-output>
          </reporter-output>
        </test-method> <!-- testMultiProcessing -->
        <test-method status="FAIL" signature="testMultiProcessing()[pri:0, instance:swisseph.TestMultithread@5f375618]" name="testMultiProcessing" duration-ms="2" started-at="2019-05-10T05:42:08Z" finished-at="2019-05-10T05:42:08Z">
          <exception class="java.lang.NullPointerException">
            <full-stacktrace>
              <![CDATA[java.lang.NullPointerException
at swisseph.FileData.get_new_segment(FileData.java:772)
at swisseph.SwissEph.sweph(SwissEph.java:4323)
at swisseph.SwissEph.sweplan(SwissEph.java:3872)
at swisseph.SwissEph.sweph_moon(SwissEph.java:3481)
at swisseph.SwissEph.swecalc(SwissEph.java:2949)
at swisseph.SwissEph._calc(SwissEph.java:420)
at swisseph.SwissEph.swe_calc(SwissEph.java:318)
at swisseph.SweDate.setGlobalTidalAcc(SweDate.java:946)
at swisseph.SweDate.swi_set_tid_acc(SweDate.java:892)
at swisseph.SwissEph.swe_calc_ut(SwissEph.java:271)
at swisseph.TestMultithread.testMultiProcessing(TestMultithread.java:47)
at sun.reflect.GeneratedMethodAccessor1.invoke(Unknown Source)
at sun.reflect.DelegatingMethodAccessorImpl.invoke(DelegatingMethodAccessorImpl.java:43)
at java.lang.reflect.Method.invoke(Method.java:498)
at org.testng.internal.MethodInvocationHelper.invokeMethod(MethodInvocationHelper.java:124)
at org.testng.internal.InvokeMethodRunnable.runOne(InvokeMethodRunnable.java:54)
at org.testng.internal.InvokeMethodRunnable.run(InvokeMethodRunnable.java:44)
at org.testng.internal.MethodInvocationHelper.invokeWithTimeoutWithNoExecutor(MethodInvocationHelper.java:278)
at org.testng.internal.MethodInvocationHelper.invokeWithTimeout(MethodInvocationHelper.java:265)
at org.testng.internal.Invoker.invokeMethod(Invoker.java:589)
at org.testng.internal.Invoker.invokeTestMethod(Invoker.java:719)
at org.testng.internal.Invoker.invokeTestMethods(Invoker.java:989)
at org.testng.internal.TestMethodWorker.invokeTestMethods(TestMethodWorker.java:125)
at org.testng.internal.TestMethodWorker.run(TestMethodWorker.java:109)
at org.testng.internal.thread.ThreadUtil$1.call(ThreadUtil.java:52)
at java.util.concurrent.FutureTask.run(FutureTask.java:266)
at java.util.concurrent.ThreadPoolExecutor.runWorker(ThreadPoolExecutor.java:1149)
at java.util.concurrent.ThreadPoolExecutor$Worker.run(ThreadPoolExecutor.java:624)
at java.lang.Thread.run(Thread.java:748)
]]>
            </full-stacktrace>
          </exception> <!-- java.lang.NullPointerException -->
          <reporter-output>
          </reporter-output>
        </test-method> <!-- testMultiProcessing -->
        <test-method status="FAIL" signature="testMultiProcessing()[pri:0, instance:swisseph.TestMultithread@5f375618]" name="testMultiProcessing" duration-ms="1" started-at="2019-05-10T05:42:08Z" finished-at="2019-05-10T05:42:08Z">
          <exception class="java.lang.NullPointerException">
            <full-stacktrace>
              <![CDATA[java.lang.NullPointerException
at swisseph.FileData.get_new_segment(FileData.java:772)
at swisseph.SwissEph.sweph(SwissEph.java:4323)
at swisseph.SwissEph.sweph(SwissEph.java:4369)
at swisseph.SwissEph.sweplan(SwissEph.java:3872)
at swisseph.SwissEph.sweph_moon(SwissEph.java:3481)
at swisseph.SwissEph.swecalc(SwissEph.java:2949)
at swisseph.SwissEph._calc(SwissEph.java:420)
at swisseph.SwissEph.swe_calc(SwissEph.java:318)
at swisseph.SwissEph.swe_set_ephe_path(SwissEph.java:653)
at swisseph.SwissEph.<init>(SwissEph.java:167)
at swisseph.TestMultithread.testMultiProcessing(TestMultithread.java:36)
at sun.reflect.GeneratedMethodAccessor1.invoke(Unknown Source)
at sun.reflect.DelegatingMethodAccessorImpl.invoke(DelegatingMethodAccessorImpl.java:43)
at java.lang.reflect.Method.invoke(Method.java:498)
at org.testng.internal.MethodInvocationHelper.invokeMethod(MethodInvocationHelper.java:124)
at org.testng.internal.InvokeMethodRunnable.runOne(InvokeMethodRunnable.java:54)
at org.testng.internal.InvokeMethodRunnable.run(InvokeMethodRunnable.java:44)
at org.testng.internal.MethodInvocationHelper.invokeWithTimeoutWithNoExecutor(MethodInvocationHelper.java:278)
at org.testng.internal.MethodInvocationHelper.invokeWithTimeout(MethodInvocationHelper.java:265)
at org.testng.internal.Invoker.invokeMethod(Invoker.java:589)
at org.testng.internal.Invoker.invokeTestMethod(Invoker.java:719)
at org.testng.internal.Invoker.invokeTestMethods(Invoker.java:989)
at org.testng.internal.TestMethodWorker.invokeTestMethods(TestMethodWorker.java:125)
at org.testng.internal.TestMethodWorker.run(TestMethodWorker.java:109)
at org.testng.internal.thread.ThreadUtil$1.call(ThreadUtil.java:52)
at java.util.concurrent.FutureTask.run(FutureTask.java:266)
at java.util.concurrent.ThreadPoolExecutor.runWorker(ThreadPoolExecutor.java:1149)
at java.util.concurrent.ThreadPoolExecutor$Worker.run(ThreadPoolExecutor.java:624)
at java.lang.Thread.run(Thread.java:748)
]]>
            </full-stacktrace>
          </exception> <!-- java.lang.NullPointerException -->
          <reporter-output>
          </reporter-output>
        </test-method> <!-- testMultiProcessing -->
        <test-method status="PASS" signature="testMultiProcessing()[pri:0, instance:swisseph.TestMultithread@5f375618]" name="testMultiProcessing" duration-ms="6" started-at="2019-05-10T05:42:08Z" finished-at="2019-05-10T05:42:08Z">
          <reporter-output>
          </reporter-output>
        </test-method> <!-- testMultiProcessing -->
        <test-method status="PASS" signature="testMultiProcessing()[pri:0, instance:swisseph.TestMultithread@5f375618]" name="testMultiProcessing" duration-ms="18" started-at="2019-05-10T05:42:08Z" finished-at="2019-05-10T05:42:08Z">
          <reporter-output>
          </reporter-output>
        </test-method> <!-- testMultiProcessing -->
        <test-method status="PASS" signature="testMultiProcessing()[pri:0, instance:swisseph.TestMultithread@5f375618]" name="testMultiProcessing" duration-ms="5" started-at="2019-05-10T05:42:08Z" finished-at="2019-05-10T05:42:08Z">
          <reporter-output>
          </reporter-output>
        </test-method> <!-- testMultiProcessing -->
        <test-method status="PASS" signature="testMultiProcessing()[pri:0, instance:swisseph.TestMultithread@5f375618]" name="testMultiProcessing" duration-ms="21" started-at="2019-05-10T05:42:08Z" finished-at="2019-05-10T05:42:08Z">
          <reporter-output>
          </reporter-output>
        </test-method> <!-- testMultiProcessing -->
        <test-method status="PASS" signature="testMultiProcessing()[pri:0, instance:swisseph.TestMultithread@5f375618]" name="testMultiProcessing" duration-ms="2" started-at="2019-05-10T05:42:08Z" finished-at="2019-05-10T05:42:08Z">
          <reporter-output>
          </reporter-output>
        </test-method> <!-- testMultiProcessing -->
        <test-method status="PASS" signature="testMultiProcessing()[pri:0, instance:swisseph.TestMultithread@5f375618]" name="testMultiProcessing" duration-ms="5" started-at="2019-05-10T05:42:08Z" finished-at="2019-05-10T05:42:08Z">
          <reporter-output>
          </reporter-output>
        </test-method> <!-- testMultiProcessing -->
        <test-method status="FAIL" signature="testMultiProcessing()[pri:0, instance:swisseph.TestMultithread@5f375618]" name="testMultiProcessing" duration-ms="23" started-at="2019-05-10T05:42:08Z" finished-at="2019-05-10T05:42:08Z">
          <exception class="java.lang.NullPointerException">
            <full-stacktrace>
              <![CDATA[java.lang.NullPointerException
at swisseph.FileData.get_new_segment(FileData.java:772)
at swisseph.SwissEph.sweph(SwissEph.java:4323)
at swisseph.SwissEph.sweplan(SwissEph.java:3872)
at swisseph.SwissEph.sweph_moon(SwissEph.java:3481)
at swisseph.SwissEph.swecalc(SwissEph.java:2949)
at swisseph.SwissEph._calc(SwissEph.java:420)
at swisseph.SwissEph.swe_calc(SwissEph.java:318)
at swisseph.SweDate.setGlobalTidalAcc(SweDate.java:946)
at swisseph.SweDate.swi_set_tid_acc(SweDate.java:892)
at swisseph.SwissEph.swe_calc_ut(SwissEph.java:271)
at swisseph.TestMultithread.testMultiProcessing(TestMultithread.java:47)
at sun.reflect.GeneratedMethodAccessor1.invoke(Unknown Source)
at sun.reflect.DelegatingMethodAccessorImpl.invoke(DelegatingMethodAccessorImpl.java:43)
at java.lang.reflect.Method.invoke(Method.java:498)
at org.testng.internal.MethodInvocationHelper.invokeMethod(MethodInvocationHelper.java:124)
at org.testng.internal.InvokeMethodRunnable.runOne(InvokeMethodRunnable.java:54)
at org.testng.internal.InvokeMethodRunnable.run(InvokeMethodRunnable.java:44)
at org.testng.internal.MethodInvocationHelper.invokeWithTimeoutWithNoExecutor(MethodInvocationHelper.java:278)
at org.testng.internal.MethodInvocationHelper.invokeWithTimeout(MethodInvocationHelper.java:265)
at org.testng.internal.Invoker.invokeMethod(Invoker.java:589)
at org.testng.internal.Invoker.invokeTestMethod(Invoker.java:719)
at org.testng.internal.Invoker.invokeTestMethods(Invoker.java:989)
at org.testng.internal.TestMethodWorker.invokeTestMethods(TestMethodWorker.java:125)
at org.testng.internal.TestMethodWorker.run(TestMethodWorker.java:109)
at org.testng.internal.thread.ThreadUtil$1.call(ThreadUtil.java:52)
at java.util.concurrent.FutureTask.run(FutureTask.java:266)
at java.util.concurrent.ThreadPoolExecutor.runWorker(ThreadPoolExecutor.java:1149)
at java.util.concurrent.ThreadPoolExecutor$Worker.run(ThreadPoolExecutor.java:624)
at java.lang.Thread.run(Thread.java:748)
]]>
            </full-stacktrace>
          </exception> <!-- java.lang.NullPointerException -->
          <reporter-output>
          </reporter-output>
        </test-method> <!-- testMultiProcessing -->
        <test-method status="PASS" signature="testMultiProcessing()[pri:0, instance:swisseph.TestMultithread@5f375618]" name="testMultiProcessing" duration-ms="15" started-at="2019-05-10T05:42:08Z" finished-at="2019-05-10T05:42:08Z">
          <reporter-output>
          </reporter-output>
        </test-method> <!-- testMultiProcessing -->
        <test-method status="PASS" signature="testMultiProcessing()[pri:0, instance:swisseph.TestMultithread@5f375618]" name="testMultiProcessing" duration-ms="1" started-at="2019-05-10T05:42:08Z" finished-at="2019-05-10T05:42:08Z">
          <reporter-output>
          </reporter-output>
        </test-method> <!-- testMultiProcessing -->
        <test-method status="PASS" signature="testMultiProcessing()[pri:0, instance:swisseph.TestMultithread@5f375618]" name="testMultiProcessing" duration-ms="2" started-at="2019-05-10T05:42:08Z" finished-at="2019-05-10T05:42:08Z">
          <reporter-output>
          </reporter-output>
        </test-method> <!-- testMultiProcessing -->
        <test-method status="PASS" signature="testMultiProcessing()[pri:0, instance:swisseph.TestMultithread@5f375618]" name="testMultiProcessing" duration-ms="2" started-at="2019-05-10T05:42:08Z" finished-at="2019-05-10T05:42:08Z">
          <reporter-output>
          </reporter-output>
        </test-method> <!-- testMultiProcessing -->
        <test-method status="FAIL" signature="testMultiProcessing()[pri:0, instance:swisseph.TestMultithread@5f375618]" name="testMultiProcessing" duration-ms="11" started-at="2019-05-10T05:42:08Z" finished-at="2019-05-10T05:42:08Z">
          <exception class="java.lang.NullPointerException">
            <full-stacktrace>
              <![CDATA[java.lang.NullPointerException
at swisseph.FileData.get_new_segment(FileData.java:772)
at swisseph.SwissEph.sweph(SwissEph.java:4323)
at swisseph.SwissEph.sweplan(SwissEph.java:3872)
at swisseph.SwissEph.sweph_moon(SwissEph.java:3481)
at swisseph.SwissEph.swecalc(SwissEph.java:2949)
at swisseph.SwissEph._calc(SwissEph.java:420)
at swisseph.SwissEph.swe_calc(SwissEph.java:318)
at swisseph.SweDate.setGlobalTidalAcc(SweDate.java:946)
at swisseph.SweDate.swi_set_tid_acc(SweDate.java:892)
at swisseph.SwissEph.swe_calc_ut(SwissEph.java:271)
at swisseph.TestMultithread.testMultiProcessing(TestMultithread.java:47)
at sun.reflect.GeneratedMethodAccessor1.invoke(Unknown Source)
at sun.reflect.DelegatingMethodAccessorImpl.invoke(DelegatingMethodAccessorImpl.java:43)
at java.lang.reflect.Method.invoke(Method.java:498)
at org.testng.internal.MethodInvocationHelper.invokeMethod(MethodInvocationHelper.java:124)
at org.testng.internal.InvokeMethodRunnable.runOne(InvokeMethodRunnable.java:54)
at org.testng.internal.InvokeMethodRunnable.run(InvokeMethodRunnable.java:44)
at org.testng.internal.MethodInvocationHelper.invokeWithTimeoutWithNoExecutor(MethodInvocationHelper.java:278)
at org.testng.internal.MethodInvocationHelper.invokeWithTimeout(MethodInvocationHelper.java:265)
at org.testng.internal.Invoker.invokeMethod(Invoker.java:589)
at org.testng.internal.Invoker.invokeTestMethod(Invoker.java:719)
at org.testng.internal.Invoker.invokeTestMethods(Invoker.java:989)
at org.testng.internal.TestMethodWorker.invokeTestMethods(TestMethodWorker.java:125)
at org.testng.internal.TestMethodWorker.run(TestMethodWorker.java:109)
at org.testng.internal.thread.ThreadUtil$1.call(ThreadUtil.java:52)
at java.util.concurrent.FutureTask.run(FutureTask.java:266)
at java.util.concurrent.ThreadPoolExecutor.runWorker(ThreadPoolExecutor.java:1149)
at java.util.concurrent.ThreadPoolExecutor$Worker.run(ThreadPoolExecutor.java:624)
at java.lang.Thread.run(Thread.java:748)
]]>
            </full-stacktrace>
          </exception> <!-- java.lang.NullPointerException -->
          <reporter-output>
          </reporter-output>
        </test-method> <!-- testMultiProcessing -->
        <test-method status="PASS" signature="testMultiProcessing()[pri:0, instance:swisseph.TestMultithread@5f375618]" name="testMultiProcessing" duration-ms="1" started-at="2019-05-10T05:42:08Z" finished-at="2019-05-10T05:42:08Z">
          <reporter-output>
          </reporter-output>
        </test-method> <!-- testMultiProcessing -->
        <test-method status="PASS" signature="testMultiProcessing()[pri:0, instance:swisseph.TestMultithread@5f375618]" name="testMultiProcessing" duration-ms="1" started-at="2019-05-10T05:42:08Z" finished-at="2019-05-10T05:42:08Z">
          <reporter-output>
          </reporter-output>
        </test-method> <!-- testMultiProcessing -->
        <test-method status="PASS" signature="testMultiProcessing()[pri:0, instance:swisseph.TestMultithread@5f375618]" name="testMultiProcessing" duration-ms="9" started-at="2019-05-10T05:42:08Z" finished-at="2019-05-10T05:42:08Z">
          <reporter-output>
          </reporter-output>
        </test-method> <!-- testMultiProcessing -->
        <test-method status="PASS" signature="testMultiProcessing()[pri:0, instance:swisseph.TestMultithread@5f375618]" name="testMultiProcessing" duration-ms="2" started-at="2019-05-10T05:42:08Z" finished-at="2019-05-10T05:42:08Z">
          <reporter-output>
          </reporter-output>
        </test-method> <!-- testMultiProcessing -->
        <test-method status="PASS" signature="testMultiProcessing()[pri:0, instance:swisseph.TestMultithread@5f375618]" name="testMultiProcessing" duration-ms="2" started-at="2019-05-10T05:42:08Z" finished-at="2019-05-10T05:42:08Z">
          <reporter-output>
          </reporter-output>
        </test-method> <!-- testMultiProcessing -->
        <test-method status="FAIL" signature="testMultiProcessing()[pri:0, instance:swisseph.TestMultithread@5f375618]" name="testMultiProcessing" duration-ms="3" started-at="2019-05-10T05:42:08Z" finished-at="2019-05-10T05:42:08Z">
          <exception class="java.lang.NullPointerException">
            <full-stacktrace>
              <![CDATA[java.lang.NullPointerException
at swisseph.FileData.get_new_segment(FileData.java:772)
at swisseph.SwissEph.sweph(SwissEph.java:4323)
at swisseph.SwissEph.sweplan(SwissEph.java:3872)
at swisseph.SwissEph.sweph_moon(SwissEph.java:3481)
at swisseph.SwissEph.swecalc(SwissEph.java:2949)
at swisseph.SwissEph._calc(SwissEph.java:420)
at swisseph.SwissEph.swe_calc(SwissEph.java:318)
at swisseph.SweDate.setGlobalTidalAcc(SweDate.java:946)
at swisseph.SweDate.swi_set_tid_acc(SweDate.java:892)
at swisseph.SwissEph.swe_calc_ut(SwissEph.java:271)
at swisseph.TestMultithread.testMultiProcessing(TestMultithread.java:47)
at sun.reflect.GeneratedMethodAccessor1.invoke(Unknown Source)
at sun.reflect.DelegatingMethodAccessorImpl.invoke(DelegatingMethodAccessorImpl.java:43)
at java.lang.reflect.Method.invoke(Method.java:498)
at org.testng.internal.MethodInvocationHelper.invokeMethod(MethodInvocationHelper.java:124)
at org.testng.internal.InvokeMethodRunnable.runOne(InvokeMethodRunnable.java:54)
at org.testng.internal.InvokeMethodRunnable.run(InvokeMethodRunnable.java:44)
at org.testng.internal.MethodInvocationHelper.invokeWithTimeoutWithNoExecutor(MethodInvocationHelper.java:278)
at org.testng.internal.MethodInvocationHelper.invokeWithTimeout(MethodInvocationHelper.java:265)
at org.testng.internal.Invoker.invokeMethod(Invoker.java:589)
at org.testng.internal.Invoker.invokeTestMethod(Invoker.java:719)
at org.testng.internal.Invoker.invokeTestMethods(Invoker.java:989)
at org.testng.internal.TestMethodWorker.invokeTestMethods(TestMethodWorker.java:125)
at org.testng.internal.TestMethodWorker.run(TestMethodWorker.java:109)
at org.testng.internal.thread.ThreadUtil$1.call(ThreadUtil.java:52)
at java.util.concurrent.FutureTask.run(FutureTask.java:266)
at java.util.concurrent.ThreadPoolExecutor.runWorker(ThreadPoolExecutor.java:1149)
at java.util.concurrent.ThreadPoolExecutor$Worker.run(ThreadPoolExecutor.java:624)
at java.lang.Thread.run(Thread.java:748)
]]>
            </full-stacktrace>
          </exception> <!-- java.lang.NullPointerException -->
          <reporter-output>
          </reporter-output>
        </test-method> <!-- testMultiProcessing -->
        <test-method status="PASS" signature="testMultiProcessing()[pri:0, instance:swisseph.TestMultithread@5f375618]" name="testMultiProcessing" duration-ms="14" started-at="2019-05-10T05:42:08Z" finished-at="2019-05-10T05:42:08Z">
          <reporter-output>
          </reporter-output>
        </test-method> <!-- testMultiProcessing -->
        <test-method status="PASS" signature="testMultiProcessing()[pri:0, instance:swisseph.TestMultithread@5f375618]" name="testMultiProcessing" duration-ms="19" started-at="2019-05-10T05:42:08Z" finished-at="2019-05-10T05:42:08Z">
          <reporter-output>
          </reporter-output>
        </test-method> <!-- testMultiProcessing -->
        <test-method status="PASS" signature="testMultiProcessing()[pri:0, instance:swisseph.TestMultithread@5f375618]" name="testMultiProcessing" duration-ms="21" started-at="2019-05-10T05:42:08Z" finished-at="2019-05-10T05:42:08Z">
          <reporter-output>
          </reporter-output>
        </test-method> <!-- testMultiProcessing -->
        <test-method status="PASS" signature="testMultiProcessing()[pri:0, instance:swisseph.TestMultithread@5f375618]" name="testMultiProcessing" duration-ms="21" started-at="2019-05-10T05:42:08Z" finished-at="2019-05-10T05:42:08Z">
          <reporter-output>
          </reporter-output>
        </test-method> <!-- testMultiProcessing -->
        <test-method status="PASS" signature="testMultiProcessing()[pri:0, instance:swisseph.TestMultithread@5f375618]" name="testMultiProcessing" duration-ms="2" started-at="2019-05-10T05:42:08Z" finished-at="2019-05-10T05:42:08Z">
          <reporter-output>
          </reporter-output>
        </test-method> <!-- testMultiProcessing -->
        <test-method status="PASS" signature="testMultiProcessing()[pri:0, instance:swisseph.TestMultithread@5f375618]" name="testMultiProcessing" duration-ms="1" started-at="2019-05-10T05:42:08Z" finished-at="2019-05-10T05:42:08Z">
          <reporter-output>
          </reporter-output>
        </test-method> <!-- testMultiProcessing -->
        <test-method status="PASS" signature="testMultiProcessing()[pri:0, instance:swisseph.TestMultithread@5f375618]" name="testMultiProcessing" duration-ms="1" started-at="2019-05-10T05:42:08Z" finished-at="2019-05-10T05:42:08Z">
          <reporter-output>
          </reporter-output>
        </test-method> <!-- testMultiProcessing -->
        <test-method status="FAIL" signature="testMultiProcessing()[pri:0, instance:swisseph.TestMultithread@5f375618]" name="testMultiProcessing" duration-ms="1" started-at="2019-05-10T05:42:08Z" finished-at="2019-05-10T05:42:08Z">
          <exception class="java.lang.NullPointerException">
            <full-stacktrace>
              <![CDATA[java.lang.NullPointerException
at swisseph.FileData.get_new_segment(FileData.java:778)
at swisseph.SwissEph.sweph(SwissEph.java:4323)
at swisseph.SwissEph.sweph(SwissEph.java:4369)
at swisseph.SwissEph.sweplan(SwissEph.java:3872)
at swisseph.SwissEph.sweph_moon(SwissEph.java:3481)
at swisseph.SwissEph.swecalc(SwissEph.java:2949)
at swisseph.SwissEph._calc(SwissEph.java:420)
at swisseph.SwissEph.swe_calc(SwissEph.java:318)
at swisseph.SwissEph.swe_set_ephe_path(SwissEph.java:653)
at swisseph.SwissEph.<init>(SwissEph.java:167)
at swisseph.TestMultithread.testMultiProcessing(TestMultithread.java:36)
at sun.reflect.GeneratedMethodAccessor1.invoke(Unknown Source)
at sun.reflect.DelegatingMethodAccessorImpl.invoke(DelegatingMethodAccessorImpl.java:43)
at java.lang.reflect.Method.invoke(Method.java:498)
at org.testng.internal.MethodInvocationHelper.invokeMethod(MethodInvocationHelper.java:124)
at org.testng.internal.InvokeMethodRunnable.runOne(InvokeMethodRunnable.java:54)
at org.testng.internal.InvokeMethodRunnable.run(InvokeMethodRunnable.java:44)
at org.testng.internal.MethodInvocationHelper.invokeWithTimeoutWithNoExecutor(MethodInvocationHelper.java:278)
at org.testng.internal.MethodInvocationHelper.invokeWithTimeout(MethodInvocationHelper.java:265)
at org.testng.internal.Invoker.invokeMethod(Invoker.java:589)
at org.testng.internal.Invoker.invokeTestMethod(Invoker.java:719)
at org.testng.internal.Invoker.invokeTestMethods(Invoker.java:989)
at org.testng.internal.TestMethodWorker.invokeTestMethods(TestMethodWorker.java:125)
at org.testng.internal.TestMethodWorker.run(TestMethodWorker.java:109)
at org.testng.internal.thread.ThreadUtil$1.call(ThreadUtil.java:52)
at java.util.concurrent.FutureTask.run(FutureTask.java:266)
at java.util.concurrent.ThreadPoolExecutor.runWorker(ThreadPoolExecutor.java:1149)
at java.util.concurrent.ThreadPoolExecutor$Worker.run(ThreadPoolExecutor.java:624)
at java.lang.Thread.run(Thread.java:748)
]]>
            </full-stacktrace>
          </exception> <!-- java.lang.NullPointerException -->
          <reporter-output>
          </reporter-output>
        </test-method> <!-- testMultiProcessing -->
        <test-method status="PASS" signature="testMultiProcessing()[pri:0, instance:swisseph.TestMultithread@5f375618]" name="testMultiProcessing" duration-ms="1" started-at="2019-05-10T05:42:08Z" finished-at="2019-05-10T05:42:08Z">
          <reporter-output>
          </reporter-output>
        </test-method> <!-- testMultiProcessing -->
        <test-method status="PASS" signature="testMultiProcessing()[pri:0, instance:swisseph.TestMultithread@5f375618]" name="testMultiProcessing" duration-ms="12" started-at="2019-05-10T05:42:08Z" finished-at="2019-05-10T05:42:08Z">
          <reporter-output>
          </reporter-output>
        </test-method> <!-- testMultiProcessing -->
        <test-method status="PASS" signature="testMultiProcessing()[pri:0, instance:swisseph.TestMultithread@5f375618]" name="testMultiProcessing" duration-ms="3" started-at="2019-05-10T05:42:08Z" finished-at="2019-05-10T05:42:08Z">
          <reporter-output>
          </reporter-output>
        </test-method> <!-- testMultiProcessing -->
        <test-method status="PASS" signature="testMultiProcessing()[pri:0, instance:swisseph.TestMultithread@5f375618]" name="testMultiProcessing" duration-ms="4" started-at="2019-05-10T05:42:08Z" finished-at="2019-05-10T05:42:08Z">
          <reporter-output>
          </reporter-output>
        </test-method> <!-- testMultiProcessing -->
        <test-method status="PASS" signature="testMultiProcessing()[pri:0, instance:swisseph.TestMultithread@5f375618]" name="testMultiProcessing" duration-ms="1" started-at="2019-05-10T05:42:08Z" finished-at="2019-05-10T05:42:08Z">
          <reporter-output>
          </reporter-output>
        </test-method> <!-- testMultiProcessing -->
        <test-method status="PASS" signature="testMultiProcessing()[pri:0, instance:swisseph.TestMultithread@5f375618]" name="testMultiProcessing" duration-ms="6" started-at="2019-05-10T05:42:08Z" finished-at="2019-05-10T05:42:08Z">
          <reporter-output>
          </reporter-output>
        </test-method> <!-- testMultiProcessing -->
        <test-method status="PASS" signature="testMultiProcessing()[pri:0, instance:swisseph.TestMultithread@5f375618]" name="testMultiProcessing" duration-ms="4" started-at="2019-05-10T05:42:08Z" finished-at="2019-05-10T05:42:08Z">
          <reporter-output>
          </reporter-output>
        </test-method> <!-- testMultiProcessing -->
        <test-method status="PASS" signature="testMultiProcessing()[pri:0, instance:swisseph.TestMultithread@5f375618]" name="testMultiProcessing" duration-ms="4" started-at="2019-05-10T05:42:08Z" finished-at="2019-05-10T05:42:08Z">
          <reporter-output>
          </reporter-output>
        </test-method> <!-- testMultiProcessing -->
        <test-method status="PASS" signature="testMultiProcessing()[pri:0, instance:swisseph.TestMultithread@5f375618]" name="testMultiProcessing" duration-ms="2" started-at="2019-05-10T05:42:08Z" finished-at="2019-05-10T05:42:08Z">
          <reporter-output>
          </reporter-output>
        </test-method> <!-- testMultiProcessing -->
        <test-method status="PASS" signature="testMultiProcessing()[pri:0, instance:swisseph.TestMultithread@5f375618]" name="testMultiProcessing" duration-ms="20" started-at="2019-05-10T05:42:08Z" finished-at="2019-05-10T05:42:08Z">
          <reporter-output>
          </reporter-output>
        </test-method> <!-- testMultiProcessing -->
        <test-method status="PASS" signature="testMultiProcessing()[pri:0, instance:swisseph.TestMultithread@5f375618]" name="testMultiProcessing" duration-ms="2" started-at="2019-05-10T05:42:08Z" finished-at="2019-05-10T05:42:08Z">
          <reporter-output>
          </reporter-output>
        </test-method> <!-- testMultiProcessing -->
        <test-method status="PASS" signature="testMultiProcessing()[pri:0, instance:swisseph.TestMultithread@5f375618]" name="testMultiProcessing" duration-ms="32" started-at="2019-05-10T05:42:08Z" finished-at="2019-05-10T05:42:08Z">
          <reporter-output>
          </reporter-output>
        </test-method> <!-- testMultiProcessing -->
        <test-method status="PASS" signature="testMultiProcessing()[pri:0, instance:swisseph.TestMultithread@5f375618]" name="testMultiProcessing" duration-ms="2" started-at="2019-05-10T05:42:08Z" finished-at="2019-05-10T05:42:08Z">
          <reporter-output>
          </reporter-output>
        </test-method> <!-- testMultiProcessing -->
        <test-method status="PASS" signature="testMultiProcessing()[pri:0, instance:swisseph.TestMultithread@5f375618]" name="testMultiProcessing" duration-ms="1" started-at="2019-05-10T05:42:08Z" finished-at="2019-05-10T05:42:08Z">
          <reporter-output>
          </reporter-output>
        </test-method> <!-- testMultiProcessing -->
        <test-method status="PASS" signature="testMultiProcessing()[pri:0, instance:swisseph.TestMultithread@5f375618]" name="testMultiProcessing" duration-ms="20" started-at="2019-05-10T05:42:08Z" finished-at="2019-05-10T05:42:08Z">
          <reporter-output>
          </reporter-output>
        </test-method> <!-- testMultiProcessing -->
        <test-method status="PASS" signature="testMultiProcessing()[pri:0, instance:swisseph.TestMultithread@5f375618]" name="testMultiProcessing" duration-ms="2" started-at="2019-05-10T05:42:08Z" finished-at="2019-05-10T05:42:08Z">
          <reporter-output>
          </reporter-output>
        </test-method> <!-- testMultiProcessing -->
        <test-method status="PASS" signature="testMultiProcessing()[pri:0, instance:swisseph.TestMultithread@5f375618]" name="testMultiProcessing" duration-ms="24" started-at="2019-05-10T05:42:08Z" finished-at="2019-05-10T05:42:08Z">
          <reporter-output>
          </reporter-output>
        </test-method> <!-- testMultiProcessing -->
        <test-method status="PASS" signature="testMultiProcessing()[pri:0, instance:swisseph.TestMultithread@5f375618]" name="testMultiProcessing" duration-ms="1" started-at="2019-05-10T05:42:08Z" finished-at="2019-05-10T05:42:08Z">
          <reporter-output>
          </reporter-output>
        </test-method> <!-- testMultiProcessing -->
        <test-method status="PASS" signature="testMultiProcessing()[pri:0, instance:swisseph.TestMultithread@5f375618]" name="testMultiProcessing" duration-ms="3" started-at="2019-05-10T05:42:08Z" finished-at="2019-05-10T05:42:08Z">
          <reporter-output>
          </reporter-output>
        </test-method> <!-- testMultiProcessing -->
        <test-method status="PASS" signature="testMultiProcessing()[pri:0, instance:swisseph.TestMultithread@5f375618]" name="testMultiProcessing" duration-ms="15" started-at="2019-05-10T05:42:08Z" finished-at="2019-05-10T05:42:08Z">
          <reporter-output>
          </reporter-output>
        </test-method> <!-- testMultiProcessing -->
        <test-method status="PASS" signature="testMultiProcessing()[pri:0, instance:swisseph.TestMultithread@5f375618]" name="testMultiProcessing" duration-ms="13" started-at="2019-05-10T05:42:08Z" finished-at="2019-05-10T05:42:08Z">
          <reporter-output>
          </reporter-output>
        </test-method> <!-- testMultiProcessing -->
        <test-method status="PASS" signature="testMultiProcessing()[pri:0, instance:swisseph.TestMultithread@5f375618]" name="testMultiProcessing" duration-ms="1" started-at="2019-05-10T05:42:08Z" finished-at="2019-05-10T05:42:08Z">
          <reporter-output>
          </reporter-output>
        </test-method> <!-- testMultiProcessing -->
        <test-method status="PASS" signature="testMultiProcessing()[pri:0, instance:swisseph.TestMultithread@5f375618]" name="testMultiProcessing" duration-ms="1" started-at="2019-05-10T05:42:08Z" finished-at="2019-05-10T05:42:08Z">
          <reporter-output>
          </reporter-output>
        </test-method> <!-- testMultiProcessing -->
        <test-method status="PASS" signature="testMultiProcessing()[pri:0, instance:swisseph.TestMultithread@5f375618]" name="testMultiProcessing" duration-ms="1" started-at="2019-05-10T05:42:08Z" finished-at="2019-05-10T05:42:08Z">
          <reporter-output>
          </reporter-output>
        </test-method> <!-- testMultiProcessing -->
        <test-method status="PASS" signature="testMultiProcessing()[pri:0, instance:swisseph.TestMultithread@5f375618]" name="testMultiProcessing" duration-ms="9" started-at="2019-05-10T05:42:08Z" finished-at="2019-05-10T05:42:08Z">
          <reporter-output>
          </reporter-output>
        </test-method> <!-- testMultiProcessing -->
        <test-method status="FAIL" signature="testMultiProcessing()[pri:0, instance:swisseph.TestMultithread@5f375618]" name="testMultiProcessing" duration-ms="60" started-at="2019-05-10T05:42:08Z" finished-at="2019-05-10T05:42:08Z">
          <exception class="java.lang.NullPointerException">
            <full-stacktrace>
              <![CDATA[java.lang.NullPointerException
at swisseph.FileData.get_new_segment(FileData.java:772)
at swisseph.SwissEph.sweph(SwissEph.java:4323)
at swisseph.SwissEph.sweplan(SwissEph.java:3872)
at swisseph.SwissEph.sweph_moon(SwissEph.java:3481)
at swisseph.SwissEph.swecalc(SwissEph.java:2949)
at swisseph.SwissEph._calc(SwissEph.java:420)
at swisseph.SwissEph.swe_calc(SwissEph.java:318)
at swisseph.SweDate.setGlobalTidalAcc(SweDate.java:946)
at swisseph.SweDate.swi_set_tid_acc(SweDate.java:892)
at swisseph.SwissEph.swe_calc_ut(SwissEph.java:271)
at swisseph.TestMultithread.testMultiProcessing(TestMultithread.java:47)
at sun.reflect.GeneratedMethodAccessor1.invoke(Unknown Source)
at sun.reflect.DelegatingMethodAccessorImpl.invoke(DelegatingMethodAccessorImpl.java:43)
at java.lang.reflect.Method.invoke(Method.java:498)
at org.testng.internal.MethodInvocationHelper.invokeMethod(MethodInvocationHelper.java:124)
at org.testng.internal.InvokeMethodRunnable.runOne(InvokeMethodRunnable.java:54)
at org.testng.internal.InvokeMethodRunnable.run(InvokeMethodRunnable.java:44)
at org.testng.internal.MethodInvocationHelper.invokeWithTimeoutWithNoExecutor(MethodInvocationHelper.java:278)
at org.testng.internal.MethodInvocationHelper.invokeWithTimeout(MethodInvocationHelper.java:265)
at org.testng.internal.Invoker.invokeMethod(Invoker.java:589)
at org.testng.internal.Invoker.invokeTestMethod(Invoker.java:719)
at org.testng.internal.Invoker.invokeTestMethods(Invoker.java:989)
at org.testng.internal.TestMethodWorker.invokeTestMethods(TestMethodWorker.java:125)
at org.testng.internal.TestMethodWorker.run(TestMethodWorker.java:109)
at org.testng.internal.thread.ThreadUtil$1.call(ThreadUtil.java:52)
at java.util.concurrent.FutureTask.run(FutureTask.java:266)
at java.util.concurrent.ThreadPoolExecutor.runWorker(ThreadPoolExecutor.java:1149)
at java.util.concurrent.ThreadPoolExecutor$Worker.run(ThreadPoolExecutor.java:624)
at java.lang.Thread.run(Thread.java:748)
]]>
            </full-stacktrace>
          </exception> <!-- java.lang.NullPointerException -->
          <reporter-output>
          </reporter-output>
        </test-method> <!-- testMultiProcessing -->
        <test-method status="PASS" signature="testMultiProcessing()[pri:0, instance:swisseph.TestMultithread@5f375618]" name="testMultiProcessing" duration-ms="46" started-at="2019-05-10T05:42:08Z" finished-at="2019-05-10T05:42:08Z">
          <reporter-output>
          </reporter-output>
        </test-method> <!-- testMultiProcessing -->
        <test-method status="PASS" signature="testMultiProcessing()[pri:0, instance:swisseph.TestMultithread@5f375618]" name="testMultiProcessing" duration-ms="1" started-at="2019-05-10T05:42:08Z" finished-at="2019-05-10T05:42:08Z">
          <reporter-output>
          </reporter-output>
        </test-method> <!-- testMultiProcessing -->
        <test-method status="PASS" signature="testMultiProcessing()[pri:0, instance:swisseph.TestMultithread@5f375618]" name="testMultiProcessing" duration-ms="1" started-at="2019-05-10T05:42:08Z" finished-at="2019-05-10T05:42:08Z">
          <reporter-output>
          </reporter-output>
        </test-method> <!-- testMultiProcessing -->
        <test-method status="PASS" signature="testMultiProcessing()[pri:0, instance:swisseph.TestMultithread@5f375618]" name="testMultiProcessing" duration-ms="1" started-at="2019-05-10T05:42:08Z" finished-at="2019-05-10T05:42:08Z">
          <reporter-output>
          </reporter-output>
        </test-method> <!-- testMultiProcessing -->
        <test-method status="PASS" signature="testMultiProcessing()[pri:0, instance:swisseph.TestMultithread@5f375618]" name="testMultiProcessing" duration-ms="1" started-at="2019-05-10T05:42:08Z" finished-at="2019-05-10T05:42:08Z">
          <reporter-output>
          </reporter-output>
        </test-method> <!-- testMultiProcessing -->
        <test-method status="PASS" signature="testMultiProcessing()[pri:0, instance:swisseph.TestMultithread@5f375618]" name="testMultiProcessing" duration-ms="8" started-at="2019-05-10T05:42:08Z" finished-at="2019-05-10T05:42:08Z">
          <reporter-output>
          </reporter-output>
        </test-method> <!-- testMultiProcessing -->
        <test-method status="PASS" signature="testMultiProcessing()[pri:0, instance:swisseph.TestMultithread@5f375618]" name="testMultiProcessing" duration-ms="1" started-at="2019-05-10T05:42:08Z" finished-at="2019-05-10T05:42:08Z">
          <reporter-output>
          </reporter-output>
        </test-method> <!-- testMultiProcessing -->
        <test-method status="PASS" signature="testMultiProcessing()[pri:0, instance:swisseph.TestMultithread@5f375618]" name="testMultiProcessing" duration-ms="1" started-at="2019-05-10T05:42:08Z" finished-at="2019-05-10T05:42:08Z">
          <reporter-output>
          </reporter-output>
        </test-method> <!-- testMultiProcessing -->
        <test-method status="PASS" signature="testMultiProcessing()[pri:0, instance:swisseph.TestMultithread@5f375618]" name="testMultiProcessing" duration-ms="5" started-at="2019-05-10T05:42:08Z" finished-at="2019-05-10T05:42:08Z">
          <reporter-output>
          </reporter-output>
        </test-method> <!-- testMultiProcessing -->
        <test-method status="PASS" signature="testMultiProcessing()[pri:0, instance:swisseph.TestMultithread@5f375618]" name="testMultiProcessing" duration-ms="1" started-at="2019-05-10T05:42:08Z" finished-at="2019-05-10T05:42:08Z">
          <reporter-output>
          </reporter-output>
        </test-method> <!-- testMultiProcessing -->
        <test-method status="PASS" signature="testMultiProcessing()[pri:0, instance:swisseph.TestMultithread@5f375618]" name="testMultiProcessing" duration-ms="35" started-at="2019-05-10T05:42:08Z" finished-at="2019-05-10T05:42:08Z">
          <reporter-output>
          </reporter-output>
        </test-method> <!-- testMultiProcessing -->
        <test-method status="PASS" signature="testMultiProcessing()[pri:0, instance:swisseph.TestMultithread@5f375618]" name="testMultiProcessing" duration-ms="29" started-at="2019-05-10T05:42:08Z" finished-at="2019-05-10T05:42:08Z">
          <reporter-output>
          </reporter-output>
        </test-method> <!-- testMultiProcessing -->
        <test-method status="PASS" signature="testMultiProcessing()[pri:0, instance:swisseph.TestMultithread@5f375618]" name="testMultiProcessing" duration-ms="28" started-at="2019-05-10T05:42:08Z" finished-at="2019-05-10T05:42:08Z">
          <reporter-output>
          </reporter-output>
        </test-method> <!-- testMultiProcessing -->
        <test-method status="PASS" signature="testMultiProcessing()[pri:0, instance:swisseph.TestMultithread@5f375618]" name="testMultiProcessing" duration-ms="28" started-at="2019-05-10T05:42:08Z" finished-at="2019-05-10T05:42:08Z">
          <reporter-output>
          </reporter-output>
        </test-method> <!-- testMultiProcessing -->
        <test-method status="PASS" signature="testMultiProcessing()[pri:0, instance:swisseph.TestMultithread@5f375618]" name="testMultiProcessing" duration-ms="28" started-at="2019-05-10T05:42:08Z" finished-at="2019-05-10T05:42:08Z">
          <reporter-output>
          </reporter-output>
        </test-method> <!-- testMultiProcessing -->
        <test-method status="PASS" signature="testMultiProcessing()[pri:0, instance:swisseph.TestMultithread@5f375618]" name="testMultiProcessing" duration-ms="30" started-at="2019-05-10T05:42:08Z" finished-at="2019-05-10T05:42:08Z">
          <reporter-output>
          </reporter-output>
        </test-method> <!-- testMultiProcessing -->
        <test-method status="FAIL" signature="testMultiProcessing()[pri:0, instance:swisseph.TestMultithread@5f375618]" name="testMultiProcessing" duration-ms="34" started-at="2019-05-10T05:42:08Z" finished-at="2019-05-10T05:42:08Z">
          <exception class="java.lang.NullPointerException">
            <full-stacktrace>
              <![CDATA[java.lang.NullPointerException
at swisseph.FileData.get_new_segment(FileData.java:772)
at swisseph.SwissEph.sweph(SwissEph.java:4323)
at swisseph.SwissEph.sweplan(SwissEph.java:3872)
at swisseph.SwissEph.sweph_moon(SwissEph.java:3481)
at swisseph.SwissEph.swecalc(SwissEph.java:2949)
at swisseph.SwissEph._calc(SwissEph.java:420)
at swisseph.SwissEph.swe_calc(SwissEph.java:318)
at swisseph.SweDate.setGlobalTidalAcc(SweDate.java:946)
at swisseph.SweDate.swi_set_tid_acc(SweDate.java:892)
at swisseph.SwissEph.swe_calc_ut(SwissEph.java:271)
at swisseph.TestMultithread.testMultiProcessing(TestMultithread.java:47)
at sun.reflect.GeneratedMethodAccessor1.invoke(Unknown Source)
at sun.reflect.DelegatingMethodAccessorImpl.invoke(DelegatingMethodAccessorImpl.java:43)
at java.lang.reflect.Method.invoke(Method.java:498)
at org.testng.internal.MethodInvocationHelper.invokeMethod(MethodInvocationHelper.java:124)
at org.testng.internal.InvokeMethodRunnable.runOne(InvokeMethodRunnable.java:54)
at org.testng.internal.InvokeMethodRunnable.run(InvokeMethodRunnable.java:44)
at org.testng.internal.MethodInvocationHelper.invokeWithTimeoutWithNoExecutor(MethodInvocationHelper.java:278)
at org.testng.internal.MethodInvocationHelper.invokeWithTimeout(MethodInvocationHelper.java:265)
at org.testng.internal.Invoker.invokeMethod(Invoker.java:589)
at org.testng.internal.Invoker.invokeTestMethod(Invoker.java:719)
at org.testng.internal.Invoker.invokeTestMethods(Invoker.java:989)
at org.testng.internal.TestMethodWorker.invokeTestMethods(TestMethodWorker.java:125)
at org.testng.internal.TestMethodWorker.run(TestMethodWorker.java:109)
at org.testng.internal.thread.ThreadUtil$1.call(ThreadUtil.java:52)
at java.util.concurrent.FutureTask.run(FutureTask.java:266)
at java.util.concurrent.ThreadPoolExecutor.runWorker(ThreadPoolExecutor.java:1149)
at java.util.concurrent.ThreadPoolExecutor$Worker.run(ThreadPoolExecutor.java:624)
at java.lang.Thread.run(Thread.java:748)
]]>
            </full-stacktrace>
          </exception> <!-- java.lang.NullPointerException -->
          <reporter-output>
          </reporter-output>
        </test-method> <!-- testMultiProcessing -->
        <test-method status="PASS" signature="testMultiProcessing()[pri:0, instance:swisseph.TestMultithread@5f375618]" name="testMultiProcessing" duration-ms="30" started-at="2019-05-10T05:42:08Z" finished-at="2019-05-10T05:42:08Z">
          <reporter-output>
          </reporter-output>
        </test-method> <!-- testMultiProcessing -->
        <test-method status="FAIL" signature="testMultiProcessing()[pri:0, instance:swisseph.TestMultithread@5f375618]" name="testMultiProcessing" duration-ms="2" started-at="2019-05-10T05:42:08Z" finished-at="2019-05-10T05:42:08Z">
          <exception class="java.lang.NullPointerException">
            <full-stacktrace>
              <![CDATA[java.lang.NullPointerException
at swisseph.FileData.get_new_segment(FileData.java:772)
at swisseph.SwissEph.sweph(SwissEph.java:4323)
at swisseph.SwissEph.sweplan(SwissEph.java:3872)
at swisseph.SwissEph.sweph_moon(SwissEph.java:3481)
at swisseph.SwissEph.swecalc(SwissEph.java:2949)
at swisseph.SwissEph._calc(SwissEph.java:420)
at swisseph.SwissEph.swe_calc(SwissEph.java:318)
at swisseph.SweDate.setGlobalTidalAcc(SweDate.java:946)
at swisseph.SweDate.swi_set_tid_acc(SweDate.java:892)
at swisseph.SwissEph.swe_calc_ut(SwissEph.java:271)
at swisseph.TestMultithread.testMultiProcessing(TestMultithread.java:47)
at sun.reflect.GeneratedMethodAccessor1.invoke(Unknown Source)
at sun.reflect.DelegatingMethodAccessorImpl.invoke(DelegatingMethodAccessorImpl.java:43)
at java.lang.reflect.Method.invoke(Method.java:498)
at org.testng.internal.MethodInvocationHelper.invokeMethod(MethodInvocationHelper.java:124)
at org.testng.internal.InvokeMethodRunnable.runOne(InvokeMethodRunnable.java:54)
at org.testng.internal.InvokeMethodRunnable.run(InvokeMethodRunnable.java:44)
at org.testng.internal.MethodInvocationHelper.invokeWithTimeoutWithNoExecutor(MethodInvocationHelper.java:278)
at org.testng.internal.MethodInvocationHelper.invokeWithTimeout(MethodInvocationHelper.java:265)
at org.testng.internal.Invoker.invokeMethod(Invoker.java:589)
at org.testng.internal.Invoker.invokeTestMethod(Invoker.java:719)
at org.testng.internal.Invoker.invokeTestMethods(Invoker.java:989)
at org.testng.internal.TestMethodWorker.invokeTestMethods(TestMethodWorker.java:125)
at org.testng.internal.TestMethodWorker.run(TestMethodWorker.java:109)
at org.testng.internal.thread.ThreadUtil$1.call(ThreadUtil.java:52)
at java.util.concurrent.FutureTask.run(FutureTask.java:266)
at java.util.concurrent.ThreadPoolExecutor.runWorker(ThreadPoolExecutor.java:1149)
at java.util.concurrent.ThreadPoolExecutor$Worker.run(ThreadPoolExecutor.java:624)
at java.lang.Thread.run(Thread.java:748)
]]>
            </full-stacktrace>
          </exception> <!-- java.lang.NullPointerException -->
          <reporter-output>
          </reporter-output>
        </test-method> <!-- testMultiProcessing -->
        <test-method status="PASS" signature="testMultiProcessing()[pri:0, instance:swisseph.TestMultithread@5f375618]" name="testMultiProcessing" duration-ms="5" started-at="2019-05-10T05:42:08Z" finished-at="2019-05-10T05:42:08Z">
          <reporter-output>
          </reporter-output>
        </test-method> <!-- testMultiProcessing -->
[...]
          <reporter-output>
          </reporter-output>
        </test-method> <!-- testMultiProcessing -->
        <test-method status="PASS" signature="testMultiProcessing()[pri:0, instance:swisseph.TestMultithread@5f375618]" name="testMultiProcessing" duration-ms="2" started-at="2019-05-10T05:42:09Z" finished-at="2019-05-10T05:42:09Z">
          <reporter-output>
          </reporter-output>
        </test-method> <!-- testMultiProcessing -->
        <test-method status="FAIL" signature="testMultiProcessing()[pri:0, instance:swisseph.TestMultithread@5f375618]" name="testMultiProcessing" duration-ms="1" started-at="2019-05-10T05:42:09Z" finished-at="2019-05-10T05:42:09Z">
          <exception class="java.lang.NullPointerException">
            <full-stacktrace>
              <![CDATA[java.lang.NullPointerException
at swisseph.FileData.get_new_segment(FileData.java:772)
at swisseph.SwissEph.sweph(SwissEph.java:4323)
at swisseph.SwissEph.sweplan(SwissEph.java:3872)
at swisseph.SwissEph.sweph_moon(SwissEph.java:3481)
at swisseph.SwissEph.swecalc(SwissEph.java:2949)
at swisseph.SwissEph._calc(SwissEph.java:420)
at swisseph.SwissEph.swe_calc(SwissEph.java:318)
at swisseph.SweDate.setGlobalTidalAcc(SweDate.java:946)
at swisseph.SweDate.swi_set_tid_acc(SweDate.java:892)
at swisseph.SwissEph.swe_calc_ut(SwissEph.java:271)
at swisseph.TestMultithread.testMultiProcessing(TestMultithread.java:47)
at sun.reflect.GeneratedMethodAccessor1.invoke(Unknown Source)
at sun.reflect.DelegatingMethodAccessorImpl.invoke(DelegatingMethodAccessorImpl.java:43)
at java.lang.reflect.Method.invoke(Method.java:498)
at org.testng.internal.MethodInvocationHelper.invokeMethod(MethodInvocationHelper.java:124)
at org.testng.internal.InvokeMethodRunnable.runOne(InvokeMethodRunnable.java:54)
at org.testng.internal.InvokeMethodRunnable.run(InvokeMethodRunnable.java:44)
at org.testng.internal.MethodInvocationHelper.invokeWithTimeoutWithNoExecutor(MethodInvocationHelper.java:278)
at org.testng.internal.MethodInvocationHelper.invokeWithTimeout(MethodInvocationHelper.java:265)
at org.testng.internal.Invoker.invokeMethod(Invoker.java:589)
at org.testng.internal.Invoker.invokeTestMethod(Invoker.java:719)
at org.testng.internal.Invoker.invokeTestMethods(Invoker.java:989)
at org.testng.internal.TestMethodWorker.invokeTestMethods(TestMethodWorker.java:125)
at org.testng.internal.TestMethodWorker.run(TestMethodWorker.java:109)
at org.testng.internal.thread.ThreadUtil$1.call(ThreadUtil.java:52)
at java.util.concurrent.FutureTask.run(FutureTask.java:266)
at java.util.concurrent.ThreadPoolExecutor.runWorker(ThreadPoolExecutor.java:1149)
at java.util.concurrent.ThreadPoolExecutor$Worker.run(ThreadPoolExecutor.java:624)
at java.lang.Thread.run(Thread.java:748)
]]>
            </full-stacktrace>
          </exception> <!-- java.lang.NullPointerException -->
          <reporter-output>
          </reporter-output>
        </test-method> <!-- testMultiProcessing -->
        <test-method status="PASS" signature="testMultiProcessing()[pri:0, instance:swisseph.TestMultithread@5f375618]" name="testMultiProcessing" duration-ms="26" started-at="2019-05-10T05:42:09Z" finished-at="2019-05-10T05:42:09Z">
          <reporter-output>
          </reporter-output>
        </test-method> <!-- testMultiProcessing -->
        <test-method status="FAIL" signature="testMultiProcessing()[pri:0, instance:swisseph.TestMultithread@5f375618]" name="testMultiProcessing" duration-ms="1" started-at="2019-05-10T05:42:09Z" finished-at="2019-05-10T05:42:09Z">
          <exception class="java.lang.NullPointerException">
            <full-stacktrace>
              <![CDATA[java.lang.NullPointerException
at swisseph.FileData.get_new_segment(FileData.java:772)
at swisseph.SwissEph.sweph(SwissEph.java:4323)
at swisseph.SwissEph.sweplan(SwissEph.java:3872)
at swisseph.SwissEph.sweph_moon(SwissEph.java:3481)
at swisseph.SwissEph.swecalc(SwissEph.java:2949)
at swisseph.SwissEph._calc(SwissEph.java:420)
at swisseph.SwissEph.swe_calc(SwissEph.java:318)
at swisseph.SweDate.setGlobalTidalAcc(SweDate.java:946)
at swisseph.SweDate.swi_set_tid_acc(SweDate.java:892)
at swisseph.SwissEph.swe_calc_ut(SwissEph.java:271)
at swisseph.TestMultithread.testMultiProcessing(TestMultithread.java:47)
at sun.reflect.GeneratedMethodAccessor1.invoke(Unknown Source)
at sun.reflect.DelegatingMethodAccessorImpl.invoke(DelegatingMethodAccessorImpl.java:43)
at java.lang.reflect.Method.invoke(Method.java:498)
at org.testng.internal.MethodInvocationHelper.invokeMethod(MethodInvocationHelper.java:124)
at org.testng.internal.InvokeMethodRunnable.runOne(InvokeMethodRunnable.java:54)
at org.testng.internal.InvokeMethodRunnable.run(InvokeMethodRunnable.java:44)
at org.testng.internal.MethodInvocationHelper.invokeWithTimeoutWithNoExecutor(MethodInvocationHelper.java:278)
at org.testng.internal.MethodInvocationHelper.invokeWithTimeout(MethodInvocationHelper.java:265)
at org.testng.internal.Invoker.invokeMethod(Invoker.java:589)
at org.testng.internal.Invoker.invokeTestMethod(Invoker.java:719)
at org.testng.internal.Invoker.invokeTestMethods(Invoker.java:989)
at org.testng.internal.TestMethodWorker.invokeTestMethods(TestMethodWorker.java:125)
at org.testng.internal.TestMethodWorker.run(TestMethodWorker.java:109)
at org.testng.internal.thread.ThreadUtil$1.call(ThreadUtil.java:52)
at java.util.concurrent.FutureTask.run(FutureTask.java:266)
at java.util.concurrent.ThreadPoolExecutor.runWorker(ThreadPoolExecutor.java:1149)
at java.util.concurrent.ThreadPoolExecutor$Worker.run(ThreadPoolExecutor.java:624)
at java.lang.Thread.run(Thread.java:748)
]]>
            </full-stacktrace>
          </exception> <!-- java.lang.NullPointerException -->
          <reporter-output>
          </reporter-output>
        </test-method> <!-- testMultiProcessing -->
        <test-method status="PASS" signature="testMultiProcessing()[pri:0, instance:swisseph.TestMultithread@5f375618]" name="testMultiProcessing" duration-ms="0" started-at="2019-05-10T05:42:09Z" finished-at="2019-05-10T05:42:09Z">
          <reporter-output>
          </reporter-output>
        </test-method> <!-- testMultiProcessing -->
        <test-method status="PASS" signature="testMultiProcessing()[pri:0, instance:swisseph.TestMultithread@5f375618]" name="testMultiProcessing" duration-ms="0" started-at="2019-05-10T05:42:09Z" finished-at="2019-05-10T05:42:09Z">
          <reporter-output>
          </reporter-output>
        </test-method> <!-- testMultiProcessing -->
        <test-method status="PASS" signature="testMultiProcessing()[pri:0, instance:swisseph.TestMultithread@5f375618]" name="testMultiProcessing" duration-ms="2" started-at="2019-05-10T05:42:09Z" finished-at="2019-05-10T05:42:09Z">
          <reporter-output>
          </reporter-output>
        </test-method> <!-- testMultiProcessing -->
        <test-method status="FAIL" signature="testMultiProcessing()[pri:0, instance:swisseph.TestMultithread@5f375618]" name="testMultiProcessing" duration-ms="3" started-at="2019-05-10T05:42:09Z" finished-at="2019-05-10T05:42:09Z">
          <exception class="java.lang.NullPointerException">
            <full-stacktrace>
              <![CDATA[java.lang.NullPointerException
at swisseph.FileData.get_new_segment(FileData.java:772)
at swisseph.SwissEph.sweph(SwissEph.java:4323)
at swisseph.SwissEph.sweplan(SwissEph.java:3872)
at swisseph.SwissEph.sweph_moon(SwissEph.java:3481)
at swisseph.SwissEph.swecalc(SwissEph.java:2949)
at swisseph.SwissEph._calc(SwissEph.java:420)
at swisseph.SwissEph.swe_calc(SwissEph.java:318)
at swisseph.SweDate.setGlobalTidalAcc(SweDate.java:946)
at swisseph.SweDate.swi_set_tid_acc(SweDate.java:892)
at swisseph.SwissEph.swe_calc_ut(SwissEph.java:271)
at swisseph.TestMultithread.testMultiProcessing(TestMultithread.java:47)
at sun.reflect.GeneratedMethodAccessor1.invoke(Unknown Source)
at sun.reflect.DelegatingMethodAccessorImpl.invoke(DelegatingMethodAccessorImpl.java:43)
at java.lang.reflect.Method.invoke(Method.java:498)
at org.testng.internal.MethodInvocationHelper.invokeMethod(MethodInvocationHelper.java:124)
at org.testng.internal.InvokeMethodRunnable.runOne(InvokeMethodRunnable.java:54)
at org.testng.internal.InvokeMethodRunnable.run(InvokeMethodRunnable.java:44)
at org.testng.internal.MethodInvocationHelper.invokeWithTimeoutWithNoExecutor(MethodInvocationHelper.java:278)
at org.testng.internal.MethodInvocationHelper.invokeWithTimeout(MethodInvocationHelper.java:265)
at org.testng.internal.Invoker.invokeMethod(Invoker.java:589)
at org.testng.internal.Invoker.invokeTestMethod(Invoker.java:719)
at org.testng.internal.Invoker.invokeTestMethods(Invoker.java:989)
at org.testng.internal.TestMethodWorker.invokeTestMethods(TestMethodWorker.java:125)
at org.testng.internal.TestMethodWorker.run(TestMethodWorker.java:109)
at org.testng.internal.thread.ThreadUtil$1.call(ThreadUtil.java:52)
at java.util.concurrent.FutureTask.run(FutureTask.java:266)
at java.util.concurrent.ThreadPoolExecutor.runWorker(ThreadPoolExecutor.java:1149)
at java.util.concurrent.ThreadPoolExecutor$Worker.run(ThreadPoolExecutor.java:624)
at java.lang.Thread.run(Thread.java:748)
]]>
            </full-stacktrace>
          </exception> <!-- java.lang.NullPointerException -->
          <reporter-output>
          </reporter-output>
        </test-method> <!-- testMultiProcessing -->
        <test-method status="PASS" signature="testMultiProcessing()[pri:0, instance:swisseph.TestMultithread@5f375618]" name="testMultiProcessing" duration-ms="1" started-at="2019-05-10T05:42:09Z" finished-at="2019-05-10T05:42:09Z">
          <reporter-output>
          </reporter-output>
        </test-method> <!-- testMultiProcessing -->
        <test-method status="PASS" signature="testMultiProcessing()[pri:0, instance:swisseph.TestMultithread@5f375618]" name="testMultiProcessing" duration-ms="1" started-at="2019-05-10T05:42:09Z" finished-at="2019-05-10T05:42:09Z">
          <reporter-output>
          </reporter-output>
        </test-method> <!-- testMultiProcessing -->
        <test-method status="PASS" signature="testMultiProcessing()[pri:0, instance:swisseph.TestMultithread@5f375618]" name="testMultiProcessing" duration-ms="15" started-at="2019-05-10T05:42:09Z" finished-at="2019-05-10T05:42:09Z">
          <reporter-output>
          </reporter-output>
        </test-method> <!-- testMultiProcessing -->
        <test-method status="PASS" signature="testMultiProcessing()[pri:0, instance:swisseph.TestMultithread@5f375618]" name="testMultiProcessing" duration-ms="1" started-at="2019-05-10T05:42:09Z" finished-at="2019-05-10T05:42:09Z">
          <reporter-output>
          </reporter-output>
        </test-method> <!-- testMultiProcessing -->
        <test-method status="FAIL" signature="testMultiProcessing()[pri:0, instance:swisseph.TestMultithread@5f375618]" name="testMultiProcessing" duration-ms="2" started-at="2019-05-10T05:42:09Z" finished-at="2019-05-10T05:42:09Z">
          <exception class="java.lang.NullPointerException">
            <full-stacktrace>
              <![CDATA[java.lang.NullPointerException
at swisseph.FileData.get_new_segment(FileData.java:772)
at swisseph.SwissEph.sweph(SwissEph.java:4323)
at swisseph.SwissEph.sweplan(SwissEph.java:3872)
at swisseph.SwissEph.sweph_moon(SwissEph.java:3481)
at swisseph.SwissEph.swecalc(SwissEph.java:2949)
at swisseph.SwissEph._calc(SwissEph.java:420)
at swisseph.SwissEph.swe_calc(SwissEph.java:318)
at swisseph.SwissEph.swe_set_ephe_path(SwissEph.java:653)
at swisseph.SwissEph.<init>(SwissEph.java:167)
at swisseph.TestMultithread.testMultiProcessing(TestMultithread.java:36)
at sun.reflect.GeneratedMethodAccessor1.invoke(Unknown Source)
at sun.reflect.DelegatingMethodAccessorImpl.invoke(DelegatingMethodAccessorImpl.java:43)
at java.lang.reflect.Method.invoke(Method.java:498)
at org.testng.internal.MethodInvocationHelper.invokeMethod(MethodInvocationHelper.java:124)
at org.testng.internal.InvokeMethodRunnable.runOne(InvokeMethodRunnable.java:54)
at org.testng.internal.InvokeMethodRunnable.run(InvokeMethodRunnable.java:44)
at org.testng.internal.MethodInvocationHelper.invokeWithTimeoutWithNoExecutor(MethodInvocationHelper.java:278)
at org.testng.internal.MethodInvocationHelper.invokeWithTimeout(MethodInvocationHelper.java:265)
at org.testng.internal.Invoker.invokeMethod(Invoker.java:589)
at org.testng.internal.Invoker.invokeTestMethod(Invoker.java:719)
at org.testng.internal.Invoker.invokeTestMethods(Invoker.java:989)
at org.testng.internal.TestMethodWorker.invokeTestMethods(TestMethodWorker.java:125)
at org.testng.internal.TestMethodWorker.run(TestMethodWorker.java:109)
at org.testng.internal.thread.ThreadUtil$1.call(ThreadUtil.java:52)
at java.util.concurrent.FutureTask.run(FutureTask.java:266)
at java.util.concurrent.ThreadPoolExecutor.runWorker(ThreadPoolExecutor.java:1149)
at java.util.concurrent.ThreadPoolExecutor$Worker.run(ThreadPoolExecutor.java:624)
at java.lang.Thread.run(Thread.java:748)
]]>
            </full-stacktrace>
          </exception> <!-- java.lang.NullPointerException -->
          <reporter-output>
          </reporter-output>
        </test-method> <!-- testMultiProcessing -->
        <test-method status="PASS" signature="testMultiProcessing()[pri:0, instance:swisseph.TestMultithread@5f375618]" name="testMultiProcessing" duration-ms="15" started-at="2019-05-10T05:42:09Z" finished-at="2019-05-10T05:42:09Z">
          <reporter-output>
          </reporter-output>
        </test-method> <!-- testMultiProcessing -->
        <test-method status="PASS" signature="testMultiProcessing()[pri:0, instance:swisseph.TestMultithread@5f375618]" name="testMultiProcessing" duration-ms="18" started-at="2019-05-10T05:42:09Z" finished-at="2019-05-10T05:42:09Z">
          <reporter-output>
          </reporter-output>
        </test-method> <!-- testMultiProcessing -->
        <test-method status="FAIL" signature="testMultiProcessing()[pri:0, instance:swisseph.TestMultithread@5f375618]" name="testMultiProcessing" duration-ms="2" started-at="2019-05-10T05:42:09Z" finished-at="2019-05-10T05:42:09Z">
          <exception class="java.lang.NullPointerException">
            <full-stacktrace>
              <![CDATA[java.lang.NullPointerException
at swisseph.FileData.get_new_segment(FileData.java:772)
at swisseph.SwissEph.sweph(SwissEph.java:4323)
at swisseph.SwissEph.sweplan(SwissEph.java:3872)
at swisseph.SwissEph.sweph_moon(SwissEph.java:3481)
at swisseph.SwissEph.swecalc(SwissEph.java:2949)
at swisseph.SwissEph._calc(SwissEph.java:420)
at swisseph.SwissEph.swe_calc(SwissEph.java:318)
at swisseph.SweDate.setGlobalTidalAcc(SweDate.java:946)
at swisseph.SweDate.swi_set_tid_acc(SweDate.java:892)
at swisseph.SwissEph.swe_calc_ut(SwissEph.java:271)
at swisseph.TestMultithread.testMultiProcessing(TestMultithread.java:47)
at sun.reflect.GeneratedMethodAccessor1.invoke(Unknown Source)
at sun.reflect.DelegatingMethodAccessorImpl.invoke(DelegatingMethodAccessorImpl.java:43)
at java.lang.reflect.Method.invoke(Method.java:498)
at org.testng.internal.MethodInvocationHelper.invokeMethod(MethodInvocationHelper.java:124)
at org.testng.internal.InvokeMethodRunnable.runOne(InvokeMethodRunnable.java:54)
at org.testng.internal.InvokeMethodRunnable.run(InvokeMethodRunnable.java:44)
at org.testng.internal.MethodInvocationHelper.invokeWithTimeoutWithNoExecutor(MethodInvocationHelper.java:278)
at org.testng.internal.MethodInvocationHelper.invokeWithTimeout(MethodInvocationHelper.java:265)
at org.testng.internal.Invoker.invokeMethod(Invoker.java:589)
at org.testng.internal.Invoker.invokeTestMethod(Invoker.java:719)
at org.testng.internal.Invoker.invokeTestMethods(Invoker.java:989)
at org.testng.internal.TestMethodWorker.invokeTestMethods(TestMethodWorker.java:125)
at org.testng.internal.TestMethodWorker.run(TestMethodWorker.java:109)
at org.testng.internal.thread.ThreadUtil$1.call(ThreadUtil.java:52)
at java.util.concurrent.FutureTask.run(FutureTask.java:266)
at java.util.concurrent.ThreadPoolExecutor.runWorker(ThreadPoolExecutor.java:1149)
at java.util.concurrent.ThreadPoolExecutor$Worker.run(ThreadPoolExecutor.java:624)
at java.lang.Thread.run(Thread.java:748)
]]>
            </full-stacktrace>
          </exception> <!-- java.lang.NullPointerException -->
          <reporter-output>
          </reporter-output>
        </test-method> <!-- testMultiProcessing -->
        <test-method status="PASS" signature="testMultiProcessing()[pri:0, instance:swisseph.TestMultithread@5f375618]" name="testMultiProcessing" duration-ms="1" started-at="2019-05-10T05:42:09Z" finished-at="2019-05-10T05:42:09Z">
          <reporter-output>
          </reporter-output>
        </test-method> <!-- testMultiProcessing -->
        <test-method status="PASS" signature="testMultiProcessing()[pri:0, instance:swisseph.TestMultithread@5f375618]" name="testMultiProcessing" duration-ms="1" started-at="2019-05-10T05:42:09Z" finished-at="2019-05-10T05:42:09Z">
          <reporter-output>
          </reporter-output>
        </test-method> <!-- testMultiProcessing -->
        <test-method status="PASS" signature="testMultiProcessing()[pri:0, instance:swisseph.TestMultithread@5f375618]" name="testMultiProcessing" duration-ms="1" started-at="2019-05-10T05:42:09Z" finished-at="2019-05-10T05:42:09Z">
          <reporter-output>
          </reporter-output>
        </test-method> <!-- testMultiProcessing -->
        <test-method status="PASS" signature="testMultiProcessing()[pri:0, instance:swisseph.TestMultithread@5f375618]" name="testMultiProcessing" duration-ms="1" started-at="2019-05-10T05:42:09Z" finished-at="2019-05-10T05:42:09Z">
          <reporter-output>
          </reporter-output>
        </test-method> <!-- testMultiProcessing -->
        <test-method status="PASS" signature="testMultiProcessing()[pri:0, instance:swisseph.TestMultithread@5f375618]" name="testMultiProcessing" duration-ms="1" started-at="2019-05-10T05:42:09Z" finished-at="2019-05-10T05:42:09Z">
          <reporter-output>
          </reporter-output>
        </test-method> <!-- testMultiProcessing -->
        <test-method status="PASS" signature="testMultiProcessing()[pri:0, instance:swisseph.TestMultithread@5f375618]" name="testMultiProcessing" duration-ms="3" started-at="2019-05-10T05:42:09Z" finished-at="2019-05-10T05:42:09Z">
          <reporter-output>
          </reporter-output>
        </test-method> <!-- testMultiProcessing -->
        <test-method status="PASS" signature="testMultiProcessing()[pri:0, instance:swisseph.TestMultithread@5f375618]" name="testMultiProcessing" duration-ms="1" started-at="2019-05-10T05:42:09Z" finished-at="2019-05-10T05:42:09Z">
          <reporter-output>
          </reporter-output>
        </test-method> <!-- testMultiProcessing -->
        <test-method status="PASS" signature="testMultiProcessing()[pri:0, instance:swisseph.TestMultithread@5f375618]" name="testMultiProcessing" duration-ms="3" started-at="2019-05-10T05:42:09Z" finished-at="2019-05-10T05:42:09Z">
          <reporter-output>
          </reporter-output>
        </test-method> <!-- testMultiProcessing -->
        <test-method status="PASS" signature="testMultiProcessing()[pri:0, instance:swisseph.TestMultithread@5f375618]" name="testMultiProcessing" duration-ms="6" started-at="2019-05-10T05:42:09Z" finished-at="2019-05-10T05:42:09Z">
          <reporter-output>
          </reporter-output>
        </test-method> <!-- testMultiProcessing -->
        <test-method status="PASS" signature="testMultiProcessing()[pri:0, instance:swisseph.TestMultithread@5f375618]" name="testMultiProcessing" duration-ms="0" started-at="2019-05-10T05:42:09Z" finished-at="2019-05-10T05:42:09Z">
          <reporter-output>
          </reporter-output>
        </test-method> <!-- testMultiProcessing -->
      </class> <!-- swisseph.TestMultithread -->
    </test> <!-- Default test -->
  </suite> <!-- Default suite -->
</testng-results>
